2026-07-14 02:14:50,291 | INFO | __main__ | Starting Goblin! | run_id=run_20260714T021450_246323Z | broker=etoro_demo | strategy_profile=balanced | watchlist=['BTC', 'ETH', 'SOL', 'XRP', 'ADA', 'DOGE', 'AVAX', 'LINK', 'DOT', 'LTC', 'BCH', 'XLM', 'ETC', 'UNI', 'AAVE', 'ATOM', 'ALGO', 'NEAR', 'FIL', 'AC.PA', 'AI.PA', 'AIR.PA', 'ALO.PA', 'CS.PA', 'BNP.PA', 'CAP.PA', 'ACA.PA', 'DSY.PA', 'EDEN.PA', 'EL.PA', 'RMS.PA', 'KER.PA', 'OR.PA', 'LR.PA', 'MC.PA', 'ML.PA', 'RI.PA', 'PUB.PA', 'RNO.PA', 'SAF.PA', 'SGO.PA', 'SAN.PA', 'SU.PA', 'GLE.PA', 'WLN.PA', 'HO.PA', 'TTE.PA', 'URW.PA', 'DG.PA', 'ADS.DE', 'ALV.DE', 'BAS.DE', 'BAYN.DE', 'BMW.DE', 'CBK.DE', 'CON.DE', 'DBK.DE', 'DB1.DE', 'EOAN.DE', 'HEI.DE', 'IFX.DE', 'MBG.DE', 'MUV2.DE', 'RWE.DE', 'SAP.DE', 'SIE.DE', 'VOW3.DE', 'BBVA.MC', 'CABK.MC', 'CLNX.MC', 'IBE.MC', 'ITX.MC', 'REP.MC', 'SAN.MC', 'TEF.MC', 'ENEL.MI', 'ENI.MI', 'ISP.MI', 'UCG.MI', 'AAPL', 'MSFT', 'NVDA', 'AMZN', 'META', 'GOOGL', 'TSLA', 'AVGO', 'AMD', 'NFLX', 'ADBE', 'CRM', 'ORCL', 'AMAT', 'INTC', 'QCOM', 'MU', 'LRCX', 'TXN', 'PLTR', 'UBER', 'NOW', 'LLY', 'COF', 'AXP', 'GS', 'JPM', 'BAC', 'CAT', 'DE', 'FDX', 'UPS', 'GE', 'GEV', 'HON', 'BA', 'NKE', 'SBUX', 'BKNG', 'BLK', 'GILD', 'MRK', 'DHR', 'TMO', 'ACN', 'INTU', 'COP', 'XOM', 'RTX', 'TMUS', 'WFC', 'SCHW', 'AMGN', 'DIS', 'PEP'] | journal_detail=normal
2026-07-14 02:14:50,323 | INFO | app.runtime.position_lifecycle | No persisted open positions to restore
2026-07-14 02:14:51,048 | INFO | app.brokers.etoro.etoro_client | Selected eToro instrument | symbol=BTC | instrument_id=100000
2026-07-14 02:14:51,331 | INFO | app.brokers.etoro.etoro_client | Selected eToro instrument | symbol=ETH | instrument_id=100001
2026-07-14 02:14:51,492 | INFO | app.brokers.etoro.etoro_client | Selected eToro instrument | symbol=SOL | instrument_id=100063
2026-07-14 02:14:51,687 | INFO | app.brokers.etoro.etoro_client | Selected eToro instrument | symbol=XRP | instrument_id=100003
2026-07-14 02:14:51,860 | INFO | app.brokers.etoro.etoro_client | Selected eToro instrument | symbol=ADA | instrument_id=100017
2026-07-14 02:14:51,995 | INFO | app.brokers.etoro.etoro_client | Selected eToro instrument | symbol=DOGE | instrument_id=100043
2026-07-14 02:14:52,109 | INFO | app.brokers.etoro.etoro_client | Selected eToro instrument | symbol=AVAX | instrument_id=100085
2026-07-14 02:14:52,245 | INFO | app.brokers.etoro.etoro_client | Selected eToro instrument | symbol=LINK | instrument_id=100040
2026-07-14 02:14:52,385 | INFO | app.brokers.etoro.etoro_client | Selected eToro instrument | symbol=DOT | instrument_id=100037
2026-07-14 02:14:52,655 | INFO | app.brokers.etoro.etoro_client | Selected eToro instrument | symbol=LTC | instrument_id=100005
2026-07-14 02:14:53,025 | INFO | app.brokers.etoro.etoro_client | Selected eToro instrument | symbol=BCH | instrument_id=100002
2026-07-14 02:14:53,212 | INFO | app.brokers.etoro.etoro_client | Selected eToro instrument | symbol=XLM | instrument_id=100020
2026-07-14 02:14:53,375 | INFO | app.brokers.etoro.etoro_client | Selected eToro instrument | symbol=ETC | instrument_id=100007
2026-07-14 02:14:53,552 | INFO | app.brokers.etoro.etoro_client | Selected eToro instrument | symbol=UNI | instrument_id=100041
2026-07-14 02:14:53,685 | INFO | app.brokers.etoro.etoro_client | Selected eToro instrument | symbol=AAVE | instrument_id=100044
2026-07-14 02:14:53,814 | INFO | app.brokers.etoro.etoro_client | Selected eToro instrument | symbol=ATOM | instrument_id=100047
2026-07-14 02:14:53,952 | INFO | app.brokers.etoro.etoro_client | Selected eToro instrument | symbol=ALGO | instrument_id=100046
2026-07-14 02:14:54,094 | INFO | app.brokers.etoro.etoro_client | Selected eToro instrument | symbol=NEAR | instrument_id=100337
2026-07-14 02:14:54,361 | INFO | app.brokers.etoro.etoro_client | Selected eToro instrument | symbol=FIL | instrument_id=100045
2026-07-14 02:14:54,850 | INFO | app.brokers.etoro.etoro_client | Selected eToro instrument | symbol=CRYPTO10 | instrument_id=624
2026-07-14 02:19:54,051 | INFO | __main__ | Runtime heartbeat | active_symbols=19 | snapshots=570 | candles=95 | candidates=0 | orders=0 | open_positions=0 | errors=0
2026-07-14 02:25:03,745 | INFO | __main__ | Runtime heartbeat | active_symbols=19 | snapshots=1140 | candles=209 | candidates=0 | orders=0 | open_positions=0 | errors=0
2026-07-14 02:30:13,920 | INFO | __main__ | Runtime heartbeat | active_symbols=19 | snapshots=1710 | candles=304 | candidates=0 | orders=0 | open_positions=0 | errors=0
2026-07-14 02:35:23,846 | INFO | __main__ | Runtime heartbeat | active_symbols=19 | snapshots=2280 | candles=399 | candidates=0 | orders=0 | open_positions=0 | errors=0
2026-07-14 02:40:25,056 | INFO | __main__ | Runtime heartbeat | active_symbols=19 | snapshots=2831 | candles=494 | candidates=0 | orders=0 | open_positions=0 | errors=0
