========================================================== 
DEBUG RUN - 07/07/2026 23:47:05,05 
========================================================== 

==========================================================
[07/07/2026 23:47:05,11] Starting logs archive job
==========================================================
Moving logs from "C:\Projects\earendil\data\logs" to "C:\Projects\goblin-logs\2026-07-07"

-------------------------------------------------------------------------------
   ROBOCOPY   ::   Copie de fichiers robuste pour Windows     
-------------------------------------------------------------------------------

  Début : mardi 7 juillet 2026 23:47:05
   Source : C:\Projects\earendil\data\logs\
     Dest : C:\Projects\goblin-logs\2026-07-07\

    Fichiers : *.*
	    
  Options : *.* /DCOPY:DA /COPY:DAT /MOV /NP /R:2 /W:5 

-------------------------------------------------------------------------------

	                   0	C:\Projects\earendil\data\logs\
	  *Fichier SUPPL.		   7.0 m	candles.jsonl
	  *Fichier SUPPL.		  973679	earendil.log
	  *Fichier SUPPL.		   9.9 m	earendil.log.1
	  *Fichier SUPPL.		  27.6 m	market.jsonl
	  *Fichier SUPPL.		 221.2 m	trades.jsonl

-------------------------------------------------------------------------------

               Total     Copié    IgnoréDiscordance     ÉCHEC    Extras
     Rép :         1         0         1         0         0         0
Fichiers :         0         0         0         0         0         5
  Octets :         0         0         0         0         0  266.89 m
   Heures:   0:00:00   0:00:00                       0:00:00   0:00:00
   Fin : mardi 7 juillet 2026 23:47:05

Splitting large files over 80 MB in "C:\Projects\goblin-logs\2026-07-07"...
^ : Le terme «^» n'est pas reconnu comme nom d'applet de commande, fonction, fichier de script ou programme 
exécutable. Vérifiez l'orthographe du nom, ou si un chemin d'accŖs existe, vérifiez que le chemin d'accŖs est correct 
et réessayez.
Au caractŖre Ligne:1 : 34
+ $ErrorActionPreference = 'Stop'; ^
+                                  ~
    + CategoryInfo          : ObjectNotFound: (^:String) [], ParentContainsErrorRecordException
    + FullyQualifiedErrorId : CommandNotFoundException
 
La syntaxe du nom de fichier, de répertoire ou de volume est incorrecte.
'"$encoding = New-Object System.Text.UTF8Encoding($false);"' n'est pas reconnu en tant que commande interne
ou externe, un programme exécutable ou un fichier de commandes.
========================================================== 
DEBUG RUN - 07/07/2026 23:49:29,58 
========================================================== 

==========================================================
[07/07/2026 23:49:29,65] Starting logs archive job
==========================================================
ERROR: SPLIT_SCRIPT does not exist: "C:\Projects\goblin-logs\split_large_logs.ps1"
Waiting 3600 seconds before next run...
^C========================================================== 
DEBUG RUN - 07/07/2026 23:51:11,52 
========================================================== 

==========================================================
[07/07/2026 23:51:11,59] Starting logs archive job
==========================================================
Moving logs from "C:\Projects\earendil\data\logs" to "C:\Projects\goblin-logs\2026-07-07"

-------------------------------------------------------------------------------
   ROBOCOPY   ::   Copie de fichiers robuste pour Windows     
-------------------------------------------------------------------------------

  Début : mardi 7 juillet 2026 23:51:12
   Source : C:\Projects\earendil\data\logs\
     Dest : C:\Projects\goblin-logs\2026-07-07\

    Fichiers : *.*
	    
  Options : *.* /DCOPY:DA /COPY:DAT /MOV /NP /R:2 /W:5 

-------------------------------------------------------------------------------

	                   0	C:\Projects\earendil\data\logs\
	  *Fichier SUPPL.		   7.0 m	candles.jsonl
	  *Fichier SUPPL.		  973679	earendil.log
	  *Fichier SUPPL.		   9.9 m	earendil.log.1
	  *Fichier SUPPL.		  27.6 m	market.jsonl
	  *Fichier SUPPL.		 221.2 m	trades.jsonl

-------------------------------------------------------------------------------

               Total     Copié    IgnoréDiscordance     ÉCHEC    Extras
     Rép :         1         0         1         0         0         0
Fichiers :         0         0         0         0         0         5
  Octets :         0         0         0         0         0  266.89 m
   Heures:   0:00:00   0:00:00                       0:00:00   0:00:00
   Fin : mardi 7 juillet 2026 23:51:12

Splitting large files over 80 MB in "C:\Projects\goblin-logs\2026-07-07"...
Splitting large file: C:\Projects\goblin-logs\2026-07-07\trades.jsonl size=232014170
Split failed: at least one part is still too large for C:\Projects\goblin-logs\2026-07-07\trades.jsonl
Au caractŖre C:\Projects\goblin-logs\split_large_logs.ps1:64 : 9
+         throw "Split failed: at least one part is still too large for ...
+         ~~~~~~~~~~~~~~~~~~~~~~~~~~~~~~~~~~~~~~~~~~~~~~~~~~~~~~~~~~~~~
    + CategoryInfo          : OperationStopped: (Split failed: a...07\trades.jsonl:String) [], RuntimeException
    + FullyQualifiedErrorId : Split failed: at least one part is still too large for C:\Projects\goblin-logs\2026-07-0 
   7\trades.jsonl
 
ERROR: large file splitting failed.
Waiting 3600 seconds before next run...
^C