2026-07-20 23:11:48,407 | INFO | app.brokers.etoro.market_data_client | Loaded eToro instrument cache | path=data/etoro_instrument_ids.json | instruments=117
2026-07-20 23:11:48,432 | INFO | __main__ | Starting Goblin! | run_id=run_20260720T231148_374927Z | broker=etoro_demo | market_data=auto | strategy_profile=balanced | watchlist=['BTC', 'ETH', 'SOL', 'XRP', 'ADA', 'DOGE', 'AVAX', 'LINK', 'DOT', 'LTC', 'BCH', 'XLM', 'ETC', 'UNI', 'AAVE', 'ATOM', 'ALGO', 'NEAR'] | run_logs=data/logs/runs/run_20260720T231148_374927Z
2026-07-20 23:11:48,433 | INFO | app.runtime.startup_position_restore | No persisted open positions to restore
2026-07-20 23:11:49,054 | INFO | app.brokers.etoro.etoro_client | Selected eToro instrument | symbol=BTC | instrument_id=100000
2026-07-20 23:11:50,514 | INFO | app.brokers.etoro.etoro_client | Selected eToro instrument | symbol=ETH | instrument_id=100001
2026-07-20 23:11:51,818 | INFO | app.brokers.etoro.etoro_client | Selected eToro instrument | symbol=SOL | instrument_id=100063
2026-07-20 23:11:53,031 | INFO | app.brokers.etoro.etoro_client | Selected eToro instrument | symbol=XRP | instrument_id=100003
2026-07-20 23:11:54,394 | INFO | app.brokers.etoro.etoro_client | Selected eToro instrument | symbol=ADA | instrument_id=100017
2026-07-20 23:11:55,575 | INFO | app.brokers.etoro.etoro_client | Selected eToro instrument | symbol=DOGE | instrument_id=100043
2026-07-20 23:11:56,845 | INFO | app.brokers.etoro.etoro_client | Selected eToro instrument | symbol=AVAX | instrument_id=100085
2026-07-20 23:11:58,324 | INFO | app.brokers.etoro.etoro_client | Selected eToro instrument | symbol=LINK | instrument_id=100040
2026-07-20 23:11:59,551 | INFO | app.brokers.etoro.etoro_client | Selected eToro instrument | symbol=DOT | instrument_id=100037
2026-07-20 23:12:00,793 | INFO | app.brokers.etoro.etoro_client | Selected eToro instrument | symbol=LTC | instrument_id=100005
2026-07-20 23:12:02,012 | INFO | app.brokers.etoro.etoro_client | Selected eToro instrument | symbol=BCH | instrument_id=100002
2026-07-20 23:12:03,269 | INFO | app.brokers.etoro.etoro_client | Selected eToro instrument | symbol=XLM | instrument_id=100020
2026-07-20 23:12:04,486 | INFO | app.brokers.etoro.etoro_client | Selected eToro instrument | symbol=ETC | instrument_id=100007
2026-07-20 23:12:05,710 | INFO | app.brokers.etoro.etoro_client | Selected eToro instrument | symbol=UNI | instrument_id=100041
2026-07-20 23:12:07,043 | INFO | app.brokers.etoro.etoro_client | Selected eToro instrument | symbol=AAVE | instrument_id=100044
2026-07-20 23:12:08,226 | INFO | app.brokers.etoro.etoro_client | Selected eToro instrument | symbol=ATOM | instrument_id=100047
2026-07-20 23:12:09,400 | INFO | app.brokers.etoro.etoro_client | Selected eToro instrument | symbol=ALGO | instrument_id=100046
2026-07-20 23:12:10,853 | INFO | app.brokers.etoro.etoro_client | Selected eToro instrument | symbol=NEAR | instrument_id=100337
2026-07-20 23:12:12,080 | INFO | app.brokers.etoro.etoro_client | Selected eToro instrument | symbol=CRYPTO10 | instrument_id=624
2026-07-20 23:16:48,437 | INFO | app.runtime.market_data_runtime | Runtime heartbeat | active_symbols=18 | snapshots=1418 | candles=72 | candidates=0 | orders=0 | open_positions=0 | errors=0
2026-07-20 23:21:48,476 | INFO | app.runtime.market_data_runtime | Runtime heartbeat | active_symbols=18 | snapshots=2999 | candles=162 | candidates=0 | orders=0 | open_positions=0 | errors=0
2026-07-20 23:26:48,570 | INFO | app.runtime.market_data_runtime | Runtime heartbeat | active_symbols=18 | snapshots=4267 | candles=252 | candidates=0 | orders=0 | open_positions=0 | errors=0
2026-07-20 23:31:48,590 | INFO | app.runtime.market_data_runtime | Runtime heartbeat | active_symbols=18 | snapshots=5609 | candles=342 | candidates=0 | orders=0 | open_positions=0 | errors=0
2026-07-20 23:36:48,615 | INFO | app.runtime.market_data_runtime | Runtime heartbeat | active_symbols=18 | snapshots=6953 | candles=432 | candidates=0 | orders=0 | open_positions=0 | errors=0
2026-07-20 23:41:48,656 | INFO | app.runtime.market_data_runtime | Runtime heartbeat | active_symbols=18 | snapshots=8162 | candles=522 | candidates=0 | orders=0 | open_positions=0 | errors=0
2026-07-20 23:46:48,732 | INFO | app.runtime.market_data_runtime | Runtime heartbeat | active_symbols=18 | snapshots=9545 | candles=612 | candidates=0 | orders=0 | open_positions=0 | errors=0
2026-07-20 23:51:48,822 | INFO | app.runtime.market_data_runtime | Runtime heartbeat | active_symbols=18 | snapshots=11187 | candles=702 | candidates=0 | orders=0 | open_positions=0 | errors=0
2026-07-20 23:56:48,824 | INFO | app.runtime.market_data_runtime | Runtime heartbeat | active_symbols=18 | snapshots=12928 | candles=792 | candidates=0 | orders=0 | open_positions=0 | errors=0
2026-07-21 00:01:48,842 | INFO | app.runtime.market_data_runtime | Runtime heartbeat | active_symbols=18 | snapshots=15240 | candles=882 | candidates=0 | orders=0 | open_positions=0 | errors=0
2026-07-21 00:06:48,869 | INFO | app.runtime.market_data_runtime | Runtime heartbeat | active_symbols=18 | snapshots=18110 | candles=972 | candidates=0 | orders=0 | open_positions=0 | errors=0
2026-07-21 00:11:48,876 | INFO | app.runtime.market_data_runtime | Runtime heartbeat | active_symbols=18 | snapshots=20452 | candles=1062 | candidates=0 | orders=0 | open_positions=0 | errors=0
