2026-07-20 08:52:12,729 | INFO | __main__ | Starting Goblin! | run_id=run_20260720T085212_643043Z | broker=etoro_demo | market_data=auto | strategy_profile=balanced | watchlist=['AC.PA', 'AI.PA', 'AIR.PA', 'ALO.PA', 'CS.PA', 'BNP.PA', 'CAP.PA', 'ACA.PA', 'DSY.PA', 'EDEN.PA', 'EL.PA', 'RMS.PA', 'KER.PA', 'OR.PA', 'LR.PA', 'MC.PA', 'ML.PA', 'RI.PA', 'PUB.PA', 'RNO.PA', 'SAF.PA', 'SGO.PA', 'SAN.PA', 'SU.PA', 'GLE.PA', 'WLN.PA', 'HO.PA', 'TTE.PA', 'URW.PA', 'DG.PA', 'ADS.DE', 'ALV.DE', 'BAS.DE', 'BAYN.DE', 'BMW.DE', 'CBK.DE', 'CON.DE', 'DBK.DE', 'DB1.DE', 'EOAN.DE', 'HEI.DE', 'IFX.DE', 'MBG.DE', 'MUV2.DE', 'RWE.DE', 'SAP.DE', 'SIE.DE', 'VOW3.DE', 'BBVA.MC', 'CABK.MC', 'CLNX.MC', 'IBE.MC', 'ITX.MC', 'REP.MC', 'SAN.MC', 'TEF.MC', 'ENEL.MI', 'ENI.MI', 'ISP.MI', 'UCG.MI', 'AAPL', 'MSFT', 'NVDA', 'AMZN', 'META', 'GOOGL', 'TSLA', 'AVGO', 'AMD', 'NFLX', 'ADBE', 'CRM', 'ORCL', 'AMAT', 'INTC', 'QCOM', 'MU', 'LRCX', 'TXN', 'PLTR', 'UBER', 'NOW', 'LLY', 'COF', 'AXP', 'GS', 'JPM', 'BAC', 'CAT', 'DE', 'FDX', 'UPS', 'GE', 'GEV', 'HON', 'BA', 'NKE', 'SBUX', 'BKNG', 'BLK', 'GILD', 'MRK', 'DHR', 'TMO', 'ACN', 'INTU', 'COP', 'XOM', 'RTX', 'TMUS', 'WFC', 'SCHW', 'AMGN', 'DIS', 'PEP']
2026-07-20 08:52:12,730 | INFO | app.runtime.position_lifecycle | No persisted open positions to restore
2026-07-20 08:52:13,789 | INFO | app.brokers.etoro.etoro_client | Selected eToro instrument | symbol=AC.PA | instrument_id=1231
2026-07-20 08:52:13,950 | INFO | app.brokers.etoro.etoro_client | Selected eToro instrument | symbol=AI.PA | instrument_id=1233
2026-07-20 08:52:14,176 | INFO | app.brokers.etoro.etoro_client | Selected eToro instrument | symbol=AIR.PA | instrument_id=1234
2026-07-20 08:52:14,393 | INFO | app.brokers.etoro.etoro_client | Selected eToro instrument | symbol=ALO.PA | instrument_id=1235
2026-07-20 08:52:14,621 | INFO | app.brokers.etoro.etoro_client | Selected eToro instrument | symbol=CS.PA | instrument_id=1241
2026-07-20 08:52:14,778 | INFO | app.brokers.etoro.etoro_client | Selected eToro instrument | symbol=BNP.PA | instrument_id=1238
2026-07-20 08:52:15,091 | INFO | app.brokers.etoro.etoro_client | Selected eToro instrument | symbol=CAP.PA | instrument_id=1240
2026-07-20 08:52:15,335 | INFO | app.brokers.etoro.etoro_client | Selected eToro instrument | symbol=ACA.PA | instrument_id=1232
2026-07-20 08:52:15,592 | INFO | app.brokers.etoro.etoro_client | Selected eToro instrument | symbol=DSY.PA | instrument_id=5001
2026-07-20 08:52:15,825 | INFO | app.brokers.etoro.etoro_client | Selected eToro instrument | symbol=EDEN.PA | instrument_id=5761
2026-07-20 08:52:16,198 | INFO | app.brokers.etoro.etoro_client | Selected eToro instrument | symbol=EL.PA | instrument_id=1244
2026-07-20 08:52:16,453 | INFO | app.brokers.etoro.etoro_client | Selected eToro instrument | symbol=RMS.PA | instrument_id=1978
2026-07-20 08:52:16,686 | INFO | app.brokers.etoro.etoro_client | Selected eToro instrument | symbol=KER.PA | instrument_id=1250
2026-07-20 08:52:16,872 | INFO | app.brokers.etoro.etoro_client | Selected eToro instrument | symbol=OR.PA | instrument_id=1256
2026-07-20 08:52:17,178 | INFO | app.brokers.etoro.etoro_client | Selected eToro instrument | symbol=LR.PA | instrument_id=1252
2026-07-20 08:52:17,353 | INFO | app.brokers.etoro.etoro_client | Selected eToro instrument | symbol=MC.PA | instrument_id=1253
2026-07-20 08:52:17,719 | INFO | app.brokers.etoro.etoro_client | Selected eToro instrument | symbol=ML.PA | instrument_id=1254
2026-07-20 08:52:17,991 | INFO | app.brokers.etoro.etoro_client | Selected eToro instrument | symbol=RI.PA | instrument_id=1259
2026-07-20 08:52:18,121 | INFO | app.brokers.etoro.etoro_client | Selected eToro instrument | symbol=PUB.PA | instrument_id=1258
2026-07-20 08:52:18,336 | INFO | app.brokers.etoro.etoro_client | Selected eToro instrument | symbol=RNO.PA | instrument_id=1260
2026-07-20 08:52:18,488 | INFO | app.brokers.etoro.etoro_client | Selected eToro instrument | symbol=SAF.PA | instrument_id=1261
2026-07-20 08:52:18,776 | INFO | app.brokers.etoro.etoro_client | Selected eToro instrument | symbol=SGO.PA | instrument_id=1263
2026-07-20 08:52:19,031 | INFO | app.brokers.etoro.etoro_client | Selected eToro instrument | symbol=SAN.PA | instrument_id=1262
2026-07-20 08:52:19,200 | INFO | app.brokers.etoro.etoro_client | Selected eToro instrument | symbol=SU.PA | instrument_id=1265
2026-07-20 08:52:19,406 | INFO | app.brokers.etoro.etoro_client | Selected eToro instrument | symbol=GLE.PA | instrument_id=1248
2026-07-20 08:52:19,561 | INFO | app.brokers.etoro.etoro_client | Selected eToro instrument | symbol=WLN.PA | instrument_id=5779
2026-07-20 08:52:19,767 | INFO | app.brokers.etoro.etoro_client | Selected eToro instrument | symbol=HO.PA | instrument_id=5040
2026-07-20 08:52:19,957 | INFO | app.brokers.etoro.etoro_client | Selected eToro instrument | symbol=TTE.PA | instrument_id=1246
2026-07-20 08:52:20,254 | INFO | app.brokers.etoro.etoro_client | Selected eToro instrument | symbol=URW.PA | instrument_id=4548
2026-07-20 08:52:20,623 | INFO | app.brokers.etoro.etoro_client | Selected eToro instrument | symbol=DG.PA | instrument_id=1242
2026-07-20 08:52:20,814 | INFO | app.brokers.etoro.etoro_client | Selected eToro instrument | symbol=ADS.DE | instrument_id=1215
2026-07-20 08:52:20,959 | INFO | app.brokers.etoro.etoro_client | Selected eToro instrument | symbol=ALV.DE | instrument_id=1204
2026-07-20 08:52:21,230 | INFO | app.brokers.etoro.etoro_client | Selected eToro instrument | symbol=BAS.DE | instrument_id=1201
2026-07-20 08:52:21,389 | INFO | app.brokers.etoro.etoro_client | Selected eToro instrument | symbol=BAYN.DE | instrument_id=1203
2026-07-20 08:52:21,559 | INFO | app.brokers.etoro.etoro_client | Selected eToro instrument | symbol=BMW.DE | instrument_id=1211
2026-07-20 08:52:21,852 | INFO | app.brokers.etoro.etoro_client | Selected eToro instrument | symbol=CBK.DE | instrument_id=1223
2026-07-20 08:52:22,119 | INFO | app.brokers.etoro.etoro_client | Selected eToro instrument | symbol=CON.DE | instrument_id=1228
2026-07-20 08:52:22,456 | INFO | app.brokers.etoro.etoro_client | Selected eToro instrument | symbol=DBK.DE | instrument_id=1995
2026-07-20 08:52:22,717 | INFO | app.brokers.etoro.etoro_client | Selected eToro instrument | symbol=DB1.DE | instrument_id=1219
2026-07-20 08:52:22,857 | INFO | app.brokers.etoro.etoro_client | Selected eToro instrument | symbol=EOAN.DE | instrument_id=1205
2026-07-20 08:52:23,052 | INFO | app.brokers.etoro.etoro_client | Selected eToro instrument | symbol=HEI.DE | instrument_id=1226
2026-07-20 08:52:23,211 | INFO | app.brokers.etoro.etoro_client | Selected eToro instrument | symbol=IFX.DE | instrument_id=1221
2026-07-20 08:52:23,361 | INFO | app.brokers.etoro.etoro_client | Selected eToro instrument | symbol=MBG.DE | instrument_id=1206
2026-07-20 08:52:23,702 | INFO | app.brokers.etoro.etoro_client | Selected eToro instrument | symbol=MUV2.DE | instrument_id=1212
2026-07-20 08:52:23,856 | INFO | app.brokers.etoro.etoro_client | Selected eToro instrument | symbol=RWE.DE | instrument_id=1213
2026-07-20 08:52:24,179 | INFO | app.brokers.etoro.etoro_client | Selected eToro instrument | symbol=SAP.DE | instrument_id=1202
2026-07-20 08:52:24,434 | INFO | app.brokers.etoro.etoro_client | Selected eToro instrument | symbol=SIE.DE | instrument_id=1200
2026-07-20 08:52:24,610 | INFO | app.brokers.etoro.etoro_client | Selected eToro instrument | symbol=VOW3.DE | instrument_id=1210
2026-07-20 08:52:24,764 | INFO | app.brokers.etoro.etoro_client | Selected eToro instrument | symbol=BBVA.MC | instrument_id=1316
2026-07-20 08:52:24,911 | INFO | app.brokers.etoro.etoro_client | Selected eToro instrument | symbol=CABK.MC | instrument_id=1320
2026-07-20 08:52:25,065 | INFO | app.brokers.etoro.etoro_client | Selected eToro instrument | symbol=CLNX.MC | instrument_id=5838
2026-07-20 08:52:25,225 | INFO | app.brokers.etoro.etoro_client | Selected eToro instrument | symbol=IBE.MC | instrument_id=1330
2026-07-20 08:52:25,773 | INFO | app.brokers.etoro.etoro_client | Selected eToro instrument | symbol=ITX.MC | instrument_id=1332
2026-07-20 08:52:25,930 | INFO | app.brokers.etoro.etoro_client | Selected eToro instrument | symbol=REP.MC | instrument_id=1339
2026-07-20 08:52:26,164 | INFO | app.brokers.etoro.etoro_client | Selected eToro instrument | symbol=SAN.MC | instrument_id=7615
2026-07-20 08:52:26,327 | INFO | app.brokers.etoro.etoro_client | Selected eToro instrument | symbol=TEF.MC | instrument_id=7622
2026-07-20 08:52:26,480 | INFO | app.brokers.etoro.etoro_client | Selected eToro instrument | symbol=ENEL.MI | instrument_id=1282
2026-07-20 08:52:26,760 | INFO | app.brokers.etoro.etoro_client | Selected eToro instrument | symbol=ENI.MI | instrument_id=1283
2026-07-20 08:52:26,901 | INFO | app.brokers.etoro.etoro_client | Selected eToro instrument | symbol=ISP.MI | instrument_id=1288
2026-07-20 08:52:27,267 | INFO | app.brokers.etoro.etoro_client | Selected eToro instrument | symbol=UCG.MI | instrument_id=1307
2026-07-20 08:52:27,437 | INFO | app.brokers.etoro.etoro_client | Selected eToro instrument | symbol=AAPL | instrument_id=1001
2026-07-20 08:52:27,812 | INFO | app.brokers.etoro.etoro_client | Selected eToro instrument | symbol=MSFT | instrument_id=1004
2026-07-20 08:52:28,006 | INFO | app.brokers.etoro.etoro_client | Selected eToro instrument | symbol=NVDA | instrument_id=1137
2026-07-20 08:52:28,266 | INFO | app.brokers.etoro.etoro_client | Selected eToro instrument | symbol=AMZN | instrument_id=1005
2026-07-20 08:52:28,742 | INFO | app.brokers.etoro.etoro_client | Selected eToro instrument | symbol=META | instrument_id=1003
2026-07-20 08:52:28,907 | INFO | app.brokers.etoro.etoro_client | Selected eToro instrument | symbol=GOOGL | instrument_id=6434
2026-07-20 08:52:29,098 | INFO | app.brokers.etoro.etoro_client | Selected eToro instrument | symbol=TSLA | instrument_id=1111
2026-07-20 08:52:29,369 | INFO | app.brokers.etoro.etoro_client | Selected eToro instrument | symbol=AVGO | instrument_id=4236
2026-07-20 08:52:29,565 | INFO | app.brokers.etoro.etoro_client | Selected eToro instrument | symbol=AMD | instrument_id=1832
2026-07-20 08:52:29,723 | INFO | app.brokers.etoro.etoro_client | Selected eToro instrument | symbol=NFLX | instrument_id=1127
2026-07-20 08:52:29,909 | INFO | app.brokers.etoro.etoro_client | Selected eToro instrument | symbol=ADBE | instrument_id=1126
2026-07-20 08:52:30,110 | INFO | app.brokers.etoro.etoro_client | Selected eToro instrument | symbol=CRM | instrument_id=1839
2026-07-20 08:52:30,278 | INFO | app.brokers.etoro.etoro_client | Selected eToro instrument | symbol=ORCL | instrument_id=1135
2026-07-20 08:52:30,667 | INFO | app.brokers.etoro.etoro_client | Selected eToro instrument | symbol=AMAT | instrument_id=1706
2026-07-20 08:52:30,944 | INFO | app.brokers.etoro.etoro_client | Selected eToro instrument | symbol=INTC | instrument_id=1021
2026-07-20 08:52:31,195 | INFO | app.brokers.etoro.etoro_client | Selected eToro instrument | symbol=QCOM | instrument_id=1485
2026-07-20 08:52:31,583 | INFO | app.brokers.etoro.etoro_client | Selected eToro instrument | symbol=MU | instrument_id=1130
2026-07-20 08:52:31,756 | INFO | app.brokers.etoro.etoro_client | Selected eToro instrument | symbol=LRCX | instrument_id=1906
2026-07-20 08:52:31,967 | INFO | app.brokers.etoro.etoro_client | Selected eToro instrument | symbol=TXN | instrument_id=1634
2026-07-20 08:52:32,182 | INFO | app.brokers.etoro.etoro_client | Selected eToro instrument | symbol=PLTR | instrument_id=7991
2026-07-20 08:52:32,424 | INFO | app.brokers.etoro.etoro_client | Selected eToro instrument | symbol=UBER | instrument_id=1186
2026-07-20 08:52:32,656 | INFO | app.brokers.etoro.etoro_client | Selected eToro instrument | symbol=NOW | instrument_id=4260
2026-07-20 08:52:32,911 | INFO | app.brokers.etoro.etoro_client | Selected eToro instrument | symbol=LLY | instrument_id=1567
2026-07-20 08:52:33,113 | INFO | app.brokers.etoro.etoro_client | Selected eToro instrument | symbol=COF | instrument_id=1460
2026-07-20 08:52:33,302 | INFO | app.brokers.etoro.etoro_client | Selected eToro instrument | symbol=AXP | instrument_id=1009
2026-07-20 08:52:33,737 | INFO | app.brokers.etoro.etoro_client | Selected eToro instrument | symbol=GS | instrument_id=1467
2026-07-20 08:52:33,903 | INFO | app.brokers.etoro.etoro_client | Selected eToro instrument | symbol=JPM | instrument_id=1023
2026-07-20 08:52:34,061 | INFO | app.brokers.etoro.etoro_client | Selected eToro instrument | symbol=BAC | instrument_id=1011
2026-07-20 08:52:34,284 | INFO | app.brokers.etoro.etoro_client | Selected eToro instrument | symbol=CAT | instrument_id=1012
2026-07-20 08:52:34,590 | INFO | app.brokers.etoro.etoro_client | Selected eToro instrument | symbol=DE | instrument_id=1526
2026-07-20 08:52:34,738 | INFO | app.brokers.etoro.etoro_client | Selected eToro instrument | symbol=FDX | instrument_id=1138
2026-07-20 08:52:34,915 | INFO | app.brokers.etoro.etoro_client | Selected eToro instrument | symbol=UPS | instrument_id=1493
2026-07-20 08:52:35,315 | INFO | app.brokers.etoro.etoro_client | Selected eToro instrument | symbol=GE | instrument_id=1017
2026-07-20 08:52:35,475 | INFO | app.brokers.etoro.etoro_client | Selected eToro instrument | symbol=GEV | instrument_id=1341
2026-07-20 08:52:35,748 | INFO | app.brokers.etoro.etoro_client | Selected eToro instrument | symbol=HON | instrument_id=1469
2026-07-20 08:52:36,064 | INFO | app.brokers.etoro.etoro_client | Selected eToro instrument | symbol=BA | instrument_id=1010
2026-07-20 08:52:36,228 | INFO | app.brokers.etoro.etoro_client | Selected eToro instrument | symbol=NKE | instrument_id=1042
2026-07-20 08:52:36,472 | INFO | app.brokers.etoro.etoro_client | Selected eToro instrument | symbol=SBUX | instrument_id=1142
2026-07-20 08:52:36,668 | INFO | app.brokers.etoro.etoro_client | Selected eToro instrument | symbol=BKNG | instrument_id=1481
2026-07-20 08:52:36,973 | INFO | app.brokers.etoro.etoro_client | Selected eToro instrument | symbol=BLK | instrument_id=1661
2026-07-20 08:52:37,167 | INFO | app.brokers.etoro.etoro_client | Selected eToro instrument | symbol=GILD | instrument_id=1465
2026-07-20 08:52:37,488 | INFO | app.brokers.etoro.etoro_client | Selected eToro instrument | symbol=MRK | instrument_id=1027
2026-07-20 08:52:37,695 | INFO | app.brokers.etoro.etoro_client | Selected eToro instrument | symbol=DHR | instrument_id=1563
2026-07-20 08:52:38,211 | INFO | app.brokers.etoro.etoro_client | Selected eToro instrument | symbol=TMO | instrument_id=1592
2026-07-20 08:52:38,437 | INFO | app.brokers.etoro.etoro_client | Selected eToro instrument | symbol=ACN | instrument_id=1450
2026-07-20 08:52:38,633 | INFO | app.brokers.etoro.etoro_client | Selected eToro instrument | symbol=INTU | instrument_id=1914
2026-07-20 08:52:38,819 | INFO | app.brokers.etoro.etoro_client | Selected eToro instrument | symbol=COP | instrument_id=1510
2026-07-20 08:52:38,967 | INFO | app.brokers.etoro.etoro_client | Selected eToro instrument | symbol=XOM | instrument_id=1036
2026-07-20 08:52:39,307 | INFO | app.brokers.etoro.etoro_client | Selected eToro instrument | symbol=RTX | instrument_id=1033
2026-07-20 08:52:39,663 | INFO | app.brokers.etoro.etoro_client | Selected eToro instrument | symbol=TMUS | instrument_id=4254
2026-07-20 08:52:39,813 | INFO | app.brokers.etoro.etoro_client | Selected eToro instrument | symbol=WFC | instrument_id=1495
2026-07-20 08:52:39,971 | INFO | app.brokers.etoro.etoro_client | Selected eToro instrument | symbol=SCHW | instrument_id=1802
2026-07-20 08:52:40,299 | INFO | app.brokers.etoro.etoro_client | Selected eToro instrument | symbol=AMGN | instrument_id=1143
2026-07-20 08:52:41,044 | INFO | app.brokers.etoro.etoro_client | Selected eToro instrument | symbol=DIS | instrument_id=1016
2026-07-20 08:52:41,208 | INFO | app.brokers.etoro.etoro_client | Selected eToro instrument | symbol=PEP | instrument_id=1043
2026-07-20 08:52:41,362 | INFO | app.brokers.etoro.etoro_client | Selected eToro instrument | symbol=SPX500 | instrument_id=27
2026-07-20 08:52:41,505 | INFO | app.brokers.etoro.etoro_client | Selected eToro instrument | symbol=FRA40 | instrument_id=31
2026-07-20 08:52:48,243 | WARNING | app.brokers.etoro.etoro_client | eToro GET retryable error | attempt=1/3 | status=429 | url=https://public-api.etoro.com/api/v1/market-data/instruments/rates?instrumentIds=1260,1215 | params=None | response={"errorCode":"TooManyRequests","errorMessage":"Too many requests"}
2026-07-20 08:52:49,386 | WARNING | app.brokers.etoro.etoro_client | eToro GET retryable error | attempt=2/3 | status=429 | url=https://public-api.etoro.com/api/v1/market-data/instruments/rates?instrumentIds=1260,1215 | params=None | response={"errorCode":"TooManyRequests","errorMessage":"Too many requests"}
2026-07-20 08:52:51,508 | ERROR | app.brokers.etoro.etoro_client | eToro GET failed | status=429 | url=https://public-api.etoro.com/api/v1/market-data/instruments/rates?instrumentIds=1260,1215 | params=None | response={"errorCode":"TooManyRequests","errorMessage":"Too many requests"}
2026-07-20 08:52:51,643 | WARNING | app.brokers.etoro.etoro_client | eToro GET retryable error | attempt=1/3 | status=429 | url=https://public-api.etoro.com/api/v1/market-data/instruments/rates?instrumentIds=1233,1244,1252,1259,1258,1265,5779,1246,4548,1242,1219,1205,1226,1206,1212,1210,1316,1332,1282,1288 | params=None | response={"errorCode":"TooManyRequests","errorMessage":"Too many requests"}
2026-07-20 08:52:52,732 | WARNING | app.brokers.etoro.etoro_client | eToro GET retryable error | attempt=2/3 | status=429 | url=https://public-api.etoro.com/api/v1/market-data/instruments/rates?instrumentIds=1233,1244,1252,1259,1258,1265,5779,1246,4548,1242,1219,1205,1226,1206,1212,1210,1316,1332,1282,1288 | params=None | response={"errorCode":"TooManyRequests","errorMessage":"Too many requests"}
2026-07-20 08:52:54,808 | ERROR | app.brokers.etoro.etoro_client | eToro GET failed | status=429 | url=https://public-api.etoro.com/api/v1/market-data/instruments/rates?instrumentIds=1233,1244,1252,1259,1258,1265,5779,1246,4548,1242,1219,1205,1226,1206,1212,1210,1316,1332,1282,1288 | params=None | response={"errorCode":"TooManyRequests","errorMessage":"Too many requests"}
2026-07-20 08:52:54,929 | WARNING | app.brokers.etoro.etoro_client | eToro GET retryable error | attempt=1/3 | status=429 | url=https://public-api.etoro.com/api/v1/market-data/instruments/rates?instrumentIds=1231,1234,1235,1241,1238,1240,1232,5001,5761,1978,1250,1256,1253,1254,1260,1261,1263,1262,1248,5040,1215,1204,1201,1203,1211,1223,1228,1995,1221,1213,1202,1200,1320,5838,1330,1339,7615,7622,1283,1307,31 | params=None | response={"errorCode":"TooManyRequests","errorMessage":"Too many requests"}
2026-07-20 08:52:55,999 | WARNING | app.brokers.etoro.etoro_client | eToro GET retryable error | attempt=2/3 | status=429 | url=https://public-api.etoro.com/api/v1/market-data/instruments/rates?instrumentIds=1231,1234,1235,1241,1238,1240,1232,5001,5761,1978,1250,1256,1253,1254,1260,1261,1263,1262,1248,5040,1215,1204,1201,1203,1211,1223,1228,1995,1221,1213,1202,1200,1320,5838,1330,1339,7615,7622,1283,1307,31 | params=None | response={"errorCode":"TooManyRequests","errorMessage":"Too many requests"}
2026-07-20 08:52:58,126 | ERROR | app.brokers.etoro.etoro_client | eToro GET failed | status=429 | url=https://public-api.etoro.com/api/v1/market-data/instruments/rates?instrumentIds=1231,1234,1235,1241,1238,1240,1232,5001,5761,1978,1250,1256,1253,1254,1260,1261,1263,1262,1248,5040,1215,1204,1201,1203,1211,1223,1228,1995,1221,1213,1202,1200,1320,5838,1330,1339,7615,7622,1283,1307,31 | params=None | response={"errorCode":"TooManyRequests","errorMessage":"Too many requests"}
2026-07-20 08:52:58,255 | WARNING | app.brokers.etoro.etoro_client | eToro GET retryable error | attempt=1/3 | status=429 | url=https://public-api.etoro.com/api/v1/market-data/instruments/rates?instrumentIds=1233,1244,1252,1259,1258,1265,5779,1246,4548,1242,1219,1205,1226,1206,1212,1210,1316,1332,1282,1288 | params=None | response={"errorCode":"TooManyRequests","errorMessage":"Too many requests"}
2026-07-20 08:52:59,335 | WARNING | app.brokers.etoro.etoro_client | eToro GET retryable error | attempt=2/3 | status=429 | url=https://public-api.etoro.com/api/v1/market-data/instruments/rates?instrumentIds=1233,1244,1252,1259,1258,1265,5779,1246,4548,1242,1219,1205,1226,1206,1212,1210,1316,1332,1282,1288 | params=None | response={"errorCode":"TooManyRequests","errorMessage":"Too many requests"}
2026-07-20 08:53:01,413 | ERROR | app.brokers.etoro.etoro_client | eToro GET failed | status=429 | url=https://public-api.etoro.com/api/v1/market-data/instruments/rates?instrumentIds=1233,1244,1252,1259,1258,1265,5779,1246,4548,1242,1219,1205,1226,1206,1212,1210,1316,1332,1282,1288 | params=None | response={"errorCode":"TooManyRequests","errorMessage":"Too many requests"}
2026-07-20 08:53:01,538 | WARNING | app.brokers.etoro.etoro_client | eToro GET retryable error | attempt=1/3 | status=429 | url=https://public-api.etoro.com/api/v1/market-data/instruments/rates?instrumentIds=1231,1234,1235,1241,1238,1240,1232,5001,5761,1978,1250,1256,1253,1254,1260,1261,1263,1262,1248,5040,1215,1204,1201,1203,1211,1223,1228,1995,1221,1213,1202,1200,1320,5838,1330,1339,7615,7622,1283,1307,31 | params=None | response={"errorCode":"TooManyRequests","errorMessage":"Too many requests"}
2026-07-20 08:53:02,683 | WARNING | app.brokers.etoro.etoro_client | eToro GET retryable error | attempt=2/3 | status=429 | url=https://public-api.etoro.com/api/v1/market-data/instruments/rates?instrumentIds=1231,1234,1235,1241,1238,1240,1232,5001,5761,1978,1250,1256,1253,1254,1260,1261,1263,1262,1248,5040,1215,1204,1201,1203,1211,1223,1228,1995,1221,1213,1202,1200,1320,5838,1330,1339,7615,7622,1283,1307,31 | params=None | response={"errorCode":"TooManyRequests","errorMessage":"Too many requests"}
2026-07-20 08:53:04,811 | ERROR | app.brokers.etoro.etoro_client | eToro GET failed | status=429 | url=https://public-api.etoro.com/api/v1/market-data/instruments/rates?instrumentIds=1231,1234,1235,1241,1238,1240,1232,5001,5761,1978,1250,1256,1253,1254,1260,1261,1263,1262,1248,5040,1215,1204,1201,1203,1211,1223,1228,1995,1221,1213,1202,1200,1320,5838,1330,1339,7615,7622,1283,1307,31 | params=None | response={"errorCode":"TooManyRequests","errorMessage":"Too many requests"}
2026-07-20 08:53:04,931 | WARNING | app.brokers.etoro.etoro_client | eToro GET retryable error | attempt=1/3 | status=429 | url=https://public-api.etoro.com/api/v1/market-data/instruments/rates?instrumentIds=1233,1244,1252,1259,1258,1265,5779,1246,4548,1242,1219,1205,1226,1206,1212,1210,1316,1332,1282,1288 | params=None | response={"errorCode":"TooManyRequests","errorMessage":"Too many requests"}
2026-07-20 08:53:06,080 | WARNING | app.brokers.etoro.etoro_client | eToro GET retryable error | attempt=2/3 | status=429 | url=https://public-api.etoro.com/api/v1/market-data/instruments/rates?instrumentIds=1233,1244,1252,1259,1258,1265,5779,1246,4548,1242,1219,1205,1226,1206,1212,1210,1316,1332,1282,1288 | params=None | response={"errorCode":"TooManyRequests","errorMessage":"Too many requests"}
2026-07-20 08:53:08,161 | ERROR | app.brokers.etoro.etoro_client | eToro GET failed | status=429 | url=https://public-api.etoro.com/api/v1/market-data/instruments/rates?instrumentIds=1233,1244,1252,1259,1258,1265,5779,1246,4548,1242,1219,1205,1226,1206,1212,1210,1316,1332,1282,1288 | params=None | response={"errorCode":"TooManyRequests","errorMessage":"Too many requests"}
2026-07-20 08:53:08,296 | WARNING | app.brokers.etoro.etoro_client | eToro GET retryable error | attempt=1/3 | status=429 | url=https://public-api.etoro.com/api/v1/market-data/instruments/rates?instrumentIds=1231,1234,1235,1241,1238,1240,1232,5001,5761,1978,1250,1256,1253,1254,1260,1261,1263,1262,1248,5040,1215,1204,1201,1203,1211,1223,1228,1995,1221,1213,1202,1200,1320,5838,1330,1339,7615,7622,1283,1307,31 | params=None | response={"errorCode":"TooManyRequests","errorMessage":"Too many requests"}
2026-07-20 08:53:09,375 | WARNING | app.brokers.etoro.etoro_client | eToro GET retryable error | attempt=2/3 | status=429 | url=https://public-api.etoro.com/api/v1/market-data/instruments/rates?instrumentIds=1231,1234,1235,1241,1238,1240,1232,5001,5761,1978,1250,1256,1253,1254,1260,1261,1263,1262,1248,5040,1215,1204,1201,1203,1211,1223,1228,1995,1221,1213,1202,1200,1320,5838,1330,1339,7615,7622,1283,1307,31 | params=None | response={"errorCode":"TooManyRequests","errorMessage":"Too many requests"}
2026-07-20 08:53:11,507 | ERROR | app.brokers.etoro.etoro_client | eToro GET failed | status=429 | url=https://public-api.etoro.com/api/v1/market-data/instruments/rates?instrumentIds=1231,1234,1235,1241,1238,1240,1232,5001,5761,1978,1250,1256,1253,1254,1260,1261,1263,1262,1248,5040,1215,1204,1201,1203,1211,1223,1228,1995,1221,1213,1202,1200,1320,5838,1330,1339,7615,7622,1283,1307,31 | params=None | response={"errorCode":"TooManyRequests","errorMessage":"Too many requests"}
2026-07-20 08:53:11,655 | WARNING | app.brokers.etoro.etoro_client | eToro GET retryable error | attempt=1/3 | status=429 | url=https://public-api.etoro.com/api/v1/market-data/instruments/rates?instrumentIds=1233,1244,1252,1259,1258,1265,5779,1246,4548,1242,1219,1205,1226,1206,1212,1210,1316,1332,1282,1288 | params=None | response={"errorCode":"TooManyRequests","errorMessage":"Too many requests"}
2026-07-20 08:53:12,802 | WARNING | app.brokers.etoro.etoro_client | eToro GET retryable error | attempt=2/3 | status=429 | url=https://public-api.etoro.com/api/v1/market-data/instruments/rates?instrumentIds=1233,1244,1252,1259,1258,1265,5779,1246,4548,1242,1219,1205,1226,1206,1212,1210,1316,1332,1282,1288 | params=None | response={"errorCode":"TooManyRequests","errorMessage":"Too many requests"}
2026-07-20 08:54:09,556 | WARNING | app.brokers.etoro.etoro_client | eToro GET retryable error | attempt=1/3 | status=429 | url=https://public-api.etoro.com/api/v1/market-data/instruments/rates?instrumentIds=1235 | params=None | response={"errorCode":"TooManyRequests","errorMessage":"Too many requests"}
2026-07-20 08:54:10,671 | WARNING | app.brokers.etoro.etoro_client | eToro GET retryable error | attempt=2/3 | status=429 | url=https://public-api.etoro.com/api/v1/market-data/instruments/rates?instrumentIds=1235 | params=None | response={"errorCode":"TooManyRequests","errorMessage":"Too many requests"}
2026-07-20 08:54:12,761 | ERROR | app.brokers.etoro.etoro_client | eToro GET failed | status=429 | url=https://public-api.etoro.com/api/v1/market-data/instruments/rates?instrumentIds=1235 | params=None | response={"errorCode":"TooManyRequests","errorMessage":"Too many requests"}
2026-07-20 08:54:12,911 | WARNING | app.brokers.etoro.etoro_client | eToro GET retryable error | attempt=1/3 | status=429 | url=https://public-api.etoro.com/api/v1/market-data/instruments/rates?instrumentIds=1241,5001,5761,1978,1252,1253,1259,1258,1263,5779,5040,1246,4548,1215,1206,1212,1213,1210,1316,5838,1332,1339,7622,1283 | params=None | response={"errorCode":"TooManyRequests","errorMessage":"Too many requests"}
2026-07-20 08:54:14,064 | WARNING | app.brokers.etoro.etoro_client | eToro GET retryable error | attempt=2/3 | status=429 | url=https://public-api.etoro.com/api/v1/market-data/instruments/rates?instrumentIds=1241,5001,5761,1978,1252,1253,1259,1258,1263,5779,5040,1246,4548,1215,1206,1212,1213,1210,1316,5838,1332,1339,7622,1283 | params=None | response={"errorCode":"TooManyRequests","errorMessage":"Too many requests"}
2026-07-20 08:55:04,057 | WARNING | app.brokers.etoro.etoro_client | eToro GET retryable error | attempt=1/3 | status=429 | url=https://public-api.etoro.com/api/v1/market-data/instruments/rates?instrumentIds=1254,1265,1203,1211 | params=None | response={"errorCode":"TooManyRequests","errorMessage":"Too many requests"}
2026-07-20 08:55:05,152 | WARNING | app.brokers.etoro.etoro_client | eToro GET retryable error | attempt=2/3 | status=429 | url=https://public-api.etoro.com/api/v1/market-data/instruments/rates?instrumentIds=1254,1265,1203,1211 | params=None | response={"errorCode":"TooManyRequests","errorMessage":"Too many requests"}
2026-07-20 08:55:07,284 | ERROR | app.brokers.etoro.etoro_client | eToro GET failed | status=429 | url=https://public-api.etoro.com/api/v1/market-data/instruments/rates?instrumentIds=1254,1265,1203,1211 | params=None | response={"errorCode":"TooManyRequests","errorMessage":"Too many requests"}
2026-07-20 08:55:07,393 | WARNING | app.brokers.etoro.etoro_client | eToro GET retryable error | attempt=1/3 | status=429 | url=https://public-api.etoro.com/api/v1/market-data/instruments/rates?instrumentIds=1231,1235,1240,5761,1250,1259,1260,5040,4548,1223,1228,1219,1205,1226,1221,1206,1213,1202,1316,1330,1332,7615,7622,1283,1288 | params=None | response={"errorCode":"TooManyRequests","errorMessage":"Too many requests"}
2026-07-20 08:55:08,488 | WARNING | app.brokers.etoro.etoro_client | eToro GET retryable error | attempt=2/3 | status=429 | url=https://public-api.etoro.com/api/v1/market-data/instruments/rates?instrumentIds=1231,1235,1240,5761,1250,1259,1260,5040,4548,1223,1228,1219,1205,1226,1221,1206,1213,1202,1316,1330,1332,7615,7622,1283,1288 | params=None | response={"errorCode":"TooManyRequests","errorMessage":"Too many requests"}
2026-07-20 08:55:10,583 | ERROR | app.brokers.etoro.etoro_client | eToro GET failed | status=429 | url=https://public-api.etoro.com/api/v1/market-data/instruments/rates?instrumentIds=1231,1235,1240,5761,1250,1259,1260,5040,4548,1223,1228,1219,1205,1226,1221,1206,1213,1202,1316,1330,1332,7615,7622,1283,1288 | params=None | response={"errorCode":"TooManyRequests","errorMessage":"Too many requests"}
2026-07-20 08:55:10,755 | WARNING | app.brokers.etoro.etoro_client | eToro GET retryable error | attempt=1/3 | status=429 | url=https://public-api.etoro.com/api/v1/market-data/instruments/rates?instrumentIds=1233,1234,1241,1238,1232,5001,1244,1978,1256,1252,1253,1254,1258,1261,1263,1262,1265,1248,5779,1246,1242,1215,1204,1201,1203,1211,1995,1212,1200,1210,1320,5838,1339,1282,1307,31 | params=None | response={"errorCode":"TooManyRequests","errorMessage":"Too many requests"}
2026-07-20 08:55:11,879 | WARNING | app.brokers.etoro.etoro_client | eToro GET retryable error | attempt=2/3 | status=429 | url=https://public-api.etoro.com/api/v1/market-data/instruments/rates?instrumentIds=1233,1234,1241,1238,1232,5001,1244,1978,1256,1252,1253,1254,1258,1261,1263,1262,1265,1248,5779,1246,1242,1215,1204,1201,1203,1211,1995,1212,1200,1210,1320,5838,1339,1282,1307,31 | params=None | response={"errorCode":"TooManyRequests","errorMessage":"Too many requests"}
2026-07-20 08:55:13,942 | ERROR | app.brokers.etoro.etoro_client | eToro GET failed | status=429 | url=https://public-api.etoro.com/api/v1/market-data/instruments/rates?instrumentIds=1233,1234,1241,1238,1232,5001,1244,1978,1256,1252,1253,1254,1258,1261,1263,1262,1265,1248,5779,1246,1242,1215,1204,1201,1203,1211,1995,1212,1200,1210,1320,5838,1339,1282,1307,31 | params=None | response={"errorCode":"TooManyRequests","errorMessage":"Too many requests"}
2026-07-20 08:55:14,054 | WARNING | app.brokers.etoro.etoro_client | eToro GET retryable error | attempt=1/3 | status=429 | url=https://public-api.etoro.com/api/v1/market-data/instruments/rates?instrumentIds=1231,1235,1240,5761,1250,1259,1260,5040,4548,1223,1228,1219,1205,1226,1221,1206,1213,1202,1316,1330,1332,7615,7622,1283,1288 | params=None | response={"errorCode":"TooManyRequests","errorMessage":"Too many requests"}
2026-07-20 08:55:15,140 | WARNING | app.brokers.etoro.etoro_client | eToro GET retryable error | attempt=2/3 | status=429 | url=https://public-api.etoro.com/api/v1/market-data/instruments/rates?instrumentIds=1231,1235,1240,5761,1250,1259,1260,5040,4548,1223,1228,1219,1205,1226,1221,1206,1213,1202,1316,1330,1332,7615,7622,1283,1288 | params=None | response={"errorCode":"TooManyRequests","errorMessage":"Too many requests"}
2026-07-20 10:18:05,101 | INFO | __main__ | Starting Goblin! | run_id=run_20260720T101805_030069Z | broker=etoro_demo | market_data=auto | strategy_profile=balanced | watchlist=['AC.PA', 'AI.PA', 'AIR.PA', 'ALO.PA', 'CS.PA', 'BNP.PA', 'CAP.PA', 'ACA.PA', 'DSY.PA', 'EDEN.PA', 'EL.PA', 'RMS.PA', 'KER.PA', 'OR.PA', 'LR.PA', 'MC.PA', 'ML.PA', 'RI.PA', 'PUB.PA', 'RNO.PA', 'SAF.PA', 'SGO.PA', 'SAN.PA', 'SU.PA', 'GLE.PA', 'WLN.PA', 'HO.PA', 'TTE.PA', 'URW.PA', 'DG.PA', 'ADS.DE', 'ALV.DE', 'BAS.DE', 'BAYN.DE', 'BMW.DE', 'CBK.DE', 'CON.DE', 'DBK.DE', 'DB1.DE', 'EOAN.DE', 'HEI.DE', 'IFX.DE', 'MBG.DE', 'MUV2.DE', 'RWE.DE', 'SAP.DE', 'SIE.DE', 'VOW3.DE', 'BBVA.MC', 'CABK.MC', 'CLNX.MC', 'IBE.MC', 'ITX.MC', 'REP.MC', 'SAN.MC', 'TEF.MC', 'ENEL.MI', 'ENI.MI', 'ISP.MI', 'UCG.MI', 'AAPL', 'MSFT', 'NVDA', 'AMZN', 'META', 'GOOGL', 'TSLA', 'AVGO', 'AMD', 'NFLX', 'ADBE', 'CRM', 'ORCL', 'AMAT', 'INTC', 'QCOM', 'MU', 'LRCX', 'TXN', 'PLTR', 'UBER', 'NOW', 'LLY', 'COF', 'AXP', 'GS', 'JPM', 'BAC', 'CAT', 'DE', 'FDX', 'UPS', 'GE', 'GEV', 'HON', 'BA', 'NKE', 'SBUX', 'BKNG', 'BLK', 'GILD', 'MRK', 'DHR', 'TMO', 'ACN', 'INTU', 'COP', 'XOM', 'RTX', 'TMUS', 'WFC', 'SCHW', 'AMGN', 'DIS', 'PEP']
2026-07-20 10:18:05,102 | INFO | app.runtime.position_lifecycle | No persisted open positions to restore
2026-07-20 10:18:05,788 | INFO | app.brokers.etoro.etoro_client | Selected eToro instrument | symbol=AC.PA | instrument_id=1231
2026-07-20 10:18:07,132 | INFO | app.brokers.etoro.etoro_client | Selected eToro instrument | symbol=AI.PA | instrument_id=1233
2026-07-20 10:18:08,461 | INFO | app.brokers.etoro.etoro_client | Selected eToro instrument | symbol=AIR.PA | instrument_id=1234
2026-07-20 10:18:09,847 | INFO | app.brokers.etoro.etoro_client | Selected eToro instrument | symbol=ALO.PA | instrument_id=1235
2026-07-20 10:18:11,195 | INFO | app.brokers.etoro.etoro_client | Selected eToro instrument | symbol=CS.PA | instrument_id=1241
2026-07-20 10:18:12,411 | INFO | app.brokers.etoro.etoro_client | Selected eToro instrument | symbol=BNP.PA | instrument_id=1238
2026-07-20 10:18:13,883 | INFO | app.brokers.etoro.etoro_client | Selected eToro instrument | symbol=CAP.PA | instrument_id=1240
2026-07-20 10:18:15,080 | INFO | app.brokers.etoro.etoro_client | Selected eToro instrument | symbol=ACA.PA | instrument_id=1232
2026-07-20 10:18:16,461 | INFO | app.brokers.etoro.etoro_client | Selected eToro instrument | symbol=DSY.PA | instrument_id=5001
2026-07-20 10:18:18,062 | INFO | app.brokers.etoro.etoro_client | Selected eToro instrument | symbol=EDEN.PA | instrument_id=5761
2026-07-20 10:18:19,330 | INFO | app.brokers.etoro.etoro_client | Selected eToro instrument | symbol=EL.PA | instrument_id=1244
2026-07-20 10:18:20,793 | INFO | app.brokers.etoro.etoro_client | Selected eToro instrument | symbol=RMS.PA | instrument_id=1978
2026-07-20 10:18:22,389 | INFO | app.brokers.etoro.etoro_client | Selected eToro instrument | symbol=KER.PA | instrument_id=1250
2026-07-20 10:18:24,194 | INFO | app.brokers.etoro.etoro_client | Selected eToro instrument | symbol=OR.PA | instrument_id=1256
2026-07-20 10:18:25,446 | INFO | app.brokers.etoro.etoro_client | Selected eToro instrument | symbol=LR.PA | instrument_id=1252
2026-07-20 10:18:26,690 | INFO | app.brokers.etoro.etoro_client | Selected eToro instrument | symbol=MC.PA | instrument_id=1253
2026-07-20 10:18:27,885 | INFO | app.brokers.etoro.etoro_client | Selected eToro instrument | symbol=ML.PA | instrument_id=1254
2026-07-20 10:18:29,114 | INFO | app.brokers.etoro.etoro_client | Selected eToro instrument | symbol=RI.PA | instrument_id=1259
2026-07-20 10:18:30,341 | INFO | app.brokers.etoro.etoro_client | Selected eToro instrument | symbol=PUB.PA | instrument_id=1258
2026-07-20 10:18:31,606 | INFO | app.brokers.etoro.etoro_client | Selected eToro instrument | symbol=RNO.PA | instrument_id=1260
2026-07-20 10:18:32,814 | INFO | app.brokers.etoro.etoro_client | Selected eToro instrument | symbol=SAF.PA | instrument_id=1261
2026-07-20 10:18:34,078 | INFO | app.brokers.etoro.etoro_client | Selected eToro instrument | symbol=SGO.PA | instrument_id=1263
2026-07-20 10:18:35,510 | INFO | app.brokers.etoro.etoro_client | Selected eToro instrument | symbol=SAN.PA | instrument_id=1262
2026-07-20 10:18:36,870 | INFO | app.brokers.etoro.etoro_client | Selected eToro instrument | symbol=SU.PA | instrument_id=1265
2026-07-20 10:18:38,140 | INFO | app.brokers.etoro.etoro_client | Selected eToro instrument | symbol=GLE.PA | instrument_id=1248
2026-07-20 10:18:39,410 | INFO | app.brokers.etoro.etoro_client | Selected eToro instrument | symbol=WLN.PA | instrument_id=5779
2026-07-20 10:18:40,975 | INFO | app.brokers.etoro.etoro_client | Selected eToro instrument | symbol=HO.PA | instrument_id=5040
2026-07-20 10:18:42,192 | INFO | app.brokers.etoro.etoro_client | Selected eToro instrument | symbol=TTE.PA | instrument_id=1246
2026-07-20 10:18:43,375 | INFO | app.brokers.etoro.etoro_client | Selected eToro instrument | symbol=URW.PA | instrument_id=4548
2026-07-20 10:18:44,594 | INFO | app.brokers.etoro.etoro_client | Selected eToro instrument | symbol=DG.PA | instrument_id=1242
2026-07-20 10:18:46,091 | INFO | app.brokers.etoro.etoro_client | Selected eToro instrument | symbol=ADS.DE | instrument_id=1215
2026-07-20 10:18:47,437 | INFO | app.brokers.etoro.etoro_client | Selected eToro instrument | symbol=ALV.DE | instrument_id=1204
2026-07-20 10:18:48,643 | INFO | app.brokers.etoro.etoro_client | Selected eToro instrument | symbol=BAS.DE | instrument_id=1201
2026-07-20 10:18:50,009 | INFO | app.brokers.etoro.etoro_client | Selected eToro instrument | symbol=BAYN.DE | instrument_id=1203
2026-07-20 10:18:51,361 | INFO | app.brokers.etoro.etoro_client | Selected eToro instrument | symbol=BMW.DE | instrument_id=1211
2026-07-20 10:18:52,625 | INFO | app.brokers.etoro.etoro_client | Selected eToro instrument | symbol=CBK.DE | instrument_id=1223
2026-07-20 10:18:53,822 | INFO | app.brokers.etoro.etoro_client | Selected eToro instrument | symbol=CON.DE | instrument_id=1228
2026-07-20 10:18:55,027 | INFO | app.brokers.etoro.etoro_client | Selected eToro instrument | symbol=DBK.DE | instrument_id=1995
2026-07-20 10:18:56,305 | INFO | app.brokers.etoro.etoro_client | Selected eToro instrument | symbol=DB1.DE | instrument_id=1219
2026-07-20 10:18:57,756 | INFO | app.brokers.etoro.etoro_client | Selected eToro instrument | symbol=EOAN.DE | instrument_id=1205
2026-07-20 10:18:59,006 | INFO | app.brokers.etoro.etoro_client | Selected eToro instrument | symbol=HEI.DE | instrument_id=1226
2026-07-20 10:19:00,332 | INFO | app.brokers.etoro.etoro_client | Selected eToro instrument | symbol=IFX.DE | instrument_id=1221
2026-07-20 10:19:01,674 | INFO | app.brokers.etoro.etoro_client | Selected eToro instrument | symbol=MBG.DE | instrument_id=1206
2026-07-20 10:19:03,058 | INFO | app.brokers.etoro.etoro_client | Selected eToro instrument | symbol=MUV2.DE | instrument_id=1212
2026-07-20 10:19:04,519 | INFO | app.brokers.etoro.etoro_client | Selected eToro instrument | symbol=RWE.DE | instrument_id=1213
2026-07-20 10:19:06,242 | INFO | app.brokers.etoro.etoro_client | Selected eToro instrument | symbol=SAP.DE | instrument_id=1202
2026-07-20 10:19:07,539 | INFO | app.brokers.etoro.etoro_client | Selected eToro instrument | symbol=SIE.DE | instrument_id=1200
2026-07-20 10:19:08,826 | INFO | app.brokers.etoro.etoro_client | Selected eToro instrument | symbol=VOW3.DE | instrument_id=1210
2026-07-20 10:19:10,067 | INFO | app.brokers.etoro.etoro_client | Selected eToro instrument | symbol=BBVA.MC | instrument_id=1316
2026-07-20 10:19:11,300 | INFO | app.brokers.etoro.etoro_client | Selected eToro instrument | symbol=CABK.MC | instrument_id=1320
2026-07-20 10:19:12,506 | INFO | app.brokers.etoro.etoro_client | Selected eToro instrument | symbol=CLNX.MC | instrument_id=5838
2026-07-20 10:19:13,987 | INFO | app.brokers.etoro.etoro_client | Selected eToro instrument | symbol=IBE.MC | instrument_id=1330
2026-07-20 10:19:15,335 | INFO | app.brokers.etoro.etoro_client | Selected eToro instrument | symbol=ITX.MC | instrument_id=1332
2026-07-20 10:19:16,674 | INFO | app.brokers.etoro.etoro_client | Selected eToro instrument | symbol=REP.MC | instrument_id=1339
2026-07-20 10:19:17,941 | INFO | app.brokers.etoro.etoro_client | Selected eToro instrument | symbol=SAN.MC | instrument_id=7615
2026-07-20 10:19:19,329 | INFO | app.brokers.etoro.etoro_client | Selected eToro instrument | symbol=TEF.MC | instrument_id=7622
2026-07-20 10:19:20,537 | INFO | app.brokers.etoro.etoro_client | Selected eToro instrument | symbol=ENEL.MI | instrument_id=1282
2026-07-20 10:19:21,843 | INFO | app.brokers.etoro.etoro_client | Selected eToro instrument | symbol=ENI.MI | instrument_id=1283
2026-07-20 10:19:23,074 | INFO | app.brokers.etoro.etoro_client | Selected eToro instrument | symbol=ISP.MI | instrument_id=1288
2026-07-20 10:19:24,319 | INFO | app.brokers.etoro.etoro_client | Selected eToro instrument | symbol=UCG.MI | instrument_id=1307
2026-07-20 10:19:25,567 | INFO | app.brokers.etoro.etoro_client | Selected eToro instrument | symbol=FRA40 | instrument_id=31
2026-07-20 10:20:45,514 | WARNING | app.brokers.etoro.etoro_client | eToro GET retryable error | attempt=1/3 | status=429 | url=https://public-api.etoro.com/api/v1/market-data/instruments/rates?instrumentIds=1235 | params=None | response={"errorCode":"TooManyRequests","errorMessage":"Too many requests"}
2026-07-20 10:20:46,621 | WARNING | app.brokers.etoro.etoro_client | eToro GET retryable error | attempt=2/3 | status=429 | url=https://public-api.etoro.com/api/v1/market-data/instruments/rates?instrumentIds=1235 | params=None | response={"errorCode":"TooManyRequests","errorMessage":"Too many requests"}
2026-07-20 10:20:48,734 | ERROR | app.brokers.etoro.etoro_client | eToro GET failed | status=429 | url=https://public-api.etoro.com/api/v1/market-data/instruments/rates?instrumentIds=1235 | params=None | response={"errorCode":"TooManyRequests","errorMessage":"Too many requests"}
2026-07-20 10:20:49,065 | WARNING | app.brokers.etoro.etoro_client | eToro GET retryable error | attempt=1/3 | status=429 | url=https://public-api.etoro.com/api/v1/market-data/instruments/rates?instrumentIds=1240,1232,5761,1244,1978,1252,1254,1258,1260,1262,1248,1242,1205,1332,1282 | params=None | response={"errorCode":"TooManyRequests","errorMessage":"Too many requests"}
2026-07-20 10:20:50,147 | WARNING | app.brokers.etoro.etoro_client | eToro GET retryable error | attempt=2/3 | status=429 | url=https://public-api.etoro.com/api/v1/market-data/instruments/rates?instrumentIds=1240,1232,5761,1244,1978,1252,1254,1258,1260,1262,1248,1242,1205,1332,1282 | params=None | response={"errorCode":"TooManyRequests","errorMessage":"Too many requests"}
2026-07-20 10:20:52,232 | ERROR | app.brokers.etoro.etoro_client | eToro GET failed | status=429 | url=https://public-api.etoro.com/api/v1/market-data/instruments/rates?instrumentIds=1240,1232,5761,1244,1978,1252,1254,1258,1260,1262,1248,1242,1205,1332,1282 | params=None | response={"errorCode":"TooManyRequests","errorMessage":"Too many requests"}
2026-07-20 10:20:52,333 | WARNING | app.brokers.etoro.etoro_client | eToro GET retryable error | attempt=1/3 | status=429 | url=https://public-api.etoro.com/api/v1/market-data/instruments/rates?instrumentIds=1231,1233,1234,1235,1241,1238,5001,1250,1256,1253,1259,1261,1263,1265,5779,5040,1246,4548,1215,1204,1201,1203,1211,1223,1228,1995,1219,1226,1221,1206,1212,1213,1202,1200,1210,1316,1320,5838,1330,1339,7615,7622,1283,1288,1307,31 | params=None | response={"errorCode":"TooManyRequests","errorMessage":"Too many requests"}
2026-07-20 10:20:53,427 | WARNING | app.brokers.etoro.etoro_client | eToro GET retryable error | attempt=2/3 | status=429 | url=https://public-api.etoro.com/api/v1/market-data/instruments/rates?instrumentIds=1231,1233,1234,1235,1241,1238,5001,1250,1256,1253,1259,1261,1263,1265,5779,5040,1246,4548,1215,1204,1201,1203,1211,1223,1228,1995,1219,1226,1221,1206,1212,1213,1202,1200,1210,1316,1320,5838,1330,1339,7615,7622,1283,1288,1307,31 | params=None | response={"errorCode":"TooManyRequests","errorMessage":"Too many requests"}
2026-07-20 10:20:55,550 | ERROR | app.brokers.etoro.etoro_client | eToro GET failed | status=429 | url=https://public-api.etoro.com/api/v1/market-data/instruments/rates?instrumentIds=1231,1233,1234,1235,1241,1238,5001,1250,1256,1253,1259,1261,1263,1265,5779,5040,1246,4548,1215,1204,1201,1203,1211,1223,1228,1995,1219,1226,1221,1206,1212,1213,1202,1200,1210,1316,1320,5838,1330,1339,7615,7622,1283,1288,1307,31 | params=None | response={"errorCode":"TooManyRequests","errorMessage":"Too many requests"}
2026-07-20 10:20:55,717 | WARNING | app.brokers.etoro.etoro_client | eToro GET retryable error | attempt=1/3 | status=429 | url=https://public-api.etoro.com/api/v1/market-data/instruments/rates?instrumentIds=1240,1232,5761,1244,1978,1252,1254,1258,1260,1262,1248,1242,1205,1332,1282 | params=None | response={"errorCode":"TooManyRequests","errorMessage":"Too many requests"}
2026-07-20 10:20:56,822 | WARNING | app.brokers.etoro.etoro_client | eToro GET retryable error | attempt=2/3 | status=429 | url=https://public-api.etoro.com/api/v1/market-data/instruments/rates?instrumentIds=1240,1232,5761,1244,1978,1252,1254,1258,1260,1262,1248,1242,1205,1332,1282 | params=None | response={"errorCode":"TooManyRequests","errorMessage":"Too many requests"}
2026-07-20 10:20:58,937 | ERROR | app.brokers.etoro.etoro_client | eToro GET failed | status=429 | url=https://public-api.etoro.com/api/v1/market-data/instruments/rates?instrumentIds=1240,1232,5761,1244,1978,1252,1254,1258,1260,1262,1248,1242,1205,1332,1282 | params=None | response={"errorCode":"TooManyRequests","errorMessage":"Too many requests"}
2026-07-20 10:20:59,125 | WARNING | app.brokers.etoro.etoro_client | eToro GET retryable error | attempt=1/3 | status=429 | url=https://public-api.etoro.com/api/v1/market-data/instruments/rates?instrumentIds=1231,1233,1234,1235,1241,1238,5001,1250,1256,1253,1259,1261,1263,1265,5779,5040,1246,4548,1215,1204,1201,1203,1211,1223,1228,1995,1219,1226,1221,1206,1212,1213,1202,1200,1210,1316,1320,5838,1330,1339,7615,7622,1283,1288,1307,31 | params=None | response={"errorCode":"TooManyRequests","errorMessage":"Too many requests"}
2026-07-20 10:21:00,231 | WARNING | app.brokers.etoro.etoro_client | eToro GET retryable error | attempt=2/3 | status=429 | url=https://public-api.etoro.com/api/v1/market-data/instruments/rates?instrumentIds=1231,1233,1234,1235,1241,1238,5001,1250,1256,1253,1259,1261,1263,1265,5779,5040,1246,4548,1215,1204,1201,1203,1211,1223,1228,1995,1219,1226,1221,1206,1212,1213,1202,1200,1210,1316,1320,5838,1330,1339,7615,7622,1283,1288,1307,31 | params=None | response={"errorCode":"TooManyRequests","errorMessage":"Too many requests"}
2026-07-20 10:21:02,337 | ERROR | app.brokers.etoro.etoro_client | eToro GET failed | status=429 | url=https://public-api.etoro.com/api/v1/market-data/instruments/rates?instrumentIds=1231,1233,1234,1235,1241,1238,5001,1250,1256,1253,1259,1261,1263,1265,5779,5040,1246,4548,1215,1204,1201,1203,1211,1223,1228,1995,1219,1226,1221,1206,1212,1213,1202,1200,1210,1316,1320,5838,1330,1339,7615,7622,1283,1288,1307,31 | params=None | response={"errorCode":"TooManyRequests","errorMessage":"Too many requests"}
2026-07-20 10:21:02,451 | WARNING | app.brokers.etoro.etoro_client | eToro GET retryable error | attempt=1/3 | status=429 | url=https://public-api.etoro.com/api/v1/market-data/instruments/rates?instrumentIds=1240,1232,5761,1244,1978,1252,1254,1258,1260,1262,1248,1242,1205,1332,1282 | params=None | response={"errorCode":"TooManyRequests","errorMessage":"Too many requests"}
2026-07-20 10:21:03,517 | WARNING | app.brokers.etoro.etoro_client | eToro GET retryable error | attempt=2/3 | status=429 | url=https://public-api.etoro.com/api/v1/market-data/instruments/rates?instrumentIds=1240,1232,5761,1244,1978,1252,1254,1258,1260,1262,1248,1242,1205,1332,1282 | params=None | response={"errorCode":"TooManyRequests","errorMessage":"Too many requests"}
2026-07-20 10:21:05,723 | ERROR | app.brokers.etoro.etoro_client | eToro GET failed | status=429 | url=https://public-api.etoro.com/api/v1/market-data/instruments/rates?instrumentIds=1240,1232,5761,1244,1978,1252,1254,1258,1260,1262,1248,1242,1205,1332,1282 | params=None | response={"errorCode":"TooManyRequests","errorMessage":"Too many requests"}
2026-07-20 10:21:55,040 | WARNING | app.brokers.etoro.etoro_client | eToro GET retryable error | attempt=1/3 | status=429 | url=https://public-api.etoro.com/api/v1/market-data/instruments/rates?instrumentIds=1241,1978 | params=None | response={"errorCode":"TooManyRequests","errorMessage":"Too many requests"}
2026-07-20 10:21:56,287 | WARNING | app.brokers.etoro.etoro_client | eToro GET retryable error | attempt=2/3 | status=429 | url=https://public-api.etoro.com/api/v1/market-data/instruments/rates?instrumentIds=1241,1978 | params=None | response={"errorCode":"TooManyRequests","errorMessage":"Too many requests"}
2026-07-20 10:21:58,372 | ERROR | app.brokers.etoro.etoro_client | eToro GET failed | status=429 | url=https://public-api.etoro.com/api/v1/market-data/instruments/rates?instrumentIds=1241,1978 | params=None | response={"errorCode":"TooManyRequests","errorMessage":"Too many requests"}
2026-07-20 10:21:58,482 | WARNING | app.brokers.etoro.etoro_client | eToro GET retryable error | attempt=1/3 | status=429 | url=https://public-api.etoro.com/api/v1/market-data/instruments/rates?instrumentIds=1231,1235,1238,1232,5761,1244,1250,1252,1254,1258,1260,1261,1263,1265,1248,5779,1246,4548,1242,1215,1201,1211,1223,1228,1219,1205,1212,1200,1316,5838,1332,1339,7615,7622,1282,1283,31 | params=None | response={"errorCode":"TooManyRequests","errorMessage":"Too many requests"}
2026-07-20 10:21:59,571 | WARNING | app.brokers.etoro.etoro_client | eToro GET retryable error | attempt=2/3 | status=429 | url=https://public-api.etoro.com/api/v1/market-data/instruments/rates?instrumentIds=1231,1235,1238,1232,5761,1244,1250,1252,1254,1258,1260,1261,1263,1265,1248,5779,1246,4548,1242,1215,1201,1211,1223,1228,1219,1205,1212,1200,1316,5838,1332,1339,7615,7622,1282,1283,31 | params=None | response={"errorCode":"TooManyRequests","errorMessage":"Too many requests"}
2026-07-20 10:22:01,668 | ERROR | app.brokers.etoro.etoro_client | eToro GET failed | status=429 | url=https://public-api.etoro.com/api/v1/market-data/instruments/rates?instrumentIds=1231,1235,1238,1232,5761,1244,1250,1252,1254,1258,1260,1261,1263,1265,1248,5779,1246,4548,1242,1215,1201,1211,1223,1228,1219,1205,1212,1200,1316,5838,1332,1339,7615,7622,1282,1283,31 | params=None | response={"errorCode":"TooManyRequests","errorMessage":"Too many requests"}
2026-07-20 10:22:01,868 | WARNING | app.brokers.etoro.etoro_client | eToro GET retryable error | attempt=1/3 | status=429 | url=https://public-api.etoro.com/api/v1/market-data/instruments/rates?instrumentIds=1233,1234,1241,1240,5001,1978,1256,1253,1259,1262,5040,1204,1203,1995,1226,1221,1206,1213,1202,1210,1320,1330,1288,1307 | params=None | response={"errorCode":"TooManyRequests","errorMessage":"Too many requests"}
2026-07-20 10:22:03,031 | WARNING | app.brokers.etoro.etoro_client | eToro GET retryable error | attempt=2/3 | status=429 | url=https://public-api.etoro.com/api/v1/market-data/instruments/rates?instrumentIds=1233,1234,1241,1240,5001,1978,1256,1253,1259,1262,5040,1204,1203,1995,1226,1221,1206,1213,1202,1210,1320,1330,1288,1307 | params=None | response={"errorCode":"TooManyRequests","errorMessage":"Too many requests"}
2026-07-20 10:22:05,165 | ERROR | app.brokers.etoro.etoro_client | eToro GET failed | status=429 | url=https://public-api.etoro.com/api/v1/market-data/instruments/rates?instrumentIds=1233,1234,1241,1240,5001,1978,1256,1253,1259,1262,5040,1204,1203,1995,1226,1221,1206,1213,1202,1210,1320,1330,1288,1307 | params=None | response={"errorCode":"TooManyRequests","errorMessage":"Too many requests"}
2026-07-20 10:22:05,259 | WARNING | app.brokers.etoro.etoro_client | eToro GET retryable error | attempt=1/3 | status=429 | url=https://public-api.etoro.com/api/v1/market-data/instruments/rates?instrumentIds=1231,1235,1238,1232,5761,1244,1250,1252,1254,1258,1260,1261,1263,1265,1248,5779,1246,4548,1242,1215,1201,1211,1223,1228,1219,1205,1212,1200,1316,5838,1332,1339,7615,7622,1282,1283,31 | params=None | response={"errorCode":"TooManyRequests","errorMessage":"Too many requests"}
2026-07-20 10:23:40,500 | INFO | app.brokers.etoro.market_data_client | Loaded eToro instrument cache | path=data/etoro_instrument_ids.json | instruments=61
2026-07-20 10:23:40,504 | INFO | __main__ | Starting Goblin! | run_id=run_20260720T102340_426502Z | broker=etoro_demo | market_data=auto | strategy_profile=balanced | watchlist=['AC.PA', 'AI.PA', 'AIR.PA', 'ALO.PA', 'CS.PA', 'BNP.PA', 'CAP.PA', 'ACA.PA', 'DSY.PA', 'EDEN.PA', 'EL.PA', 'RMS.PA', 'KER.PA', 'OR.PA', 'LR.PA', 'MC.PA', 'ML.PA', 'RI.PA', 'PUB.PA', 'RNO.PA', 'SAF.PA', 'SGO.PA', 'SAN.PA', 'SU.PA', 'GLE.PA', 'WLN.PA', 'HO.PA', 'TTE.PA', 'URW.PA', 'DG.PA', 'ADS.DE', 'ALV.DE', 'BAS.DE', 'BAYN.DE', 'BMW.DE', 'CBK.DE', 'CON.DE', 'DBK.DE', 'DB1.DE', 'EOAN.DE', 'HEI.DE', 'IFX.DE', 'MBG.DE', 'MUV2.DE', 'RWE.DE', 'SAP.DE', 'SIE.DE', 'VOW3.DE', 'BBVA.MC', 'CABK.MC', 'CLNX.MC', 'IBE.MC', 'ITX.MC', 'REP.MC', 'SAN.MC', 'TEF.MC', 'ENEL.MI', 'ENI.MI', 'ISP.MI', 'UCG.MI', 'AAPL', 'MSFT', 'NVDA', 'AMZN', 'META', 'GOOGL', 'TSLA', 'AVGO', 'AMD', 'NFLX', 'ADBE', 'CRM', 'ORCL', 'AMAT', 'INTC', 'QCOM', 'MU', 'LRCX', 'TXN', 'PLTR', 'UBER', 'NOW', 'LLY', 'COF', 'AXP', 'GS', 'JPM', 'BAC', 'CAT', 'DE', 'FDX', 'UPS', 'GE', 'GEV', 'HON', 'BA', 'NKE', 'SBUX', 'BKNG', 'BLK', 'GILD', 'MRK', 'DHR', 'TMO', 'ACN', 'INTU', 'COP', 'XOM', 'RTX', 'TMUS', 'WFC', 'SCHW', 'AMGN', 'DIS', 'PEP']
2026-07-20 10:23:40,506 | INFO | app.runtime.position_lifecycle | No persisted open positions to restore
2026-07-20 10:24:29,551 | WARNING | app.brokers.etoro.etoro_client | eToro GET request failed | attempt=1/3 | url=https://public-api.etoro.com/api/v1/market-data/instruments/rates?instrumentIds=4548 | params=None | error=HTTPSConnectionPool(host='public-api.etoro.com', port=443): Max retries exceeded with url: /api/v1/market-data/instruments/rates?instrumentIds=4548 (Caused by NameResolutionError("HTTPSConnection(host='public-api.etoro.com', port=443): Failed to resolve 'public-api.etoro.com' ([Errno -3] Temporary failure in name resolution)"))
2026-07-20 10:24:30,558 | WARNING | app.brokers.etoro.etoro_client | eToro GET request failed | attempt=2/3 | url=https://public-api.etoro.com/api/v1/market-data/instruments/rates?instrumentIds=4548 | params=None | error=HTTPSConnectionPool(host='public-api.etoro.com', port=443): Max retries exceeded with url: /api/v1/market-data/instruments/rates?instrumentIds=4548 (Caused by NameResolutionError("HTTPSConnection(host='public-api.etoro.com', port=443): Failed to resolve 'public-api.etoro.com' ([Errno -3] Temporary failure in name resolution)"))
2026-07-20 10:24:32,565 | WARNING | app.brokers.etoro.etoro_client | eToro GET request failed | attempt=3/3 | url=https://public-api.etoro.com/api/v1/market-data/instruments/rates?instrumentIds=4548 | params=None | error=HTTPSConnectionPool(host='public-api.etoro.com', port=443): Max retries exceeded with url: /api/v1/market-data/instruments/rates?instrumentIds=4548 (Caused by NameResolutionError("HTTPSConnection(host='public-api.etoro.com', port=443): Failed to resolve 'public-api.etoro.com' ([Errno -3] Temporary failure in name resolution)"))
2026-07-20 10:24:34,616 | WARNING | app.brokers.etoro.etoro_client | eToro GET retryable error | attempt=1/3 | status=429 | url=https://public-api.etoro.com/api/v1/market-data/instruments/rates?instrumentIds=4548 | params=None | response={"errorCode":"TooManyRequests","errorMessage":"Too many requests"}
2026-07-20 10:24:35,907 | WARNING | app.brokers.etoro.etoro_client | eToro GET retryable error | attempt=2/3 | status=429 | url=https://public-api.etoro.com/api/v1/market-data/instruments/rates?instrumentIds=4548 | params=None | response={"errorCode":"TooManyRequests","errorMessage":"Too many requests"}
2026-07-20 10:24:37,978 | ERROR | app.brokers.etoro.etoro_client | eToro GET failed | status=429 | url=https://public-api.etoro.com/api/v1/market-data/instruments/rates?instrumentIds=4548 | params=None | response={"errorCode":"TooManyRequests","errorMessage":"Too many requests"}
2026-07-20 10:24:38,113 | WARNING | app.brokers.etoro.etoro_client | eToro GET retryable error | attempt=1/3 | status=429 | url=https://public-api.etoro.com/api/v1/market-data/instruments/rates?instrumentIds=1330,7622 | params=None | response={"errorCode":"TooManyRequests","errorMessage":"Too many requests"}
2026-07-20 10:24:39,202 | WARNING | app.brokers.etoro.etoro_client | eToro GET retryable error | attempt=2/3 | status=429 | url=https://public-api.etoro.com/api/v1/market-data/instruments/rates?instrumentIds=1330,7622 | params=None | response={"errorCode":"TooManyRequests","errorMessage":"Too many requests"}
2026-07-20 10:24:41,374 | ERROR | app.brokers.etoro.etoro_client | eToro GET failed | status=429 | url=https://public-api.etoro.com/api/v1/market-data/instruments/rates?instrumentIds=1330,7622 | params=None | response={"errorCode":"TooManyRequests","errorMessage":"Too many requests"}
2026-07-20 10:24:41,488 | WARNING | app.brokers.etoro.etoro_client | eToro GET retryable error | attempt=1/3 | status=429 | url=https://public-api.etoro.com/api/v1/market-data/instruments/rates?instrumentIds=1231,1233,1234,1235,1241,1238,1240,1232,5001,5761,1244,1978,1250,1256,1252,1253,1254,1259,1258,1260,1261,1263,1262,1265,1248,5779,5040,1246,4548,1242,1215,1204,1201,1203,1211,1223,1228,1995,1219,1205,1226,1221,1206,1212,1213,1202,1200,1210,1316,1320,5838,1332,1339,7615,1282,1283,1288,1307,31 | params=None | response={"errorCode":"TooManyRequests","errorMessage":"Too many requests"}
2026-07-20 10:24:42,636 | WARNING | app.brokers.etoro.etoro_client | eToro GET retryable error | attempt=2/3 | status=429 | url=https://public-api.etoro.com/api/v1/market-data/instruments/rates?instrumentIds=1231,1233,1234,1235,1241,1238,1240,1232,5001,5761,1244,1978,1250,1256,1252,1253,1254,1259,1258,1260,1261,1263,1262,1265,1248,5779,5040,1246,4548,1242,1215,1204,1201,1203,1211,1223,1228,1995,1219,1205,1226,1221,1206,1212,1213,1202,1200,1210,1316,1320,5838,1332,1339,7615,1282,1283,1288,1307,31 | params=None | response={"errorCode":"TooManyRequests","errorMessage":"Too many requests"}
2026-07-20 10:24:44,718 | ERROR | app.brokers.etoro.etoro_client | eToro GET failed | status=429 | url=https://public-api.etoro.com/api/v1/market-data/instruments/rates?instrumentIds=1231,1233,1234,1235,1241,1238,1240,1232,5001,5761,1244,1978,1250,1256,1252,1253,1254,1259,1258,1260,1261,1263,1262,1265,1248,5779,5040,1246,4548,1242,1215,1204,1201,1203,1211,1223,1228,1995,1219,1205,1226,1221,1206,1212,1213,1202,1200,1210,1316,1320,5838,1332,1339,7615,1282,1283,1288,1307,31 | params=None | response={"errorCode":"TooManyRequests","errorMessage":"Too many requests"}
2026-07-20 10:24:44,850 | WARNING | app.brokers.etoro.etoro_client | eToro GET retryable error | attempt=1/3 | status=429 | url=https://public-api.etoro.com/api/v1/market-data/instruments/rates?instrumentIds=1231,1233,1234,1235,1241,1238,1240,1232,5001,5761,1244,1978,1250,1256,1252,1253,1254,1259,1258,1260,1261,1263,1262,1265,1248,5779,5040,1246,4548,1242,1215,1204,1201,1203,1211,1223,1228,1995,1219,1205,1226,1221,1206,1212,1213,1202,1200,1210,1316,1320,5838,1330,1332,1339,7615,7622,1282,1283,1288,1307,31 | params=None | response={"errorCode":"TooManyRequests","errorMessage":"Too many requests"}
2026-07-20 10:24:45,992 | WARNING | app.brokers.etoro.etoro_client | eToro GET retryable error | attempt=2/3 | status=429 | url=https://public-api.etoro.com/api/v1/market-data/instruments/rates?instrumentIds=1231,1233,1234,1235,1241,1238,1240,1232,5001,5761,1244,1978,1250,1256,1252,1253,1254,1259,1258,1260,1261,1263,1262,1265,1248,5779,5040,1246,4548,1242,1215,1204,1201,1203,1211,1223,1228,1995,1219,1205,1226,1221,1206,1212,1213,1202,1200,1210,1316,1320,5838,1330,1332,1339,7615,7622,1282,1283,1288,1307,31 | params=None | response={"errorCode":"TooManyRequests","errorMessage":"Too many requests"}
2026-07-20 10:26:04,511 | INFO | app.brokers.etoro.market_data_client | Loaded eToro instrument cache | path=data/etoro_instrument_ids.json | instruments=61
2026-07-20 10:26:04,516 | INFO | __main__ | Starting Goblin! | run_id=run_20260720T102604_434577Z | broker=etoro_demo | market_data=auto | strategy_profile=balanced | watchlist=['AC.PA', 'AI.PA', 'AIR.PA', 'ALO.PA', 'CS.PA', 'BNP.PA', 'CAP.PA', 'ACA.PA', 'DSY.PA', 'EDEN.PA', 'EL.PA', 'RMS.PA', 'KER.PA', 'OR.PA', 'LR.PA', 'MC.PA', 'ML.PA', 'RI.PA', 'PUB.PA', 'RNO.PA', 'SAF.PA', 'SGO.PA', 'SAN.PA', 'SU.PA', 'GLE.PA', 'WLN.PA', 'HO.PA', 'TTE.PA', 'URW.PA', 'DG.PA', 'ADS.DE', 'ALV.DE', 'BAS.DE', 'BAYN.DE', 'BMW.DE', 'CBK.DE', 'CON.DE', 'DBK.DE', 'DB1.DE', 'EOAN.DE', 'HEI.DE', 'IFX.DE', 'MBG.DE', 'MUV2.DE', 'RWE.DE', 'SAP.DE', 'SIE.DE', 'VOW3.DE', 'BBVA.MC', 'CABK.MC', 'CLNX.MC', 'IBE.MC', 'ITX.MC', 'REP.MC', 'SAN.MC', 'TEF.MC', 'ENEL.MI', 'ENI.MI', 'ISP.MI', 'UCG.MI', 'AAPL', 'MSFT', 'NVDA', 'AMZN', 'META', 'GOOGL', 'TSLA', 'AVGO', 'AMD', 'NFLX', 'ADBE', 'CRM', 'ORCL', 'AMAT', 'INTC', 'QCOM', 'MU', 'LRCX', 'TXN', 'PLTR', 'UBER', 'NOW', 'LLY', 'COF', 'AXP', 'GS', 'JPM', 'BAC', 'CAT', 'DE', 'FDX', 'UPS', 'GE', 'GEV', 'HON', 'BA', 'NKE', 'SBUX', 'BKNG', 'BLK', 'GILD', 'MRK', 'DHR', 'TMO', 'ACN', 'INTU', 'COP', 'XOM', 'RTX', 'TMUS', 'WFC', 'SCHW', 'AMGN', 'DIS', 'PEP']
2026-07-20 10:26:04,517 | INFO | app.runtime.position_lifecycle | No persisted open positions to restore
2026-07-20 10:26:55,342 | WARNING | app.brokers.etoro.etoro_client | eToro GET retryable error | attempt=1/3 | status=429 | url=https://public-api.etoro.com/api/v1/market-data/instruments/rates?instrumentIds=1241,1978 | params=None | response={"errorCode":"TooManyRequests","errorMessage":"Too many requests"}
2026-07-20 10:26:56,433 | WARNING | app.brokers.etoro.etoro_client | eToro GET retryable error | attempt=2/3 | status=429 | url=https://public-api.etoro.com/api/v1/market-data/instruments/rates?instrumentIds=1241,1978 | params=None | response={"errorCode":"TooManyRequests","errorMessage":"Too many requests"}
2026-07-20 10:26:58,540 | ERROR | app.brokers.etoro.etoro_client | eToro GET failed | status=429 | url=https://public-api.etoro.com/api/v1/market-data/instruments/rates?instrumentIds=1241,1978 | params=None | response={"errorCode":"TooManyRequests","errorMessage":"Too many requests"}
2026-07-20 10:26:58,673 | WARNING | app.brokers.etoro.etoro_client | eToro GET retryable error | attempt=1/3 | status=429 | url=https://public-api.etoro.com/api/v1/market-data/instruments/rates?instrumentIds=1231,1234,1235,1238,1232,5001,5761,1244,1250,1256,1252,1253,1254,1262,1248,5779,5040,1246,4548,1242,1215,1204,1201,1211,1223,1228,1995,1219,1205,1221,1206,1316,1320,5838,1330,1332,1339,7615,7622,1282,1283,1307,31 | params=None | response={"errorCode":"TooManyRequests","errorMessage":"Too many requests"}
2026-07-20 10:26:59,801 | WARNING | app.brokers.etoro.etoro_client | eToro GET retryable error | attempt=2/3 | status=429 | url=https://public-api.etoro.com/api/v1/market-data/instruments/rates?instrumentIds=1231,1234,1235,1238,1232,5001,5761,1244,1250,1256,1252,1253,1254,1262,1248,5779,5040,1246,4548,1242,1215,1204,1201,1211,1223,1228,1995,1219,1205,1221,1206,1316,1320,5838,1330,1332,1339,7615,7622,1282,1283,1307,31 | params=None | response={"errorCode":"TooManyRequests","errorMessage":"Too many requests"}
2026-07-20 10:27:01,888 | ERROR | app.brokers.etoro.etoro_client | eToro GET failed | status=429 | url=https://public-api.etoro.com/api/v1/market-data/instruments/rates?instrumentIds=1231,1234,1235,1238,1232,5001,5761,1244,1250,1256,1252,1253,1254,1262,1248,5779,5040,1246,4548,1242,1215,1204,1201,1211,1223,1228,1995,1219,1205,1221,1206,1316,1320,5838,1330,1332,1339,7615,7622,1282,1283,1307,31 | params=None | response={"errorCode":"TooManyRequests","errorMessage":"Too many requests"}
2026-07-20 10:27:01,981 | WARNING | app.brokers.etoro.etoro_client | eToro GET retryable error | attempt=1/3 | status=429 | url=https://public-api.etoro.com/api/v1/market-data/instruments/rates?instrumentIds=1233,1241,1240,1978,1259,1258,1260,1261,1263,1265,1203,1226,1212,1213,1202,1200,1210,1288 | params=None | response={"errorCode":"TooManyRequests","errorMessage":"Too many requests"}
2026-07-20 10:27:03,068 | WARNING | app.brokers.etoro.etoro_client | eToro GET retryable error | attempt=2/3 | status=429 | url=https://public-api.etoro.com/api/v1/market-data/instruments/rates?instrumentIds=1233,1241,1240,1978,1259,1258,1260,1261,1263,1265,1203,1226,1212,1213,1202,1200,1210,1288 | params=None | response={"errorCode":"TooManyRequests","errorMessage":"Too many requests"}
2026-07-20 10:27:05,240 | ERROR | app.brokers.etoro.etoro_client | eToro GET failed | status=429 | url=https://public-api.etoro.com/api/v1/market-data/instruments/rates?instrumentIds=1233,1241,1240,1978,1259,1258,1260,1261,1263,1265,1203,1226,1212,1213,1202,1200,1210,1288 | params=None | response={"errorCode":"TooManyRequests","errorMessage":"Too many requests"}
2026-07-20 10:27:05,345 | WARNING | app.brokers.etoro.etoro_client | eToro GET retryable error | attempt=1/3 | status=429 | url=https://public-api.etoro.com/api/v1/market-data/instruments/rates?instrumentIds=1231,1234,1235,1238,1232,5001,5761,1244,1250,1256,1252,1253,1254,1262,1248,5779,5040,1246,4548,1242,1215,1204,1201,1211,1223,1228,1995,1219,1205,1221,1206,1316,1320,5838,1330,1332,1339,7615,7622,1282,1283,1307,31 | params=None | response={"errorCode":"TooManyRequests","errorMessage":"Too many requests"}
2026-07-20 10:27:06,459 | WARNING | app.brokers.etoro.etoro_client | eToro GET retryable error | attempt=2/3 | status=429 | url=https://public-api.etoro.com/api/v1/market-data/instruments/rates?instrumentIds=1231,1234,1235,1238,1232,5001,5761,1244,1250,1256,1252,1253,1254,1262,1248,5779,5040,1246,4548,1242,1215,1204,1201,1211,1223,1228,1995,1219,1205,1221,1206,1316,1320,5838,1330,1332,1339,7615,7622,1282,1283,1307,31 | params=None | response={"errorCode":"TooManyRequests","errorMessage":"Too many requests"}
2026-07-20 10:27:08,604 | ERROR | app.brokers.etoro.etoro_client | eToro GET failed | status=429 | url=https://public-api.etoro.com/api/v1/market-data/instruments/rates?instrumentIds=1231,1234,1235,1238,1232,5001,5761,1244,1250,1256,1252,1253,1254,1262,1248,5779,5040,1246,4548,1242,1215,1204,1201,1211,1223,1228,1995,1219,1205,1221,1206,1316,1320,5838,1330,1332,1339,7615,7622,1282,1283,1307,31 | params=None | response={"errorCode":"TooManyRequests","errorMessage":"Too many requests"}
2026-07-20 10:27:08,723 | WARNING | app.brokers.etoro.etoro_client | eToro GET retryable error | attempt=1/3 | status=429 | url=https://public-api.etoro.com/api/v1/market-data/instruments/rates?instrumentIds=1231,1233,1234,1235,1241,1238,1240,1232,5001,5761,1244,1978,1250,1256,1252,1253,1254,1259,1258,1260,1261,1263,1262,1265,1248,5779,5040,1246,4548,1242,1215,1204,1201,1203,1211,1223,1228,1995,1219,1205,1226,1221,1206,1212,1213,1202,1200,1210,1316,1320,5838,1330,1332,1339,7615,7622,1282,1283,1288,1307,31 | params=None | response={"errorCode":"TooManyRequests","errorMessage":"Too many requests"}
2026-07-20 10:27:09,805 | WARNING | app.brokers.etoro.etoro_client | eToro GET retryable error | attempt=2/3 | status=429 | url=https://public-api.etoro.com/api/v1/market-data/instruments/rates?instrumentIds=1231,1233,1234,1235,1241,1238,1240,1232,5001,5761,1244,1978,1250,1256,1252,1253,1254,1259,1258,1260,1261,1263,1262,1265,1248,5779,5040,1246,4548,1242,1215,1204,1201,1203,1211,1223,1228,1995,1219,1205,1226,1221,1206,1212,1213,1202,1200,1210,1316,1320,5838,1330,1332,1339,7615,7622,1282,1283,1288,1307,31 | params=None | response={"errorCode":"TooManyRequests","errorMessage":"Too many requests"}
2026-07-20 12:56:34,271 | INFO | app.brokers.etoro.market_data_client | Loaded eToro instrument cache | path=data/etoro_instrument_ids.json | instruments=61
2026-07-20 12:56:34,281 | INFO | __main__ | Starting Goblin! | run_id=run_20260720T125634_185090Z | broker=etoro_demo | market_data=auto | strategy_profile=balanced | watchlist=['AC.PA', 'AI.PA', 'AIR.PA', 'ALO.PA', 'CS.PA', 'BNP.PA', 'CAP.PA', 'ACA.PA', 'DSY.PA', 'EDEN.PA', 'EL.PA', 'RMS.PA', 'KER.PA', 'OR.PA', 'LR.PA', 'MC.PA', 'ML.PA', 'RI.PA', 'PUB.PA', 'RNO.PA', 'SAF.PA', 'SGO.PA', 'SAN.PA', 'SU.PA', 'GLE.PA', 'WLN.PA', 'HO.PA', 'TTE.PA', 'URW.PA', 'DG.PA', 'ADS.DE', 'ALV.DE', 'BAS.DE', 'BAYN.DE', 'BMW.DE', 'CBK.DE', 'CON.DE', 'DBK.DE', 'DB1.DE', 'EOAN.DE', 'HEI.DE', 'IFX.DE', 'MBG.DE', 'MUV2.DE', 'RWE.DE', 'SAP.DE', 'SIE.DE', 'VOW3.DE', 'BBVA.MC', 'CABK.MC', 'CLNX.MC', 'IBE.MC', 'ITX.MC', 'REP.MC', 'SAN.MC', 'TEF.MC', 'ENEL.MI', 'ENI.MI', 'ISP.MI', 'UCG.MI', 'AAPL', 'MSFT', 'NVDA', 'AMZN', 'META', 'GOOGL', 'TSLA', 'AVGO', 'AMD', 'NFLX', 'ADBE', 'CRM', 'ORCL', 'AMAT', 'INTC', 'QCOM', 'MU', 'LRCX', 'TXN', 'PLTR', 'UBER', 'NOW', 'LLY', 'COF', 'AXP', 'GS', 'JPM', 'BAC', 'CAT', 'DE', 'FDX', 'UPS', 'GE', 'GEV', 'HON', 'BA', 'NKE', 'SBUX', 'BKNG', 'BLK', 'GILD', 'MRK', 'DHR', 'TMO', 'ACN', 'INTU', 'COP', 'XOM', 'RTX', 'TMUS', 'WFC', 'SCHW', 'AMGN', 'DIS', 'PEP']
2026-07-20 12:56:34,283 | INFO | app.runtime.position_lifecycle | No persisted open positions to restore
