2026-07-14 23:53:14,830 | INFO | __main__ | Starting Goblin! | run_id=run_20260714T235314_793687Z | broker=etoro_demo | strategy_profile=balanced | watchlist=['BTC', 'ETH', 'SOL', 'XRP', 'ADA', 'DOGE', 'AVAX', 'LINK', 'DOT', 'LTC', 'BCH', 'XLM', 'ETC', 'UNI', 'AAVE', 'ATOM', 'ALGO', 'NEAR', 'FIL', 'AC.PA', 'AI.PA', 'AIR.PA', 'ALO.PA', 'CS.PA', 'BNP.PA', 'CAP.PA', 'ACA.PA', 'DSY.PA', 'EDEN.PA', 'EL.PA', 'RMS.PA', 'KER.PA', 'OR.PA', 'LR.PA', 'MC.PA', 'ML.PA', 'RI.PA', 'PUB.PA', 'RNO.PA', 'SAF.PA', 'SGO.PA', 'SAN.PA', 'SU.PA', 'GLE.PA', 'WLN.PA', 'HO.PA', 'TTE.PA', 'URW.PA', 'DG.PA', 'ADS.DE', 'ALV.DE', 'BAS.DE', 'BAYN.DE', 'BMW.DE', 'CBK.DE', 'CON.DE', 'DBK.DE', 'DB1.DE', 'EOAN.DE', 'HEI.DE', 'IFX.DE', 'MBG.DE', 'MUV2.DE', 'RWE.DE', 'SAP.DE', 'SIE.DE', 'VOW3.DE', 'BBVA.MC', 'CABK.MC', 'CLNX.MC', 'IBE.MC', 'ITX.MC', 'REP.MC', 'SAN.MC', 'TEF.MC', 'ENEL.MI', 'ENI.MI', 'ISP.MI', 'UCG.MI', 'AAPL', 'MSFT', 'NVDA', 'AMZN', 'META', 'GOOGL', 'TSLA', 'AVGO', 'AMD', 'NFLX', 'ADBE', 'CRM', 'ORCL', 'AMAT', 'INTC', 'QCOM', 'MU', 'LRCX', 'TXN', 'PLTR', 'UBER', 'NOW', 'LLY', 'COF', 'AXP', 'GS', 'JPM', 'BAC', 'CAT', 'DE', 'FDX', 'UPS', 'GE', 'GEV', 'HON', 'BA', 'NKE', 'SBUX', 'BKNG', 'BLK', 'GILD', 'MRK', 'DHR', 'TMO', 'ACN', 'INTU', 'COP', 'XOM', 'RTX', 'TMUS', 'WFC', 'SCHW', 'AMGN', 'DIS', 'PEP'] | journal_detail=normal
2026-07-14 23:53:14,851 | INFO | app.runtime.position_lifecycle | No persisted open positions to restore
2026-07-14 23:56:01,262 | INFO | __main__ | Starting Goblin! | run_id=run_20260714T235601_189148Z | broker=etoro_demo | strategy_profile=balanced | watchlist=['BTC', 'ETH', 'SOL', 'XRP', 'ADA', 'DOGE', 'AVAX', 'LINK', 'DOT', 'LTC', 'BCH', 'XLM', 'ETC', 'UNI', 'AAVE', 'ATOM', 'ALGO', 'NEAR', 'FIL', 'AC.PA', 'AI.PA', 'AIR.PA', 'ALO.PA', 'CS.PA', 'BNP.PA', 'CAP.PA', 'ACA.PA', 'DSY.PA', 'EDEN.PA', 'EL.PA', 'RMS.PA', 'KER.PA', 'OR.PA', 'LR.PA', 'MC.PA', 'ML.PA', 'RI.PA', 'PUB.PA', 'RNO.PA', 'SAF.PA', 'SGO.PA', 'SAN.PA', 'SU.PA', 'GLE.PA', 'WLN.PA', 'HO.PA', 'TTE.PA', 'URW.PA', 'DG.PA', 'ADS.DE', 'ALV.DE', 'BAS.DE', 'BAYN.DE', 'BMW.DE', 'CBK.DE', 'CON.DE', 'DBK.DE', 'DB1.DE', 'EOAN.DE', 'HEI.DE', 'IFX.DE', 'MBG.DE', 'MUV2.DE', 'RWE.DE', 'SAP.DE', 'SIE.DE', 'VOW3.DE', 'BBVA.MC', 'CABK.MC', 'CLNX.MC', 'IBE.MC', 'ITX.MC', 'REP.MC', 'SAN.MC', 'TEF.MC', 'ENEL.MI', 'ENI.MI', 'ISP.MI', 'UCG.MI', 'AAPL', 'MSFT', 'NVDA', 'AMZN', 'META', 'GOOGL', 'TSLA', 'AVGO', 'AMD', 'NFLX', 'ADBE', 'CRM', 'ORCL', 'AMAT', 'INTC', 'QCOM', 'MU', 'LRCX', 'TXN', 'PLTR', 'UBER', 'NOW', 'LLY', 'COF', 'AXP', 'GS', 'JPM', 'BAC', 'CAT', 'DE', 'FDX', 'UPS', 'GE', 'GEV', 'HON', 'BA', 'NKE', 'SBUX', 'BKNG', 'BLK', 'GILD', 'MRK', 'DHR', 'TMO', 'ACN', 'INTU', 'COP', 'XOM', 'RTX', 'TMUS', 'WFC', 'SCHW', 'AMGN', 'DIS', 'PEP'] | journal_detail=normal
2026-07-14 23:56:01,268 | INFO | app.runtime.position_lifecycle | No persisted open positions to restore
2026-07-15 00:00:02,184 | INFO | app.brokers.etoro.etoro_client | Selected eToro instrument | symbol=BTC | instrument_id=100000
2026-07-15 00:00:02,388 | INFO | app.brokers.etoro.etoro_client | Selected eToro instrument | symbol=ETH | instrument_id=100001
2026-07-15 00:00:02,590 | INFO | app.brokers.etoro.etoro_client | Selected eToro instrument | symbol=SOL | instrument_id=100063
2026-07-15 00:00:02,873 | INFO | app.brokers.etoro.etoro_client | Selected eToro instrument | symbol=XRP | instrument_id=100003
2026-07-15 00:00:03,153 | INFO | app.brokers.etoro.etoro_client | Selected eToro instrument | symbol=ADA | instrument_id=100017
2026-07-15 00:00:03,294 | INFO | app.brokers.etoro.etoro_client | Selected eToro instrument | symbol=DOGE | instrument_id=100043
2026-07-15 00:00:03,438 | INFO | app.brokers.etoro.etoro_client | Selected eToro instrument | symbol=AVAX | instrument_id=100085
2026-07-15 00:00:03,763 | INFO | app.brokers.etoro.etoro_client | Selected eToro instrument | symbol=LINK | instrument_id=100040
2026-07-15 00:00:04,121 | INFO | app.brokers.etoro.etoro_client | Selected eToro instrument | symbol=DOT | instrument_id=100037
2026-07-15 00:00:04,304 | INFO | app.brokers.etoro.etoro_client | Selected eToro instrument | symbol=LTC | instrument_id=100005
2026-07-15 00:00:04,477 | INFO | app.brokers.etoro.etoro_client | Selected eToro instrument | symbol=BCH | instrument_id=100002
2026-07-15 00:00:04,642 | INFO | app.brokers.etoro.etoro_client | Selected eToro instrument | symbol=XLM | instrument_id=100020
2026-07-15 00:00:04,872 | INFO | app.brokers.etoro.etoro_client | Selected eToro instrument | symbol=ETC | instrument_id=100007
2026-07-15 00:00:05,050 | INFO | app.brokers.etoro.etoro_client | Selected eToro instrument | symbol=UNI | instrument_id=100041
2026-07-15 00:00:05,190 | INFO | app.brokers.etoro.etoro_client | Selected eToro instrument | symbol=AAVE | instrument_id=100044
2026-07-15 00:00:05,357 | INFO | app.brokers.etoro.etoro_client | Selected eToro instrument | symbol=ATOM | instrument_id=100047
2026-07-15 00:00:05,511 | INFO | app.brokers.etoro.etoro_client | Selected eToro instrument | symbol=ALGO | instrument_id=100046
2026-07-15 00:00:05,639 | INFO | app.brokers.etoro.etoro_client | Selected eToro instrument | symbol=NEAR | instrument_id=100337
2026-07-15 00:00:05,761 | INFO | app.brokers.etoro.etoro_client | Selected eToro instrument | symbol=FIL | instrument_id=100045
2026-07-15 00:00:06,022 | INFO | app.brokers.etoro.etoro_client | Selected eToro instrument | symbol=CRYPTO10 | instrument_id=624
2026-07-15 00:01:08,104 | INFO | __main__ | Runtime heartbeat | active_symbols=19 | snapshots=133 | candles=19 | candidates=0 | orders=0 | open_positions=0 | errors=0
2026-07-15 00:06:08,351 | INFO | __main__ | Runtime heartbeat | active_symbols=19 | snapshots=684 | candles=114 | candidates=0 | orders=0 | open_positions=0 | errors=0
2026-07-15 00:11:18,297 | INFO | __main__ | Runtime heartbeat | active_symbols=19 | snapshots=1254 | candles=209 | candidates=0 | orders=0 | open_positions=0 | errors=0
2026-07-15 00:16:28,497 | INFO | __main__ | Runtime heartbeat | active_symbols=19 | snapshots=1824 | candles=304 | candidates=0 | orders=0 | open_positions=0 | errors=0
2026-07-15 00:21:31,972 | INFO | __main__ | Runtime heartbeat | active_symbols=19 | snapshots=2375 | candles=399 | candidates=0 | orders=0 | open_positions=0 | errors=0
