2026-07-12 22:01:15,682 | INFO | __main__ | Starting Goblin! | run_id=run_20260712T220115_624703Z | broker=etoro_demo | strategy_profile=balanced | watchlist=['AC.PA', 'AI.PA', 'AIR.PA', 'ALO.PA', 'CS.PA', 'BNP.PA', 'CAP.PA', 'ACA.PA', 'DSY.PA', 'EDEN.PA', 'EL.PA', 'RMS.PA', 'KER.PA', 'OR.PA', 'LR.PA', 'MC.PA', 'ML.PA', 'RI.PA', 'PUB.PA', 'RNO.PA', 'SAF.PA', 'SGO.PA', 'SAN.PA', 'SU.PA', 'GLE.PA', 'WLN.PA', 'HO.PA', 'TTE.PA', 'URW.PA', 'DG.PA', 'ADS.DE', 'ALV.DE', 'BAS.DE', 'BAYN.DE', 'BMW.DE', 'CBK.DE', 'CON.DE', 'DBK.DE', 'DB1.DE', 'EOAN.DE', 'HEI.DE', 'IFX.DE', 'MBG.DE', 'MUV2.DE', 'RWE.DE', 'SAP.DE', 'SIE.DE', 'VOW3.DE', 'BBVA.MC', 'CABK.MC', 'CLNX.MC', 'IBE.MC', 'ITX.MC', 'REP.MC', 'SAN.MC', 'TEF.MC', 'ENEL.MI', 'ENI.MI', 'ISP.MI', 'UCG.MI', 'AAPL', 'MSFT', 'NVDA', 'AMZN', 'META', 'GOOGL', 'TSLA', 'AVGO', 'AMD', 'NFLX', 'ADBE', 'CRM', 'ORCL', 'AMAT', 'INTC', 'QCOM', 'MU', 'LRCX', 'TXN', 'PLTR', 'UBER', 'NOW', 'LLY', 'COF', 'AXP', 'GS', 'JPM', 'BAC', 'CAT', 'DE', 'FDX', 'UPS', 'GE', 'GEV', 'HON', 'BA', 'NKE', 'SBUX', 'BKNG', 'BLK', 'GILD', 'MRK', 'DHR', 'TMO', 'ACN', 'INTU', 'COP', 'XOM', 'RTX', 'TMUS', 'WFC', 'SCHW', 'AMGN', 'DIS', 'PEP'] | journal_detail=normal
2026-07-12 22:01:15,743 | INFO | app.runtime.position_lifecycle | No persisted open positions to restore
2026-07-12 22:06:15,879 | INFO | __main__ | Runtime heartbeat | active_symbols=0 | snapshots=0 | candles=0 | candidates=0 | orders=0 | open_positions=0 | errors=0
2026-07-12 22:11:15,951 | INFO | __main__ | Runtime heartbeat | active_symbols=0 | snapshots=0 | candles=0 | candidates=0 | orders=0 | open_positions=0 | errors=0
2026-07-12 22:16:16,100 | INFO | __main__ | Runtime heartbeat | active_symbols=0 | snapshots=0 | candles=0 | candidates=0 | orders=0 | open_positions=0 | errors=0
2026-07-12 22:21:16,234 | INFO | __main__ | Runtime heartbeat | active_symbols=0 | snapshots=0 | candles=0 | candidates=0 | orders=0 | open_positions=0 | errors=0
2026-07-12 22:26:16,374 | INFO | __main__ | Runtime heartbeat | active_symbols=0 | snapshots=0 | candles=0 | candidates=0 | orders=0 | open_positions=0 | errors=0
2026-07-12 22:31:16,527 | INFO | __main__ | Runtime heartbeat | active_symbols=0 | snapshots=0 | candles=0 | candidates=0 | orders=0 | open_positions=0 | errors=0
2026-07-12 22:36:16,670 | INFO | __main__ | Runtime heartbeat | active_symbols=0 | snapshots=0 | candles=0 | candidates=0 | orders=0 | open_positions=0 | errors=0
2026-07-12 22:41:16,828 | INFO | __main__ | Runtime heartbeat | active_symbols=0 | snapshots=0 | candles=0 | candidates=0 | orders=0 | open_positions=0 | errors=0
2026-07-12 22:46:16,974 | INFO | __main__ | Runtime heartbeat | active_symbols=0 | snapshots=0 | candles=0 | candidates=0 | orders=0 | open_positions=0 | errors=0
2026-07-12 22:51:17,128 | INFO | __main__ | Runtime heartbeat | active_symbols=0 | snapshots=0 | candles=0 | candidates=0 | orders=0 | open_positions=0 | errors=0
2026-07-12 22:56:17,269 | INFO | __main__ | Runtime heartbeat | active_symbols=0 | snapshots=0 | candles=0 | candidates=0 | orders=0 | open_positions=0 | errors=0
2026-07-12 23:01:17,415 | INFO | __main__ | Runtime heartbeat | active_symbols=0 | snapshots=0 | candles=0 | candidates=0 | orders=0 | open_positions=0 | errors=0
2026-07-12 23:06:17,552 | INFO | __main__ | Runtime heartbeat | active_symbols=0 | snapshots=0 | candles=0 | candidates=0 | orders=0 | open_positions=0 | errors=0
2026-07-12 23:11:17,694 | INFO | __main__ | Runtime heartbeat | active_symbols=0 | snapshots=0 | candles=0 | candidates=0 | orders=0 | open_positions=0 | errors=0
2026-07-12 23:16:17,841 | INFO | __main__ | Runtime heartbeat | active_symbols=0 | snapshots=0 | candles=0 | candidates=0 | orders=0 | open_positions=0 | errors=0
2026-07-12 23:21:17,989 | INFO | __main__ | Runtime heartbeat | active_symbols=0 | snapshots=0 | candles=0 | candidates=0 | orders=0 | open_positions=0 | errors=0
2026-07-12 23:26:18,132 | INFO | __main__ | Runtime heartbeat | active_symbols=0 | snapshots=0 | candles=0 | candidates=0 | orders=0 | open_positions=0 | errors=0
2026-07-12 23:31:18,286 | INFO | __main__ | Runtime heartbeat | active_symbols=0 | snapshots=0 | candles=0 | candidates=0 | orders=0 | open_positions=0 | errors=0
2026-07-12 23:36:18,415 | INFO | __main__ | Runtime heartbeat | active_symbols=0 | snapshots=0 | candles=0 | candidates=0 | orders=0 | open_positions=0 | errors=0
2026-07-12 23:41:18,563 | INFO | __main__ | Runtime heartbeat | active_symbols=0 | snapshots=0 | candles=0 | candidates=0 | orders=0 | open_positions=0 | errors=0
2026-07-12 23:46:18,704 | INFO | __main__ | Runtime heartbeat | active_symbols=0 | snapshots=0 | candles=0 | candidates=0 | orders=0 | open_positions=0 | errors=0
2026-07-12 23:51:18,848 | INFO | __main__ | Runtime heartbeat | active_symbols=0 | snapshots=0 | candles=0 | candidates=0 | orders=0 | open_positions=0 | errors=0
2026-07-12 23:56:18,997 | INFO | __main__ | Runtime heartbeat | active_symbols=0 | snapshots=0 | candles=0 | candidates=0 | orders=0 | open_positions=0 | errors=0
2026-07-13 00:01:19,136 | INFO | __main__ | Runtime heartbeat | active_symbols=0 | snapshots=0 | candles=0 | candidates=0 | orders=0 | open_positions=0 | errors=0
2026-07-13 00:06:19,282 | INFO | __main__ | Runtime heartbeat | active_symbols=0 | snapshots=0 | candles=0 | candidates=0 | orders=0 | open_positions=0 | errors=0
2026-07-13 00:11:19,427 | INFO | __main__ | Runtime heartbeat | active_symbols=0 | snapshots=0 | candles=0 | candidates=0 | orders=0 | open_positions=0 | errors=0
2026-07-13 00:16:19,583 | INFO | __main__ | Runtime heartbeat | active_symbols=0 | snapshots=0 | candles=0 | candidates=0 | orders=0 | open_positions=0 | errors=0
2026-07-13 00:21:19,720 | INFO | __main__ | Runtime heartbeat | active_symbols=0 | snapshots=0 | candles=0 | candidates=0 | orders=0 | open_positions=0 | errors=0
2026-07-13 00:26:19,860 | INFO | __main__ | Runtime heartbeat | active_symbols=0 | snapshots=0 | candles=0 | candidates=0 | orders=0 | open_positions=0 | errors=0
2026-07-13 00:31:20,002 | INFO | __main__ | Runtime heartbeat | active_symbols=0 | snapshots=0 | candles=0 | candidates=0 | orders=0 | open_positions=0 | errors=0
2026-07-13 00:36:20,154 | INFO | __main__ | Runtime heartbeat | active_symbols=0 | snapshots=0 | candles=0 | candidates=0 | orders=0 | open_positions=0 | errors=0
2026-07-13 00:41:20,297 | INFO | __main__ | Runtime heartbeat | active_symbols=0 | snapshots=0 | candles=0 | candidates=0 | orders=0 | open_positions=0 | errors=0
2026-07-13 00:46:20,441 | INFO | __main__ | Runtime heartbeat | active_symbols=0 | snapshots=0 | candles=0 | candidates=0 | orders=0 | open_positions=0 | errors=0
2026-07-13 00:51:20,588 | INFO | __main__ | Runtime heartbeat | active_symbols=0 | snapshots=0 | candles=0 | candidates=0 | orders=0 | open_positions=0 | errors=0
2026-07-13 00:56:20,729 | INFO | __main__ | Runtime heartbeat | active_symbols=0 | snapshots=0 | candles=0 | candidates=0 | orders=0 | open_positions=0 | errors=0
2026-07-13 01:01:20,876 | INFO | __main__ | Runtime heartbeat | active_symbols=0 | snapshots=0 | candles=0 | candidates=0 | orders=0 | open_positions=0 | errors=0
2026-07-13 01:06:21,020 | INFO | __main__ | Runtime heartbeat | active_symbols=0 | snapshots=0 | candles=0 | candidates=0 | orders=0 | open_positions=0 | errors=0
2026-07-13 01:11:21,169 | INFO | __main__ | Runtime heartbeat | active_symbols=0 | snapshots=0 | candles=0 | candidates=0 | orders=0 | open_positions=0 | errors=0
2026-07-13 01:16:21,326 | INFO | __main__ | Runtime heartbeat | active_symbols=0 | snapshots=0 | candles=0 | candidates=0 | orders=0 | open_positions=0 | errors=0
2026-07-13 01:21:21,468 | INFO | __main__ | Runtime heartbeat | active_symbols=0 | snapshots=0 | candles=0 | candidates=0 | orders=0 | open_positions=0 | errors=0
2026-07-13 01:26:21,610 | INFO | __main__ | Runtime heartbeat | active_symbols=0 | snapshots=0 | candles=0 | candidates=0 | orders=0 | open_positions=0 | errors=0
2026-07-13 01:31:21,755 | INFO | __main__ | Runtime heartbeat | active_symbols=0 | snapshots=0 | candles=0 | candidates=0 | orders=0 | open_positions=0 | errors=0
2026-07-13 01:36:21,896 | INFO | __main__ | Runtime heartbeat | active_symbols=0 | snapshots=0 | candles=0 | candidates=0 | orders=0 | open_positions=0 | errors=0
2026-07-13 01:41:22,042 | INFO | __main__ | Runtime heartbeat | active_symbols=0 | snapshots=0 | candles=0 | candidates=0 | orders=0 | open_positions=0 | errors=0
2026-07-13 01:46:22,188 | INFO | __main__ | Runtime heartbeat | active_symbols=0 | snapshots=0 | candles=0 | candidates=0 | orders=0 | open_positions=0 | errors=0
2026-07-13 01:51:22,339 | INFO | __main__ | Runtime heartbeat | active_symbols=0 | snapshots=0 | candles=0 | candidates=0 | orders=0 | open_positions=0 | errors=0
2026-07-13 01:56:22,483 | INFO | __main__ | Runtime heartbeat | active_symbols=0 | snapshots=0 | candles=0 | candidates=0 | orders=0 | open_positions=0 | errors=0
2026-07-13 02:01:22,622 | INFO | __main__ | Runtime heartbeat | active_symbols=0 | snapshots=0 | candles=0 | candidates=0 | orders=0 | open_positions=0 | errors=0
2026-07-13 02:06:22,753 | INFO | __main__ | Runtime heartbeat | active_symbols=0 | snapshots=0 | candles=0 | candidates=0 | orders=0 | open_positions=0 | errors=0
2026-07-13 02:11:22,902 | INFO | __main__ | Runtime heartbeat | active_symbols=0 | snapshots=0 | candles=0 | candidates=0 | orders=0 | open_positions=0 | errors=0
2026-07-13 02:16:23,009 | INFO | __main__ | Runtime heartbeat | active_symbols=0 | snapshots=0 | candles=0 | candidates=0 | orders=0 | open_positions=0 | errors=0
2026-07-13 02:21:23,080 | INFO | __main__ | Runtime heartbeat | active_symbols=0 | snapshots=0 | candles=0 | candidates=0 | orders=0 | open_positions=0 | errors=0
2026-07-13 02:26:23,229 | INFO | __main__ | Runtime heartbeat | active_symbols=0 | snapshots=0 | candles=0 | candidates=0 | orders=0 | open_positions=0 | errors=0
2026-07-13 02:31:23,374 | INFO | __main__ | Runtime heartbeat | active_symbols=0 | snapshots=0 | candles=0 | candidates=0 | orders=0 | open_positions=0 | errors=0
2026-07-13 02:36:23,520 | INFO | __main__ | Runtime heartbeat | active_symbols=0 | snapshots=0 | candles=0 | candidates=0 | orders=0 | open_positions=0 | errors=0
2026-07-13 02:41:23,655 | INFO | __main__ | Runtime heartbeat | active_symbols=0 | snapshots=0 | candles=0 | candidates=0 | orders=0 | open_positions=0 | errors=0
2026-07-13 02:46:23,801 | INFO | __main__ | Runtime heartbeat | active_symbols=0 | snapshots=0 | candles=0 | candidates=0 | orders=0 | open_positions=0 | errors=0
2026-07-13 02:51:23,948 | INFO | __main__ | Runtime heartbeat | active_symbols=0 | snapshots=0 | candles=0 | candidates=0 | orders=0 | open_positions=0 | errors=0
2026-07-13 02:56:24,087 | INFO | __main__ | Runtime heartbeat | active_symbols=0 | snapshots=0 | candles=0 | candidates=0 | orders=0 | open_positions=0 | errors=0
2026-07-13 03:01:24,248 | INFO | __main__ | Runtime heartbeat | active_symbols=0 | snapshots=0 | candles=0 | candidates=0 | orders=0 | open_positions=0 | errors=0
2026-07-13 03:06:24,392 | INFO | __main__ | Runtime heartbeat | active_symbols=0 | snapshots=0 | candles=0 | candidates=0 | orders=0 | open_positions=0 | errors=0
2026-07-13 03:11:24,532 | INFO | __main__ | Runtime heartbeat | active_symbols=0 | snapshots=0 | candles=0 | candidates=0 | orders=0 | open_positions=0 | errors=0
2026-07-13 03:16:24,673 | INFO | __main__ | Runtime heartbeat | active_symbols=0 | snapshots=0 | candles=0 | candidates=0 | orders=0 | open_positions=0 | errors=0
2026-07-13 03:21:24,812 | INFO | __main__ | Runtime heartbeat | active_symbols=0 | snapshots=0 | candles=0 | candidates=0 | orders=0 | open_positions=0 | errors=0
2026-07-13 03:26:24,953 | INFO | __main__ | Runtime heartbeat | active_symbols=0 | snapshots=0 | candles=0 | candidates=0 | orders=0 | open_positions=0 | errors=0
2026-07-13 03:31:25,088 | INFO | __main__ | Runtime heartbeat | active_symbols=0 | snapshots=0 | candles=0 | candidates=0 | orders=0 | open_positions=0 | errors=0
2026-07-13 03:36:25,241 | INFO | __main__ | Runtime heartbeat | active_symbols=0 | snapshots=0 | candles=0 | candidates=0 | orders=0 | open_positions=0 | errors=0
2026-07-13 03:41:25,382 | INFO | __main__ | Runtime heartbeat | active_symbols=0 | snapshots=0 | candles=0 | candidates=0 | orders=0 | open_positions=0 | errors=0
2026-07-13 03:46:25,532 | INFO | __main__ | Runtime heartbeat | active_symbols=0 | snapshots=0 | candles=0 | candidates=0 | orders=0 | open_positions=0 | errors=0
2026-07-13 03:51:25,677 | INFO | __main__ | Runtime heartbeat | active_symbols=0 | snapshots=0 | candles=0 | candidates=0 | orders=0 | open_positions=0 | errors=0
2026-07-13 03:56:25,830 | INFO | __main__ | Runtime heartbeat | active_symbols=0 | snapshots=0 | candles=0 | candidates=0 | orders=0 | open_positions=0 | errors=0
2026-07-13 04:01:25,970 | INFO | __main__ | Runtime heartbeat | active_symbols=0 | snapshots=0 | candles=0 | candidates=0 | orders=0 | open_positions=0 | errors=0
2026-07-13 04:06:26,109 | INFO | __main__ | Runtime heartbeat | active_symbols=0 | snapshots=0 | candles=0 | candidates=0 | orders=0 | open_positions=0 | errors=0
2026-07-13 04:11:26,259 | INFO | __main__ | Runtime heartbeat | active_symbols=0 | snapshots=0 | candles=0 | candidates=0 | orders=0 | open_positions=0 | errors=0
2026-07-13 04:16:26,405 | INFO | __main__ | Runtime heartbeat | active_symbols=0 | snapshots=0 | candles=0 | candidates=0 | orders=0 | open_positions=0 | errors=0
2026-07-13 04:21:26,572 | INFO | __main__ | Runtime heartbeat | active_symbols=0 | snapshots=0 | candles=0 | candidates=0 | orders=0 | open_positions=0 | errors=0
2026-07-13 04:26:26,715 | INFO | __main__ | Runtime heartbeat | active_symbols=0 | snapshots=0 | candles=0 | candidates=0 | orders=0 | open_positions=0 | errors=0
2026-07-13 04:31:26,856 | INFO | __main__ | Runtime heartbeat | active_symbols=0 | snapshots=0 | candles=0 | candidates=0 | orders=0 | open_positions=0 | errors=0
2026-07-13 04:36:26,999 | INFO | __main__ | Runtime heartbeat | active_symbols=0 | snapshots=0 | candles=0 | candidates=0 | orders=0 | open_positions=0 | errors=0
2026-07-13 04:41:27,144 | INFO | __main__ | Runtime heartbeat | active_symbols=0 | snapshots=0 | candles=0 | candidates=0 | orders=0 | open_positions=0 | errors=0
2026-07-13 04:46:27,297 | INFO | __main__ | Runtime heartbeat | active_symbols=0 | snapshots=0 | candles=0 | candidates=0 | orders=0 | open_positions=0 | errors=0
2026-07-13 04:51:27,444 | INFO | __main__ | Runtime heartbeat | active_symbols=0 | snapshots=0 | candles=0 | candidates=0 | orders=0 | open_positions=0 | errors=0
2026-07-13 04:56:27,590 | INFO | __main__ | Runtime heartbeat | active_symbols=0 | snapshots=0 | candles=0 | candidates=0 | orders=0 | open_positions=0 | errors=0
2026-07-13 05:01:27,730 | INFO | __main__ | Runtime heartbeat | active_symbols=0 | snapshots=0 | candles=0 | candidates=0 | orders=0 | open_positions=0 | errors=0
2026-07-13 05:06:27,873 | INFO | __main__ | Runtime heartbeat | active_symbols=0 | snapshots=0 | candles=0 | candidates=0 | orders=0 | open_positions=0 | errors=0
2026-07-13 05:11:28,024 | INFO | __main__ | Runtime heartbeat | active_symbols=0 | snapshots=0 | candles=0 | candidates=0 | orders=0 | open_positions=0 | errors=0
2026-07-13 05:16:28,160 | INFO | __main__ | Runtime heartbeat | active_symbols=0 | snapshots=0 | candles=0 | candidates=0 | orders=0 | open_positions=0 | errors=0
2026-07-13 05:21:28,314 | INFO | __main__ | Runtime heartbeat | active_symbols=0 | snapshots=0 | candles=0 | candidates=0 | orders=0 | open_positions=0 | errors=0
2026-07-13 05:26:28,463 | INFO | __main__ | Runtime heartbeat | active_symbols=0 | snapshots=0 | candles=0 | candidates=0 | orders=0 | open_positions=0 | errors=0
2026-07-13 05:31:28,599 | INFO | __main__ | Runtime heartbeat | active_symbols=0 | snapshots=0 | candles=0 | candidates=0 | orders=0 | open_positions=0 | errors=0
2026-07-13 05:36:28,736 | INFO | __main__ | Runtime heartbeat | active_symbols=0 | snapshots=0 | candles=0 | candidates=0 | orders=0 | open_positions=0 | errors=0
2026-07-13 05:41:28,875 | INFO | __main__ | Runtime heartbeat | active_symbols=0 | snapshots=0 | candles=0 | candidates=0 | orders=0 | open_positions=0 | errors=0
2026-07-13 05:46:29,022 | INFO | __main__ | Runtime heartbeat | active_symbols=0 | snapshots=0 | candles=0 | candidates=0 | orders=0 | open_positions=0 | errors=0
2026-07-13 05:51:29,154 | INFO | __main__ | Runtime heartbeat | active_symbols=0 | snapshots=0 | candles=0 | candidates=0 | orders=0 | open_positions=0 | errors=0
2026-07-13 05:56:29,305 | INFO | __main__ | Runtime heartbeat | active_symbols=0 | snapshots=0 | candles=0 | candidates=0 | orders=0 | open_positions=0 | errors=0
2026-07-13 06:01:29,456 | INFO | __main__ | Runtime heartbeat | active_symbols=0 | snapshots=0 | candles=0 | candidates=0 | orders=0 | open_positions=0 | errors=0
2026-07-13 06:06:29,601 | INFO | __main__ | Runtime heartbeat | active_symbols=0 | snapshots=0 | candles=0 | candidates=0 | orders=0 | open_positions=0 | errors=0
2026-07-13 06:11:29,740 | INFO | __main__ | Runtime heartbeat | active_symbols=0 | snapshots=0 | candles=0 | candidates=0 | orders=0 | open_positions=0 | errors=0
2026-07-13 06:16:29,888 | INFO | __main__ | Runtime heartbeat | active_symbols=0 | snapshots=0 | candles=0 | candidates=0 | orders=0 | open_positions=0 | errors=0
2026-07-13 06:21:30,047 | INFO | __main__ | Runtime heartbeat | active_symbols=0 | snapshots=0 | candles=0 | candidates=0 | orders=0 | open_positions=0 | errors=0
2026-07-13 06:26:30,200 | INFO | __main__ | Runtime heartbeat | active_symbols=0 | snapshots=0 | candles=0 | candidates=0 | orders=0 | open_positions=0 | errors=0
2026-07-13 06:31:30,354 | INFO | __main__ | Runtime heartbeat | active_symbols=0 | snapshots=0 | candles=0 | candidates=0 | orders=0 | open_positions=0 | errors=0
2026-07-13 06:36:30,503 | INFO | __main__ | Runtime heartbeat | active_symbols=0 | snapshots=0 | candles=0 | candidates=0 | orders=0 | open_positions=0 | errors=0
2026-07-13 06:41:30,639 | INFO | __main__ | Runtime heartbeat | active_symbols=0 | snapshots=0 | candles=0 | candidates=0 | orders=0 | open_positions=0 | errors=0
2026-07-13 06:46:30,782 | INFO | __main__ | Runtime heartbeat | active_symbols=0 | snapshots=0 | candles=0 | candidates=0 | orders=0 | open_positions=0 | errors=0
2026-07-13 06:51:30,919 | INFO | __main__ | Runtime heartbeat | active_symbols=0 | snapshots=0 | candles=0 | candidates=0 | orders=0 | open_positions=0 | errors=0
2026-07-13 06:56:31,066 | INFO | __main__ | Runtime heartbeat | active_symbols=0 | snapshots=0 | candles=0 | candidates=0 | orders=0 | open_positions=0 | errors=0
2026-07-13 07:00:02,253 | INFO | app.brokers.etoro.etoro_client | Selected eToro instrument | symbol=AC.PA | instrument_id=1231
2026-07-13 07:00:02,391 | INFO | app.brokers.etoro.etoro_client | Selected eToro instrument | symbol=AI.PA | instrument_id=1233
2026-07-13 07:00:02,524 | INFO | app.brokers.etoro.etoro_client | Selected eToro instrument | symbol=AIR.PA | instrument_id=1234
2026-07-13 07:00:02,674 | INFO | app.brokers.etoro.etoro_client | Selected eToro instrument | symbol=ALO.PA | instrument_id=1235
2026-07-13 07:00:02,892 | INFO | app.brokers.etoro.etoro_client | Selected eToro instrument | symbol=CS.PA | instrument_id=1241
2026-07-13 07:00:03,113 | INFO | app.brokers.etoro.etoro_client | Selected eToro instrument | symbol=BNP.PA | instrument_id=1238
2026-07-13 07:00:03,272 | INFO | app.brokers.etoro.etoro_client | Selected eToro instrument | symbol=CAP.PA | instrument_id=1240
2026-07-13 07:00:03,411 | INFO | app.brokers.etoro.etoro_client | Selected eToro instrument | symbol=ACA.PA | instrument_id=1232
2026-07-13 07:00:03,565 | INFO | app.brokers.etoro.etoro_client | Selected eToro instrument | symbol=DSY.PA | instrument_id=5001
2026-07-13 07:00:04,711 | INFO | app.brokers.etoro.etoro_client | Selected eToro instrument | symbol=EDEN.PA | instrument_id=5761
2026-07-13 07:00:04,848 | INFO | app.brokers.etoro.etoro_client | Selected eToro instrument | symbol=EL.PA | instrument_id=1244
2026-07-13 07:00:05,079 | INFO | app.brokers.etoro.etoro_client | Selected eToro instrument | symbol=RMS.PA | instrument_id=1978
2026-07-13 07:00:05,328 | INFO | app.brokers.etoro.etoro_client | Selected eToro instrument | symbol=KER.PA | instrument_id=1250
2026-07-13 07:00:05,572 | INFO | app.brokers.etoro.etoro_client | Selected eToro instrument | symbol=OR.PA | instrument_id=1256
2026-07-13 07:00:05,818 | INFO | app.brokers.etoro.etoro_client | Selected eToro instrument | symbol=LR.PA | instrument_id=1252
2026-07-13 07:00:05,974 | INFO | app.brokers.etoro.etoro_client | Selected eToro instrument | symbol=MC.PA | instrument_id=1253
2026-07-13 07:00:06,104 | INFO | app.brokers.etoro.etoro_client | Selected eToro instrument | symbol=ML.PA | instrument_id=1254
2026-07-13 07:00:06,308 | INFO | app.brokers.etoro.etoro_client | Selected eToro instrument | symbol=RI.PA | instrument_id=1259
2026-07-13 07:00:06,552 | INFO | app.brokers.etoro.etoro_client | Selected eToro instrument | symbol=PUB.PA | instrument_id=1258
2026-07-13 07:00:06,706 | INFO | app.brokers.etoro.etoro_client | Selected eToro instrument | symbol=RNO.PA | instrument_id=1260
2026-07-13 07:00:06,922 | INFO | app.brokers.etoro.etoro_client | Selected eToro instrument | symbol=SAF.PA | instrument_id=1261
2026-07-13 07:00:07,169 | INFO | app.brokers.etoro.etoro_client | Selected eToro instrument | symbol=SGO.PA | instrument_id=1263
2026-07-13 07:00:07,414 | INFO | app.brokers.etoro.etoro_client | Selected eToro instrument | symbol=SAN.PA | instrument_id=1262
2026-07-13 07:00:07,553 | INFO | app.brokers.etoro.etoro_client | Selected eToro instrument | symbol=SU.PA | instrument_id=1265
2026-07-13 07:00:07,783 | INFO | app.brokers.etoro.etoro_client | Selected eToro instrument | symbol=GLE.PA | instrument_id=1248
2026-07-13 07:00:07,933 | INFO | app.brokers.etoro.etoro_client | Selected eToro instrument | symbol=WLN.PA | instrument_id=5779
2026-07-13 07:00:08,077 | INFO | app.brokers.etoro.etoro_client | Selected eToro instrument | symbol=HO.PA | instrument_id=5040
2026-07-13 07:00:08,240 | INFO | app.brokers.etoro.etoro_client | Selected eToro instrument | symbol=TTE.PA | instrument_id=1246
2026-07-13 07:00:08,519 | INFO | app.brokers.etoro.etoro_client | Selected eToro instrument | symbol=URW.PA | instrument_id=4548
2026-07-13 07:00:08,769 | INFO | app.brokers.etoro.etoro_client | Selected eToro instrument | symbol=DG.PA | instrument_id=1242
2026-07-13 07:00:08,935 | INFO | app.brokers.etoro.etoro_client | Selected eToro instrument | symbol=ADS.DE | instrument_id=1215
2026-07-13 07:00:09,068 | INFO | app.brokers.etoro.etoro_client | Selected eToro instrument | symbol=ALV.DE | instrument_id=1204
2026-07-13 07:00:09,214 | INFO | app.brokers.etoro.etoro_client | Selected eToro instrument | symbol=BAS.DE | instrument_id=1201
2026-07-13 07:00:09,378 | INFO | app.brokers.etoro.etoro_client | Selected eToro instrument | symbol=BAYN.DE | instrument_id=1203
2026-07-13 07:00:09,533 | INFO | app.brokers.etoro.etoro_client | Selected eToro instrument | symbol=BMW.DE | instrument_id=1211
2026-07-13 07:00:09,646 | INFO | app.brokers.etoro.etoro_client | Selected eToro instrument | symbol=CBK.DE | instrument_id=1223
2026-07-13 07:00:09,782 | INFO | app.brokers.etoro.etoro_client | Selected eToro instrument | symbol=CON.DE | instrument_id=1228
2026-07-13 07:00:09,994 | INFO | app.brokers.etoro.etoro_client | Selected eToro instrument | symbol=DBK.DE | instrument_id=1995
2026-07-13 07:00:10,136 | INFO | app.brokers.etoro.etoro_client | Selected eToro instrument | symbol=DB1.DE | instrument_id=1219
2026-07-13 07:00:10,268 | INFO | app.brokers.etoro.etoro_client | Selected eToro instrument | symbol=EOAN.DE | instrument_id=1205
2026-07-13 07:00:10,408 | INFO | app.brokers.etoro.etoro_client | Selected eToro instrument | symbol=HEI.DE | instrument_id=1226
2026-07-13 07:00:10,732 | INFO | app.brokers.etoro.etoro_client | Selected eToro instrument | symbol=IFX.DE | instrument_id=1221
2026-07-13 07:00:10,863 | INFO | app.brokers.etoro.etoro_client | Selected eToro instrument | symbol=MBG.DE | instrument_id=1206
2026-07-13 07:00:11,224 | INFO | app.brokers.etoro.etoro_client | Selected eToro instrument | symbol=MUV2.DE | instrument_id=1212
2026-07-13 07:00:11,354 | INFO | app.brokers.etoro.etoro_client | Selected eToro instrument | symbol=RWE.DE | instrument_id=1213
2026-07-13 07:00:11,714 | INFO | app.brokers.etoro.etoro_client | Selected eToro instrument | symbol=SAP.DE | instrument_id=1202
2026-07-13 07:00:12,206 | INFO | app.brokers.etoro.etoro_client | Selected eToro instrument | symbol=SIE.DE | instrument_id=1200
2026-07-13 07:00:12,366 | INFO | app.brokers.etoro.etoro_client | Selected eToro instrument | symbol=VOW3.DE | instrument_id=1210
2026-07-13 07:00:12,575 | INFO | app.brokers.etoro.etoro_client | Selected eToro instrument | symbol=BBVA.MC | instrument_id=1316
2026-07-13 07:00:12,719 | INFO | app.brokers.etoro.etoro_client | Selected eToro instrument | symbol=CABK.MC | instrument_id=1320
2026-07-13 07:00:12,837 | INFO | app.brokers.etoro.etoro_client | Selected eToro instrument | symbol=CLNX.MC | instrument_id=5838
2026-07-13 07:00:12,976 | INFO | app.brokers.etoro.etoro_client | Selected eToro instrument | symbol=IBE.MC | instrument_id=1330
2026-07-13 07:00:13,110 | INFO | app.brokers.etoro.etoro_client | Selected eToro instrument | symbol=ITX.MC | instrument_id=1332
2026-07-13 07:00:13,250 | INFO | app.brokers.etoro.etoro_client | Selected eToro instrument | symbol=REP.MC | instrument_id=1339
2026-07-13 07:00:13,392 | INFO | app.brokers.etoro.etoro_client | Selected eToro instrument | symbol=SAN.MC | instrument_id=7615
2026-07-13 07:00:13,551 | INFO | app.brokers.etoro.etoro_client | Selected eToro instrument | symbol=TEF.MC | instrument_id=7622
2026-07-13 07:00:13,714 | INFO | app.brokers.etoro.etoro_client | Selected eToro instrument | symbol=ENEL.MI | instrument_id=1282
2026-07-13 07:00:13,926 | INFO | app.brokers.etoro.etoro_client | Selected eToro instrument | symbol=ENI.MI | instrument_id=1283
2026-07-13 07:00:14,172 | INFO | app.brokers.etoro.etoro_client | Selected eToro instrument | symbol=ISP.MI | instrument_id=1288
2026-07-13 07:00:14,540 | INFO | app.brokers.etoro.etoro_client | Selected eToro instrument | symbol=UCG.MI | instrument_id=1307
2026-07-13 07:01:36,219 | INFO | __main__ | Runtime heartbeat | active_symbols=60 | snapshots=540 | candles=60 | candidates=0 | orders=0 | open_positions=0 | errors=0
2026-07-13 07:06:43,005 | INFO | __main__ | Runtime heartbeat | active_symbols=60 | snapshots=2340 | candles=360 | candidates=0 | orders=0 | open_positions=0 | errors=0
2026-07-13 07:11:49,889 | INFO | __main__ | Runtime heartbeat | active_symbols=60 | snapshots=4140 | candles=660 | candidates=0 | orders=0 | open_positions=0 | errors=0
2026-07-13 07:16:57,149 | INFO | __main__ | Runtime heartbeat | active_symbols=60 | snapshots=5940 | candles=960 | candidates=0 | orders=0 | open_positions=0 | errors=0
2026-07-13 07:22:04,124 | INFO | __main__ | Runtime heartbeat | active_symbols=60 | snapshots=7740 | candles=1320 | candidates=0 | orders=0 | open_positions=0 | errors=0
