2026-07-10 23:03:03,434 | INFO | __main__ | Starting Eärendil | run_id=run_20260710T230303_373604Z | broker=etoro_demo | strategy_profile=balanced | watchlist=['BTC', 'ETH', 'SOL', 'XRP', 'ADA', 'DOGE', 'AVAX', 'LINK', 'DOT', 'LTC', 'BCH', 'XLM', 'ETC', 'UNI', 'AAVE', 'ATOM', 'ALGO', 'NEAR', 'FIL', 'SHIB'] | journal_detail=normal
2026-07-10 23:03:03,796 | INFO | app.runtime.position_lifecycle | No persisted open positions to restore
2026-07-10 23:03:05,490 | INFO | app.brokers.etoro.etoro_client | Selected eToro instrument | symbol=BTC | instrument_id=100000
2026-07-10 23:03:05,758 | INFO | app.brokers.etoro.etoro_client | Selected eToro instrument | symbol=ETH | instrument_id=100001
2026-07-10 23:03:05,928 | INFO | app.brokers.etoro.etoro_client | Selected eToro instrument | symbol=SOL | instrument_id=100063
2026-07-10 23:03:06,118 | INFO | app.brokers.etoro.etoro_client | Selected eToro instrument | symbol=XRP | instrument_id=100003
2026-07-10 23:03:06,310 | INFO | app.brokers.etoro.etoro_client | Selected eToro instrument | symbol=ADA | instrument_id=100017
2026-07-10 23:03:06,443 | INFO | app.brokers.etoro.etoro_client | Selected eToro instrument | symbol=DOGE | instrument_id=100043
2026-07-10 23:03:06,585 | INFO | app.brokers.etoro.etoro_client | Selected eToro instrument | symbol=AVAX | instrument_id=100085
2026-07-10 23:03:06,732 | INFO | app.brokers.etoro.etoro_client | Selected eToro instrument | symbol=LINK | instrument_id=100040
2026-07-10 23:03:06,955 | INFO | app.brokers.etoro.etoro_client | Selected eToro instrument | symbol=DOT | instrument_id=100037
2026-07-10 23:03:07,157 | INFO | app.brokers.etoro.etoro_client | Selected eToro instrument | symbol=LTC | instrument_id=100005
2026-07-10 23:03:07,356 | INFO | app.brokers.etoro.etoro_client | Selected eToro instrument | symbol=BCH | instrument_id=100002
2026-07-10 23:03:07,610 | INFO | app.brokers.etoro.etoro_client | Selected eToro instrument | symbol=XLM | instrument_id=100020
2026-07-10 23:03:07,805 | INFO | app.brokers.etoro.etoro_client | Selected eToro instrument | symbol=ETC | instrument_id=100007
2026-07-10 23:03:08,022 | INFO | app.brokers.etoro.etoro_client | Selected eToro instrument | symbol=UNI | instrument_id=100041
2026-07-10 23:03:08,190 | INFO | app.brokers.etoro.etoro_client | Selected eToro instrument | symbol=AAVE | instrument_id=100044
2026-07-10 23:03:08,360 | INFO | app.brokers.etoro.etoro_client | Selected eToro instrument | symbol=ATOM | instrument_id=100047
2026-07-10 23:03:08,513 | INFO | app.brokers.etoro.etoro_client | Selected eToro instrument | symbol=ALGO | instrument_id=100046
2026-07-10 23:03:08,648 | INFO | app.brokers.etoro.etoro_client | Selected eToro instrument | symbol=NEAR | instrument_id=100337
2026-07-10 23:03:08,795 | INFO | app.brokers.etoro.etoro_client | Selected eToro instrument | symbol=FIL | instrument_id=100045
2026-07-10 23:03:08,935 | ERROR | __main__ | Bot loop error: No exact eToro instrument match found for symbol=SHIB. Candidates=[{'internalSymbolFull': 'SHIBxM', 'displayName': 'Shiba (in millions)', 'instrumentId': 100080, 'currentRate': 4.39}]
Traceback (most recent call last):
  File "/app/app/main.py", line 128, in main
    snapshots = broker.get_market_snapshots(symbols_to_fetch) if symbols_to_fetch else {}
                ^^^^^^^^^^^^^^^^^^^^^^^^^^^^^^^^^^^^^^^^^^^^^
  File "/app/app/brokers/cached_broker.py", line 31, in get_market_snapshots
    return self.delegate.get_market_snapshots(symbols)
           ^^^^^^^^^^^^^^^^^^^^^^^^^^^^^^^^^^^^^^^^^^^
  File "/app/app/brokers/etoro/etoro_client.py", line 105, in get_market_snapshots
    instruments_ids = self._find_instruments_ids(symbols)
                      ^^^^^^^^^^^^^^^^^^^^^^^^^^^^^^^^^^^
  File "/app/app/brokers/etoro/etoro_client.py", line 311, in _find_instruments_ids
    return [self._find_instrument_id(symbol) for symbol in symbols]
            ^^^^^^^^^^^^^^^^^^^^^^^^^^^^^^^^
  File "/app/app/brokers/etoro/etoro_client.py", line 321, in _find_instrument_id
    resolved_instrument_id = resolve_exact_instrument_id(symbol, payload)
                             ^^^^^^^^^^^^^^^^^^^^^^^^^^^^^^^^^^^^^^^^^^^^
  File "/app/app/brokers/etoro/instrument_search_parser.py", line 55, in resolve_exact_instrument_id
    raise ValueError(
ValueError: No exact eToro instrument match found for symbol=SHIB. Candidates=[{'internalSymbolFull': 'SHIBxM', 'displayName': 'Shiba (in millions)', 'instrumentId': 100080, 'currentRate': 4.39}]
2026-07-10 23:03:19,142 | ERROR | __main__ | Bot loop error: No exact eToro instrument match found for symbol=SHIB. Candidates=[{'internalSymbolFull': 'SHIBxM', 'displayName': 'Shiba (in millions)', 'instrumentId': 100080, 'currentRate': 4.39}]
Traceback (most recent call last):
  File "/app/app/main.py", line 128, in main
    snapshots = broker.get_market_snapshots(symbols_to_fetch) if symbols_to_fetch else {}
                ^^^^^^^^^^^^^^^^^^^^^^^^^^^^^^^^^^^^^^^^^^^^^
  File "/app/app/brokers/cached_broker.py", line 31, in get_market_snapshots
    return self.delegate.get_market_snapshots(symbols)
           ^^^^^^^^^^^^^^^^^^^^^^^^^^^^^^^^^^^^^^^^^^^
  File "/app/app/brokers/etoro/etoro_client.py", line 105, in get_market_snapshots
    instruments_ids = self._find_instruments_ids(symbols)
                      ^^^^^^^^^^^^^^^^^^^^^^^^^^^^^^^^^^^
  File "/app/app/brokers/etoro/etoro_client.py", line 311, in _find_instruments_ids
    return [self._find_instrument_id(symbol) for symbol in symbols]
            ^^^^^^^^^^^^^^^^^^^^^^^^^^^^^^^^
  File "/app/app/brokers/etoro/etoro_client.py", line 321, in _find_instrument_id
    resolved_instrument_id = resolve_exact_instrument_id(symbol, payload)
                             ^^^^^^^^^^^^^^^^^^^^^^^^^^^^^^^^^^^^^^^^^^^^
  File "/app/app/brokers/etoro/instrument_search_parser.py", line 55, in resolve_exact_instrument_id
    raise ValueError(
ValueError: No exact eToro instrument match found for symbol=SHIB. Candidates=[{'internalSymbolFull': 'SHIBxM', 'displayName': 'Shiba (in millions)', 'instrumentId': 100080, 'currentRate': 4.39}]
2026-07-10 23:03:29,477 | ERROR | __main__ | Bot loop error: No exact eToro instrument match found for symbol=SHIB. Candidates=[{'internalSymbolFull': 'SHIBxM', 'displayName': 'Shiba (in millions)', 'instrumentId': 100080, 'currentRate': 4.39}]
Traceback (most recent call last):
  File "/app/app/main.py", line 128, in main
    snapshots = broker.get_market_snapshots(symbols_to_fetch) if symbols_to_fetch else {}
                ^^^^^^^^^^^^^^^^^^^^^^^^^^^^^^^^^^^^^^^^^^^^^
  File "/app/app/brokers/cached_broker.py", line 31, in get_market_snapshots
    return self.delegate.get_market_snapshots(symbols)
           ^^^^^^^^^^^^^^^^^^^^^^^^^^^^^^^^^^^^^^^^^^^
  File "/app/app/brokers/etoro/etoro_client.py", line 105, in get_market_snapshots
    instruments_ids = self._find_instruments_ids(symbols)
                      ^^^^^^^^^^^^^^^^^^^^^^^^^^^^^^^^^^^
  File "/app/app/brokers/etoro/etoro_client.py", line 311, in _find_instruments_ids
    return [self._find_instrument_id(symbol) for symbol in symbols]
            ^^^^^^^^^^^^^^^^^^^^^^^^^^^^^^^^
  File "/app/app/brokers/etoro/etoro_client.py", line 321, in _find_instrument_id
    resolved_instrument_id = resolve_exact_instrument_id(symbol, payload)
                             ^^^^^^^^^^^^^^^^^^^^^^^^^^^^^^^^^^^^^^^^^^^^
  File "/app/app/brokers/etoro/instrument_search_parser.py", line 55, in resolve_exact_instrument_id
    raise ValueError(
ValueError: No exact eToro instrument match found for symbol=SHIB. Candidates=[{'internalSymbolFull': 'SHIBxM', 'displayName': 'Shiba (in millions)', 'instrumentId': 100080, 'currentRate': 4.39}]
2026-07-10 23:03:39,664 | ERROR | __main__ | Bot loop error: No exact eToro instrument match found for symbol=SHIB. Candidates=[{'internalSymbolFull': 'SHIBxM', 'displayName': 'Shiba (in millions)', 'instrumentId': 100080, 'currentRate': 4.39}]
Traceback (most recent call last):
  File "/app/app/main.py", line 128, in main
    snapshots = broker.get_market_snapshots(symbols_to_fetch) if symbols_to_fetch else {}
                ^^^^^^^^^^^^^^^^^^^^^^^^^^^^^^^^^^^^^^^^^^^^^
  File "/app/app/brokers/cached_broker.py", line 31, in get_market_snapshots
    return self.delegate.get_market_snapshots(symbols)
           ^^^^^^^^^^^^^^^^^^^^^^^^^^^^^^^^^^^^^^^^^^^
  File "/app/app/brokers/etoro/etoro_client.py", line 105, in get_market_snapshots
    instruments_ids = self._find_instruments_ids(symbols)
                      ^^^^^^^^^^^^^^^^^^^^^^^^^^^^^^^^^^^
  File "/app/app/brokers/etoro/etoro_client.py", line 311, in _find_instruments_ids
    return [self._find_instrument_id(symbol) for symbol in symbols]
            ^^^^^^^^^^^^^^^^^^^^^^^^^^^^^^^^
  File "/app/app/brokers/etoro/etoro_client.py", line 321, in _find_instrument_id
    resolved_instrument_id = resolve_exact_instrument_id(symbol, payload)
                             ^^^^^^^^^^^^^^^^^^^^^^^^^^^^^^^^^^^^^^^^^^^^
  File "/app/app/brokers/etoro/instrument_search_parser.py", line 55, in resolve_exact_instrument_id
    raise ValueError(
ValueError: No exact eToro instrument match found for symbol=SHIB. Candidates=[{'internalSymbolFull': 'SHIBxM', 'displayName': 'Shiba (in millions)', 'instrumentId': 100080, 'currentRate': 4.39}]
2026-07-10 23:03:49,863 | ERROR | __main__ | Bot loop error: No exact eToro instrument match found for symbol=SHIB. Candidates=[{'internalSymbolFull': 'SHIBxM', 'displayName': 'Shiba (in millions)', 'instrumentId': 100080, 'currentRate': 4.39}]
Traceback (most recent call last):
  File "/app/app/main.py", line 128, in main
    snapshots = broker.get_market_snapshots(symbols_to_fetch) if symbols_to_fetch else {}
                ^^^^^^^^^^^^^^^^^^^^^^^^^^^^^^^^^^^^^^^^^^^^^
  File "/app/app/brokers/cached_broker.py", line 31, in get_market_snapshots
    return self.delegate.get_market_snapshots(symbols)
           ^^^^^^^^^^^^^^^^^^^^^^^^^^^^^^^^^^^^^^^^^^^
  File "/app/app/brokers/etoro/etoro_client.py", line 105, in get_market_snapshots
    instruments_ids = self._find_instruments_ids(symbols)
                      ^^^^^^^^^^^^^^^^^^^^^^^^^^^^^^^^^^^
  File "/app/app/brokers/etoro/etoro_client.py", line 311, in _find_instruments_ids
    return [self._find_instrument_id(symbol) for symbol in symbols]
            ^^^^^^^^^^^^^^^^^^^^^^^^^^^^^^^^
  File "/app/app/brokers/etoro/etoro_client.py", line 321, in _find_instrument_id
    resolved_instrument_id = resolve_exact_instrument_id(symbol, payload)
                             ^^^^^^^^^^^^^^^^^^^^^^^^^^^^^^^^^^^^^^^^^^^^
  File "/app/app/brokers/etoro/instrument_search_parser.py", line 55, in resolve_exact_instrument_id
    raise ValueError(
ValueError: No exact eToro instrument match found for symbol=SHIB. Candidates=[{'internalSymbolFull': 'SHIBxM', 'displayName': 'Shiba (in millions)', 'instrumentId': 100080, 'currentRate': 4.39}]
2026-07-10 23:04:00,428 | ERROR | __main__ | Bot loop error: No exact eToro instrument match found for symbol=SHIB. Candidates=[{'internalSymbolFull': 'SHIBxM', 'displayName': 'Shiba (in millions)', 'instrumentId': 100080, 'currentRate': 4.39}]
Traceback (most recent call last):
  File "/app/app/main.py", line 128, in main
    snapshots = broker.get_market_snapshots(symbols_to_fetch) if symbols_to_fetch else {}
                ^^^^^^^^^^^^^^^^^^^^^^^^^^^^^^^^^^^^^^^^^^^^^
  File "/app/app/brokers/cached_broker.py", line 31, in get_market_snapshots
    return self.delegate.get_market_snapshots(symbols)
           ^^^^^^^^^^^^^^^^^^^^^^^^^^^^^^^^^^^^^^^^^^^
  File "/app/app/brokers/etoro/etoro_client.py", line 105, in get_market_snapshots
    instruments_ids = self._find_instruments_ids(symbols)
                      ^^^^^^^^^^^^^^^^^^^^^^^^^^^^^^^^^^^
  File "/app/app/brokers/etoro/etoro_client.py", line 311, in _find_instruments_ids
    return [self._find_instrument_id(symbol) for symbol in symbols]
            ^^^^^^^^^^^^^^^^^^^^^^^^^^^^^^^^
  File "/app/app/brokers/etoro/etoro_client.py", line 321, in _find_instrument_id
    resolved_instrument_id = resolve_exact_instrument_id(symbol, payload)
                             ^^^^^^^^^^^^^^^^^^^^^^^^^^^^^^^^^^^^^^^^^^^^
  File "/app/app/brokers/etoro/instrument_search_parser.py", line 55, in resolve_exact_instrument_id
    raise ValueError(
ValueError: No exact eToro instrument match found for symbol=SHIB. Candidates=[{'internalSymbolFull': 'SHIBxM', 'displayName': 'Shiba (in millions)', 'instrumentId': 100080, 'currentRate': 4.39}]
2026-07-10 23:04:10,726 | ERROR | __main__ | Bot loop error: No exact eToro instrument match found for symbol=SHIB. Candidates=[{'internalSymbolFull': 'SHIBxM', 'displayName': 'Shiba (in millions)', 'instrumentId': 100080, 'currentRate': 4.39}]
Traceback (most recent call last):
  File "/app/app/main.py", line 128, in main
    snapshots = broker.get_market_snapshots(symbols_to_fetch) if symbols_to_fetch else {}
                ^^^^^^^^^^^^^^^^^^^^^^^^^^^^^^^^^^^^^^^^^^^^^
  File "/app/app/brokers/cached_broker.py", line 31, in get_market_snapshots
    return self.delegate.get_market_snapshots(symbols)
           ^^^^^^^^^^^^^^^^^^^^^^^^^^^^^^^^^^^^^^^^^^^
  File "/app/app/brokers/etoro/etoro_client.py", line 105, in get_market_snapshots
    instruments_ids = self._find_instruments_ids(symbols)
                      ^^^^^^^^^^^^^^^^^^^^^^^^^^^^^^^^^^^
  File "/app/app/brokers/etoro/etoro_client.py", line 311, in _find_instruments_ids
    return [self._find_instrument_id(symbol) for symbol in symbols]
            ^^^^^^^^^^^^^^^^^^^^^^^^^^^^^^^^
  File "/app/app/brokers/etoro/etoro_client.py", line 321, in _find_instrument_id
    resolved_instrument_id = resolve_exact_instrument_id(symbol, payload)
                             ^^^^^^^^^^^^^^^^^^^^^^^^^^^^^^^^^^^^^^^^^^^^
  File "/app/app/brokers/etoro/instrument_search_parser.py", line 55, in resolve_exact_instrument_id
    raise ValueError(
ValueError: No exact eToro instrument match found for symbol=SHIB. Candidates=[{'internalSymbolFull': 'SHIBxM', 'displayName': 'Shiba (in millions)', 'instrumentId': 100080, 'currentRate': 4.39}]
2026-07-10 23:04:20,903 | ERROR | __main__ | Bot loop error: No exact eToro instrument match found for symbol=SHIB. Candidates=[{'internalSymbolFull': 'SHIBxM', 'displayName': 'Shiba (in millions)', 'instrumentId': 100080, 'currentRate': 4.39}]
Traceback (most recent call last):
  File "/app/app/main.py", line 128, in main
    snapshots = broker.get_market_snapshots(symbols_to_fetch) if symbols_to_fetch else {}
                ^^^^^^^^^^^^^^^^^^^^^^^^^^^^^^^^^^^^^^^^^^^^^
  File "/app/app/brokers/cached_broker.py", line 31, in get_market_snapshots
    return self.delegate.get_market_snapshots(symbols)
           ^^^^^^^^^^^^^^^^^^^^^^^^^^^^^^^^^^^^^^^^^^^
  File "/app/app/brokers/etoro/etoro_client.py", line 105, in get_market_snapshots
    instruments_ids = self._find_instruments_ids(symbols)
                      ^^^^^^^^^^^^^^^^^^^^^^^^^^^^^^^^^^^
  File "/app/app/brokers/etoro/etoro_client.py", line 311, in _find_instruments_ids
    return [self._find_instrument_id(symbol) for symbol in symbols]
            ^^^^^^^^^^^^^^^^^^^^^^^^^^^^^^^^
  File "/app/app/brokers/etoro/etoro_client.py", line 321, in _find_instrument_id
    resolved_instrument_id = resolve_exact_instrument_id(symbol, payload)
                             ^^^^^^^^^^^^^^^^^^^^^^^^^^^^^^^^^^^^^^^^^^^^
  File "/app/app/brokers/etoro/instrument_search_parser.py", line 55, in resolve_exact_instrument_id
    raise ValueError(
ValueError: No exact eToro instrument match found for symbol=SHIB. Candidates=[{'internalSymbolFull': 'SHIBxM', 'displayName': 'Shiba (in millions)', 'instrumentId': 100080, 'currentRate': 4.39}]
2026-07-10 23:04:31,082 | ERROR | __main__ | Bot loop error: No exact eToro instrument match found for symbol=SHIB. Candidates=[{'internalSymbolFull': 'SHIBxM', 'displayName': 'Shiba (in millions)', 'instrumentId': 100080, 'currentRate': 4.39}]
Traceback (most recent call last):
  File "/app/app/main.py", line 128, in main
    snapshots = broker.get_market_snapshots(symbols_to_fetch) if symbols_to_fetch else {}
                ^^^^^^^^^^^^^^^^^^^^^^^^^^^^^^^^^^^^^^^^^^^^^
  File "/app/app/brokers/cached_broker.py", line 31, in get_market_snapshots
    return self.delegate.get_market_snapshots(symbols)
           ^^^^^^^^^^^^^^^^^^^^^^^^^^^^^^^^^^^^^^^^^^^
  File "/app/app/brokers/etoro/etoro_client.py", line 105, in get_market_snapshots
    instruments_ids = self._find_instruments_ids(symbols)
                      ^^^^^^^^^^^^^^^^^^^^^^^^^^^^^^^^^^^
  File "/app/app/brokers/etoro/etoro_client.py", line 311, in _find_instruments_ids
    return [self._find_instrument_id(symbol) for symbol in symbols]
            ^^^^^^^^^^^^^^^^^^^^^^^^^^^^^^^^
  File "/app/app/brokers/etoro/etoro_client.py", line 321, in _find_instrument_id
    resolved_instrument_id = resolve_exact_instrument_id(symbol, payload)
                             ^^^^^^^^^^^^^^^^^^^^^^^^^^^^^^^^^^^^^^^^^^^^
  File "/app/app/brokers/etoro/instrument_search_parser.py", line 55, in resolve_exact_instrument_id
    raise ValueError(
ValueError: No exact eToro instrument match found for symbol=SHIB. Candidates=[{'internalSymbolFull': 'SHIBxM', 'displayName': 'Shiba (in millions)', 'instrumentId': 100080, 'currentRate': 4.39}]
2026-07-10 23:04:41,314 | ERROR | __main__ | Bot loop error: No exact eToro instrument match found for symbol=SHIB. Candidates=[{'internalSymbolFull': 'SHIBxM', 'displayName': 'Shiba (in millions)', 'instrumentId': 100080, 'currentRate': 4.39}]
Traceback (most recent call last):
  File "/app/app/main.py", line 128, in main
    snapshots = broker.get_market_snapshots(symbols_to_fetch) if symbols_to_fetch else {}
                ^^^^^^^^^^^^^^^^^^^^^^^^^^^^^^^^^^^^^^^^^^^^^
  File "/app/app/brokers/cached_broker.py", line 31, in get_market_snapshots
    return self.delegate.get_market_snapshots(symbols)
           ^^^^^^^^^^^^^^^^^^^^^^^^^^^^^^^^^^^^^^^^^^^
  File "/app/app/brokers/etoro/etoro_client.py", line 105, in get_market_snapshots
    instruments_ids = self._find_instruments_ids(symbols)
                      ^^^^^^^^^^^^^^^^^^^^^^^^^^^^^^^^^^^
  File "/app/app/brokers/etoro/etoro_client.py", line 311, in _find_instruments_ids
    return [self._find_instrument_id(symbol) for symbol in symbols]
            ^^^^^^^^^^^^^^^^^^^^^^^^^^^^^^^^
  File "/app/app/brokers/etoro/etoro_client.py", line 321, in _find_instrument_id
    resolved_instrument_id = resolve_exact_instrument_id(symbol, payload)
                             ^^^^^^^^^^^^^^^^^^^^^^^^^^^^^^^^^^^^^^^^^^^^
  File "/app/app/brokers/etoro/instrument_search_parser.py", line 55, in resolve_exact_instrument_id
    raise ValueError(
ValueError: No exact eToro instrument match found for symbol=SHIB. Candidates=[{'internalSymbolFull': 'SHIBxM', 'displayName': 'Shiba (in millions)', 'instrumentId': 100080, 'currentRate': 4.39}]
2026-07-10 23:04:51,484 | ERROR | __main__ | Bot loop error: No exact eToro instrument match found for symbol=SHIB. Candidates=[{'internalSymbolFull': 'SHIBxM', 'displayName': 'Shiba (in millions)', 'instrumentId': 100080, 'currentRate': 4.39}]
Traceback (most recent call last):
  File "/app/app/main.py", line 128, in main
    snapshots = broker.get_market_snapshots(symbols_to_fetch) if symbols_to_fetch else {}
                ^^^^^^^^^^^^^^^^^^^^^^^^^^^^^^^^^^^^^^^^^^^^^
  File "/app/app/brokers/cached_broker.py", line 31, in get_market_snapshots
    return self.delegate.get_market_snapshots(symbols)
           ^^^^^^^^^^^^^^^^^^^^^^^^^^^^^^^^^^^^^^^^^^^
  File "/app/app/brokers/etoro/etoro_client.py", line 105, in get_market_snapshots
    instruments_ids = self._find_instruments_ids(symbols)
                      ^^^^^^^^^^^^^^^^^^^^^^^^^^^^^^^^^^^
  File "/app/app/brokers/etoro/etoro_client.py", line 311, in _find_instruments_ids
    return [self._find_instrument_id(symbol) for symbol in symbols]
            ^^^^^^^^^^^^^^^^^^^^^^^^^^^^^^^^
  File "/app/app/brokers/etoro/etoro_client.py", line 321, in _find_instrument_id
    resolved_instrument_id = resolve_exact_instrument_id(symbol, payload)
                             ^^^^^^^^^^^^^^^^^^^^^^^^^^^^^^^^^^^^^^^^^^^^
  File "/app/app/brokers/etoro/instrument_search_parser.py", line 55, in resolve_exact_instrument_id
    raise ValueError(
ValueError: No exact eToro instrument match found for symbol=SHIB. Candidates=[{'internalSymbolFull': 'SHIBxM', 'displayName': 'Shiba (in millions)', 'instrumentId': 100080, 'currentRate': 4.39}]
2026-07-10 23:05:01,825 | ERROR | __main__ | Bot loop error: No exact eToro instrument match found for symbol=SHIB. Candidates=[{'internalSymbolFull': 'SHIBxM', 'displayName': 'Shiba (in millions)', 'instrumentId': 100080, 'currentRate': 4.39}]
Traceback (most recent call last):
  File "/app/app/main.py", line 128, in main
    snapshots = broker.get_market_snapshots(symbols_to_fetch) if symbols_to_fetch else {}
                ^^^^^^^^^^^^^^^^^^^^^^^^^^^^^^^^^^^^^^^^^^^^^
  File "/app/app/brokers/cached_broker.py", line 31, in get_market_snapshots
    return self.delegate.get_market_snapshots(symbols)
           ^^^^^^^^^^^^^^^^^^^^^^^^^^^^^^^^^^^^^^^^^^^
  File "/app/app/brokers/etoro/etoro_client.py", line 105, in get_market_snapshots
    instruments_ids = self._find_instruments_ids(symbols)
                      ^^^^^^^^^^^^^^^^^^^^^^^^^^^^^^^^^^^
  File "/app/app/brokers/etoro/etoro_client.py", line 311, in _find_instruments_ids
    return [self._find_instrument_id(symbol) for symbol in symbols]
            ^^^^^^^^^^^^^^^^^^^^^^^^^^^^^^^^
  File "/app/app/brokers/etoro/etoro_client.py", line 321, in _find_instrument_id
    resolved_instrument_id = resolve_exact_instrument_id(symbol, payload)
                             ^^^^^^^^^^^^^^^^^^^^^^^^^^^^^^^^^^^^^^^^^^^^
  File "/app/app/brokers/etoro/instrument_search_parser.py", line 55, in resolve_exact_instrument_id
    raise ValueError(
ValueError: No exact eToro instrument match found for symbol=SHIB. Candidates=[{'internalSymbolFull': 'SHIBxM', 'displayName': 'Shiba (in millions)', 'instrumentId': 100080, 'currentRate': 4.39}]
2026-07-10 23:05:12,442 | ERROR | __main__ | Bot loop error: No exact eToro instrument match found for symbol=SHIB. Candidates=[{'internalSymbolFull': 'SHIBxM', 'displayName': 'Shiba (in millions)', 'instrumentId': 100080, 'currentRate': 4.39}]
Traceback (most recent call last):
  File "/app/app/main.py", line 128, in main
    snapshots = broker.get_market_snapshots(symbols_to_fetch) if symbols_to_fetch else {}
                ^^^^^^^^^^^^^^^^^^^^^^^^^^^^^^^^^^^^^^^^^^^^^
  File "/app/app/brokers/cached_broker.py", line 31, in get_market_snapshots
    return self.delegate.get_market_snapshots(symbols)
           ^^^^^^^^^^^^^^^^^^^^^^^^^^^^^^^^^^^^^^^^^^^
  File "/app/app/brokers/etoro/etoro_client.py", line 105, in get_market_snapshots
    instruments_ids = self._find_instruments_ids(symbols)
                      ^^^^^^^^^^^^^^^^^^^^^^^^^^^^^^^^^^^
  File "/app/app/brokers/etoro/etoro_client.py", line 311, in _find_instruments_ids
    return [self._find_instrument_id(symbol) for symbol in symbols]
            ^^^^^^^^^^^^^^^^^^^^^^^^^^^^^^^^
  File "/app/app/brokers/etoro/etoro_client.py", line 321, in _find_instrument_id
    resolved_instrument_id = resolve_exact_instrument_id(symbol, payload)
                             ^^^^^^^^^^^^^^^^^^^^^^^^^^^^^^^^^^^^^^^^^^^^
  File "/app/app/brokers/etoro/instrument_search_parser.py", line 55, in resolve_exact_instrument_id
    raise ValueError(
ValueError: No exact eToro instrument match found for symbol=SHIB. Candidates=[{'internalSymbolFull': 'SHIBxM', 'displayName': 'Shiba (in millions)', 'instrumentId': 100080, 'currentRate': 4.39}]
2026-07-10 23:05:22,806 | ERROR | __main__ | Bot loop error: No exact eToro instrument match found for symbol=SHIB. Candidates=[{'internalSymbolFull': 'SHIBxM', 'displayName': 'Shiba (in millions)', 'instrumentId': 100080, 'currentRate': 4.39}]
Traceback (most recent call last):
  File "/app/app/main.py", line 128, in main
    snapshots = broker.get_market_snapshots(symbols_to_fetch) if symbols_to_fetch else {}
                ^^^^^^^^^^^^^^^^^^^^^^^^^^^^^^^^^^^^^^^^^^^^^
  File "/app/app/brokers/cached_broker.py", line 31, in get_market_snapshots
    return self.delegate.get_market_snapshots(symbols)
           ^^^^^^^^^^^^^^^^^^^^^^^^^^^^^^^^^^^^^^^^^^^
  File "/app/app/brokers/etoro/etoro_client.py", line 105, in get_market_snapshots
    instruments_ids = self._find_instruments_ids(symbols)
                      ^^^^^^^^^^^^^^^^^^^^^^^^^^^^^^^^^^^
  File "/app/app/brokers/etoro/etoro_client.py", line 311, in _find_instruments_ids
    return [self._find_instrument_id(symbol) for symbol in symbols]
            ^^^^^^^^^^^^^^^^^^^^^^^^^^^^^^^^
  File "/app/app/brokers/etoro/etoro_client.py", line 321, in _find_instrument_id
    resolved_instrument_id = resolve_exact_instrument_id(symbol, payload)
                             ^^^^^^^^^^^^^^^^^^^^^^^^^^^^^^^^^^^^^^^^^^^^
  File "/app/app/brokers/etoro/instrument_search_parser.py", line 55, in resolve_exact_instrument_id
    raise ValueError(
ValueError: No exact eToro instrument match found for symbol=SHIB. Candidates=[{'internalSymbolFull': 'SHIBxM', 'displayName': 'Shiba (in millions)', 'instrumentId': 100080, 'currentRate': 4.39}]
2026-07-10 23:05:33,144 | ERROR | __main__ | Bot loop error: No exact eToro instrument match found for symbol=SHIB. Candidates=[{'internalSymbolFull': 'SHIBxM', 'displayName': 'Shiba (in millions)', 'instrumentId': 100080, 'currentRate': 4.39}]
Traceback (most recent call last):
  File "/app/app/main.py", line 128, in main
    snapshots = broker.get_market_snapshots(symbols_to_fetch) if symbols_to_fetch else {}
                ^^^^^^^^^^^^^^^^^^^^^^^^^^^^^^^^^^^^^^^^^^^^^
  File "/app/app/brokers/cached_broker.py", line 31, in get_market_snapshots
    return self.delegate.get_market_snapshots(symbols)
           ^^^^^^^^^^^^^^^^^^^^^^^^^^^^^^^^^^^^^^^^^^^
  File "/app/app/brokers/etoro/etoro_client.py", line 105, in get_market_snapshots
    instruments_ids = self._find_instruments_ids(symbols)
                      ^^^^^^^^^^^^^^^^^^^^^^^^^^^^^^^^^^^
  File "/app/app/brokers/etoro/etoro_client.py", line 311, in _find_instruments_ids
    return [self._find_instrument_id(symbol) for symbol in symbols]
            ^^^^^^^^^^^^^^^^^^^^^^^^^^^^^^^^
  File "/app/app/brokers/etoro/etoro_client.py", line 321, in _find_instrument_id
    resolved_instrument_id = resolve_exact_instrument_id(symbol, payload)
                             ^^^^^^^^^^^^^^^^^^^^^^^^^^^^^^^^^^^^^^^^^^^^
  File "/app/app/brokers/etoro/instrument_search_parser.py", line 55, in resolve_exact_instrument_id
    raise ValueError(
ValueError: No exact eToro instrument match found for symbol=SHIB. Candidates=[{'internalSymbolFull': 'SHIBxM', 'displayName': 'Shiba (in millions)', 'instrumentId': 100080, 'currentRate': 4.39}]
2026-07-10 23:05:43,345 | ERROR | __main__ | Bot loop error: No exact eToro instrument match found for symbol=SHIB. Candidates=[{'internalSymbolFull': 'SHIBxM', 'displayName': 'Shiba (in millions)', 'instrumentId': 100080, 'currentRate': 4.39}]
Traceback (most recent call last):
  File "/app/app/main.py", line 128, in main
    snapshots = broker.get_market_snapshots(symbols_to_fetch) if symbols_to_fetch else {}
                ^^^^^^^^^^^^^^^^^^^^^^^^^^^^^^^^^^^^^^^^^^^^^
  File "/app/app/brokers/cached_broker.py", line 31, in get_market_snapshots
    return self.delegate.get_market_snapshots(symbols)
           ^^^^^^^^^^^^^^^^^^^^^^^^^^^^^^^^^^^^^^^^^^^
  File "/app/app/brokers/etoro/etoro_client.py", line 105, in get_market_snapshots
    instruments_ids = self._find_instruments_ids(symbols)
                      ^^^^^^^^^^^^^^^^^^^^^^^^^^^^^^^^^^^
  File "/app/app/brokers/etoro/etoro_client.py", line 311, in _find_instruments_ids
    return [self._find_instrument_id(symbol) for symbol in symbols]
            ^^^^^^^^^^^^^^^^^^^^^^^^^^^^^^^^
  File "/app/app/brokers/etoro/etoro_client.py", line 321, in _find_instrument_id
    resolved_instrument_id = resolve_exact_instrument_id(symbol, payload)
                             ^^^^^^^^^^^^^^^^^^^^^^^^^^^^^^^^^^^^^^^^^^^^
  File "/app/app/brokers/etoro/instrument_search_parser.py", line 55, in resolve_exact_instrument_id
    raise ValueError(
ValueError: No exact eToro instrument match found for symbol=SHIB. Candidates=[{'internalSymbolFull': 'SHIBxM', 'displayName': 'Shiba (in millions)', 'instrumentId': 100080, 'currentRate': 4.39}]
2026-07-10 23:06:06,468 | INFO | __main__ | Starting Eärendil | run_id=run_20260710T230606_388711Z | broker=etoro_demo | strategy_profile=balanced | watchlist=['BTC', 'ETH', 'SOL', 'XRP', 'ADA', 'DOGE', 'AVAX', 'LINK', 'DOT', 'LTC', 'BCH', 'XLM', 'ETC', 'UNI', 'AAVE', 'ATOM', 'ALGO', 'NEAR', 'FIL'] | journal_detail=normal
2026-07-10 23:06:06,531 | INFO | app.runtime.position_lifecycle | No persisted open positions to restore
2026-07-10 23:06:07,471 | INFO | app.brokers.etoro.etoro_client | Selected eToro instrument | symbol=BTC | instrument_id=100000
2026-07-10 23:06:07,730 | INFO | app.brokers.etoro.etoro_client | Selected eToro instrument | symbol=ETH | instrument_id=100001
2026-07-10 23:06:09,080 | INFO | app.brokers.etoro.etoro_client | Selected eToro instrument | symbol=SOL | instrument_id=100063
2026-07-10 23:06:09,282 | INFO | app.brokers.etoro.etoro_client | Selected eToro instrument | symbol=XRP | instrument_id=100003
2026-07-10 23:06:09,498 | INFO | app.brokers.etoro.etoro_client | Selected eToro instrument | symbol=ADA | instrument_id=100017
2026-07-10 23:06:09,668 | INFO | app.brokers.etoro.etoro_client | Selected eToro instrument | symbol=DOGE | instrument_id=100043
2026-07-10 23:06:09,864 | INFO | app.brokers.etoro.etoro_client | Selected eToro instrument | symbol=AVAX | instrument_id=100085
2026-07-10 23:06:10,114 | INFO | app.brokers.etoro.etoro_client | Selected eToro instrument | symbol=LINK | instrument_id=100040
2026-07-10 23:06:10,349 | INFO | app.brokers.etoro.etoro_client | Selected eToro instrument | symbol=DOT | instrument_id=100037
2026-07-10 23:06:10,624 | INFO | app.brokers.etoro.etoro_client | Selected eToro instrument | symbol=LTC | instrument_id=100005
2026-07-10 23:06:10,871 | INFO | app.brokers.etoro.etoro_client | Selected eToro instrument | symbol=BCH | instrument_id=100002
2026-07-10 23:06:11,095 | INFO | app.brokers.etoro.etoro_client | Selected eToro instrument | symbol=XLM | instrument_id=100020
2026-07-10 23:06:11,323 | INFO | app.brokers.etoro.etoro_client | Selected eToro instrument | symbol=ETC | instrument_id=100007
2026-07-10 23:06:11,578 | INFO | app.brokers.etoro.etoro_client | Selected eToro instrument | symbol=UNI | instrument_id=100041
2026-07-10 23:06:11,789 | INFO | app.brokers.etoro.etoro_client | Selected eToro instrument | symbol=AAVE | instrument_id=100044
2026-07-10 23:06:12,022 | INFO | app.brokers.etoro.etoro_client | Selected eToro instrument | symbol=ATOM | instrument_id=100047
2026-07-10 23:06:12,192 | INFO | app.brokers.etoro.etoro_client | Selected eToro instrument | symbol=ALGO | instrument_id=100046
2026-07-10 23:06:12,379 | INFO | app.brokers.etoro.etoro_client | Selected eToro instrument | symbol=NEAR | instrument_id=100337
2026-07-10 23:06:12,525 | INFO | app.brokers.etoro.etoro_client | Selected eToro instrument | symbol=FIL | instrument_id=100045
