2026-07-17 00:35:47,600 | INFO | __main__ | Starting Goblin! | run_id=run_20260717T003547_538707Z | broker=etoro_demo | strategy_profile=balanced | watchlist=['AC.PA', 'AI.PA', 'AIR.PA', 'ALO.PA', 'CS.PA', 'BNP.PA', 'CAP.PA', 'ACA.PA', 'DSY.PA', 'EDEN.PA', 'EL.PA', 'RMS.PA', 'KER.PA', 'OR.PA', 'LR.PA', 'MC.PA', 'ML.PA', 'RI.PA', 'PUB.PA', 'RNO.PA', 'SAF.PA', 'SGO.PA', 'SAN.PA', 'SU.PA', 'GLE.PA', 'WLN.PA', 'HO.PA', 'TTE.PA', 'URW.PA', 'DG.PA', 'ADS.DE', 'ALV.DE', 'BAS.DE', 'BAYN.DE', 'BMW.DE', 'CBK.DE', 'CON.DE', 'DBK.DE', 'DB1.DE', 'EOAN.DE', 'HEI.DE', 'IFX.DE', 'MBG.DE', 'MUV2.DE', 'RWE.DE', 'SAP.DE', 'SIE.DE', 'VOW3.DE', 'BBVA.MC', 'CABK.MC', 'CLNX.MC', 'IBE.MC', 'ITX.MC', 'REP.MC', 'SAN.MC', 'TEF.MC', 'ENEL.MI', 'ENI.MI', 'ISP.MI', 'UCG.MI', 'AAPL', 'MSFT', 'NVDA', 'AMZN', 'META', 'GOOGL', 'TSLA', 'AVGO', 'AMD', 'NFLX', 'ADBE', 'CRM', 'ORCL', 'AMAT', 'INTC', 'QCOM', 'MU', 'LRCX', 'TXN', 'PLTR', 'UBER', 'NOW', 'LLY', 'COF', 'AXP', 'GS', 'JPM', 'BAC', 'CAT', 'DE', 'FDX', 'UPS', 'GE', 'GEV', 'HON', 'BA', 'NKE', 'SBUX', 'BKNG', 'BLK', 'GILD', 'MRK', 'DHR', 'TMO', 'ACN', 'INTU', 'COP', 'XOM', 'RTX', 'TMUS', 'WFC', 'SCHW', 'AMGN', 'DIS', 'PEP'] | journal_detail=normal
2026-07-17 00:35:47,622 | INFO | app.runtime.position_lifecycle | No persisted open positions to restore
2026-07-17 00:40:47,819 | INFO | __main__ | Runtime heartbeat | active_symbols=0 | snapshots=0 | candles=0 | candidates=0 | orders=0 | open_positions=0 | errors=0
2026-07-17 00:45:47,997 | INFO | __main__ | Runtime heartbeat | active_symbols=0 | snapshots=0 | candles=0 | candidates=0 | orders=0 | open_positions=0 | errors=0
2026-07-17 00:50:48,197 | INFO | __main__ | Runtime heartbeat | active_symbols=0 | snapshots=0 | candles=0 | candidates=0 | orders=0 | open_positions=0 | errors=0
2026-07-17 00:55:48,398 | INFO | __main__ | Runtime heartbeat | active_symbols=0 | snapshots=0 | candles=0 | candidates=0 | orders=0 | open_positions=0 | errors=0
2026-07-17 01:00:48,605 | INFO | __main__ | Runtime heartbeat | active_symbols=0 | snapshots=0 | candles=0 | candidates=0 | orders=0 | open_positions=0 | errors=0
2026-07-17 01:05:48,806 | INFO | __main__ | Runtime heartbeat | active_symbols=0 | snapshots=0 | candles=0 | candidates=0 | orders=0 | open_positions=0 | errors=0
2026-07-17 01:10:48,999 | INFO | __main__ | Runtime heartbeat | active_symbols=0 | snapshots=0 | candles=0 | candidates=0 | orders=0 | open_positions=0 | errors=0
2026-07-17 01:15:49,210 | INFO | __main__ | Runtime heartbeat | active_symbols=0 | snapshots=0 | candles=0 | candidates=0 | orders=0 | open_positions=0 | errors=0
2026-07-17 01:20:49,411 | INFO | __main__ | Runtime heartbeat | active_symbols=0 | snapshots=0 | candles=0 | candidates=0 | orders=0 | open_positions=0 | errors=0
2026-07-17 01:25:49,606 | INFO | __main__ | Runtime heartbeat | active_symbols=0 | snapshots=0 | candles=0 | candidates=0 | orders=0 | open_positions=0 | errors=0
2026-07-17 01:30:49,807 | INFO | __main__ | Runtime heartbeat | active_symbols=0 | snapshots=0 | candles=0 | candidates=0 | orders=0 | open_positions=0 | errors=0
2026-07-17 01:35:50,005 | INFO | __main__ | Runtime heartbeat | active_symbols=0 | snapshots=0 | candles=0 | candidates=0 | orders=0 | open_positions=0 | errors=0
2026-07-17 01:40:50,206 | INFO | __main__ | Runtime heartbeat | active_symbols=0 | snapshots=0 | candles=0 | candidates=0 | orders=0 | open_positions=0 | errors=0
2026-07-17 01:45:50,400 | INFO | __main__ | Runtime heartbeat | active_symbols=0 | snapshots=0 | candles=0 | candidates=0 | orders=0 | open_positions=0 | errors=0
2026-07-17 01:50:50,592 | INFO | __main__ | Runtime heartbeat | active_symbols=0 | snapshots=0 | candles=0 | candidates=0 | orders=0 | open_positions=0 | errors=0
2026-07-17 01:55:50,787 | INFO | __main__ | Runtime heartbeat | active_symbols=0 | snapshots=0 | candles=0 | candidates=0 | orders=0 | open_positions=0 | errors=0
2026-07-17 02:00:50,973 | INFO | __main__ | Runtime heartbeat | active_symbols=0 | snapshots=0 | candles=0 | candidates=0 | orders=0 | open_positions=0 | errors=0
2026-07-17 02:05:51,171 | INFO | __main__ | Runtime heartbeat | active_symbols=0 | snapshots=0 | candles=0 | candidates=0 | orders=0 | open_positions=0 | errors=0
2026-07-17 02:10:51,361 | INFO | __main__ | Runtime heartbeat | active_symbols=0 | snapshots=0 | candles=0 | candidates=0 | orders=0 | open_positions=0 | errors=0
2026-07-17 02:15:51,564 | INFO | __main__ | Runtime heartbeat | active_symbols=0 | snapshots=0 | candles=0 | candidates=0 | orders=0 | open_positions=0 | errors=0
2026-07-17 02:20:51,763 | INFO | __main__ | Runtime heartbeat | active_symbols=0 | snapshots=0 | candles=0 | candidates=0 | orders=0 | open_positions=0 | errors=0
2026-07-17 02:25:51,956 | INFO | __main__ | Runtime heartbeat | active_symbols=0 | snapshots=0 | candles=0 | candidates=0 | orders=0 | open_positions=0 | errors=0
2026-07-17 02:30:52,156 | INFO | __main__ | Runtime heartbeat | active_symbols=0 | snapshots=0 | candles=0 | candidates=0 | orders=0 | open_positions=0 | errors=0
2026-07-17 02:35:52,354 | INFO | __main__ | Runtime heartbeat | active_symbols=0 | snapshots=0 | candles=0 | candidates=0 | orders=0 | open_positions=0 | errors=0
2026-07-17 02:40:52,550 | INFO | __main__ | Runtime heartbeat | active_symbols=0 | snapshots=0 | candles=0 | candidates=0 | orders=0 | open_positions=0 | errors=0
2026-07-17 02:45:52,748 | INFO | __main__ | Runtime heartbeat | active_symbols=0 | snapshots=0 | candles=0 | candidates=0 | orders=0 | open_positions=0 | errors=0
2026-07-17 02:50:52,946 | INFO | __main__ | Runtime heartbeat | active_symbols=0 | snapshots=0 | candles=0 | candidates=0 | orders=0 | open_positions=0 | errors=0
2026-07-17 02:55:53,147 | INFO | __main__ | Runtime heartbeat | active_symbols=0 | snapshots=0 | candles=0 | candidates=0 | orders=0 | open_positions=0 | errors=0
2026-07-17 03:00:53,342 | INFO | __main__ | Runtime heartbeat | active_symbols=0 | snapshots=0 | candles=0 | candidates=0 | orders=0 | open_positions=0 | errors=0
2026-07-17 03:05:53,541 | INFO | __main__ | Runtime heartbeat | active_symbols=0 | snapshots=0 | candles=0 | candidates=0 | orders=0 | open_positions=0 | errors=0
2026-07-17 03:10:53,728 | INFO | __main__ | Runtime heartbeat | active_symbols=0 | snapshots=0 | candles=0 | candidates=0 | orders=0 | open_positions=0 | errors=0
2026-07-17 03:15:53,926 | INFO | __main__ | Runtime heartbeat | active_symbols=0 | snapshots=0 | candles=0 | candidates=0 | orders=0 | open_positions=0 | errors=0
2026-07-17 03:20:54,123 | INFO | __main__ | Runtime heartbeat | active_symbols=0 | snapshots=0 | candles=0 | candidates=0 | orders=0 | open_positions=0 | errors=0
2026-07-17 03:25:54,307 | INFO | __main__ | Runtime heartbeat | active_symbols=0 | snapshots=0 | candles=0 | candidates=0 | orders=0 | open_positions=0 | errors=0
2026-07-17 03:30:54,497 | INFO | __main__ | Runtime heartbeat | active_symbols=0 | snapshots=0 | candles=0 | candidates=0 | orders=0 | open_positions=0 | errors=0
2026-07-17 03:35:54,686 | INFO | __main__ | Runtime heartbeat | active_symbols=0 | snapshots=0 | candles=0 | candidates=0 | orders=0 | open_positions=0 | errors=0
2026-07-17 03:40:54,880 | INFO | __main__ | Runtime heartbeat | active_symbols=0 | snapshots=0 | candles=0 | candidates=0 | orders=0 | open_positions=0 | errors=0
2026-07-17 03:45:55,040 | INFO | __main__ | Runtime heartbeat | active_symbols=0 | snapshots=0 | candles=0 | candidates=0 | orders=0 | open_positions=0 | errors=0
2026-07-17 03:50:55,202 | INFO | __main__ | Runtime heartbeat | active_symbols=0 | snapshots=0 | candles=0 | candidates=0 | orders=0 | open_positions=0 | errors=0
2026-07-17 03:55:55,393 | INFO | __main__ | Runtime heartbeat | active_symbols=0 | snapshots=0 | candles=0 | candidates=0 | orders=0 | open_positions=0 | errors=0
2026-07-17 04:00:55,589 | INFO | __main__ | Runtime heartbeat | active_symbols=0 | snapshots=0 | candles=0 | candidates=0 | orders=0 | open_positions=0 | errors=0
2026-07-17 04:05:55,772 | INFO | __main__ | Runtime heartbeat | active_symbols=0 | snapshots=0 | candles=0 | candidates=0 | orders=0 | open_positions=0 | errors=0
2026-07-17 04:10:55,962 | INFO | __main__ | Runtime heartbeat | active_symbols=0 | snapshots=0 | candles=0 | candidates=0 | orders=0 | open_positions=0 | errors=0
2026-07-17 04:15:56,163 | INFO | __main__ | Runtime heartbeat | active_symbols=0 | snapshots=0 | candles=0 | candidates=0 | orders=0 | open_positions=0 | errors=0
2026-07-17 04:20:56,367 | INFO | __main__ | Runtime heartbeat | active_symbols=0 | snapshots=0 | candles=0 | candidates=0 | orders=0 | open_positions=0 | errors=0
2026-07-17 04:25:56,549 | INFO | __main__ | Runtime heartbeat | active_symbols=0 | snapshots=0 | candles=0 | candidates=0 | orders=0 | open_positions=0 | errors=0
2026-07-17 04:30:56,780 | INFO | __main__ | Runtime heartbeat | active_symbols=0 | snapshots=0 | candles=0 | candidates=0 | orders=0 | open_positions=0 | errors=0
2026-07-17 04:35:56,980 | INFO | __main__ | Runtime heartbeat | active_symbols=0 | snapshots=0 | candles=0 | candidates=0 | orders=0 | open_positions=0 | errors=0
2026-07-17 04:40:57,184 | INFO | __main__ | Runtime heartbeat | active_symbols=0 | snapshots=0 | candles=0 | candidates=0 | orders=0 | open_positions=0 | errors=0
2026-07-17 04:45:57,371 | INFO | __main__ | Runtime heartbeat | active_symbols=0 | snapshots=0 | candles=0 | candidates=0 | orders=0 | open_positions=0 | errors=0
2026-07-17 04:50:57,571 | INFO | __main__ | Runtime heartbeat | active_symbols=0 | snapshots=0 | candles=0 | candidates=0 | orders=0 | open_positions=0 | errors=0
2026-07-17 04:55:57,773 | INFO | __main__ | Runtime heartbeat | active_symbols=0 | snapshots=0 | candles=0 | candidates=0 | orders=0 | open_positions=0 | errors=0
2026-07-17 05:00:57,970 | INFO | __main__ | Runtime heartbeat | active_symbols=0 | snapshots=0 | candles=0 | candidates=0 | orders=0 | open_positions=0 | errors=0
2026-07-17 05:05:58,165 | INFO | __main__ | Runtime heartbeat | active_symbols=0 | snapshots=0 | candles=0 | candidates=0 | orders=0 | open_positions=0 | errors=0
2026-07-17 05:10:58,360 | INFO | __main__ | Runtime heartbeat | active_symbols=0 | snapshots=0 | candles=0 | candidates=0 | orders=0 | open_positions=0 | errors=0
2026-07-17 05:15:58,565 | INFO | __main__ | Runtime heartbeat | active_symbols=0 | snapshots=0 | candles=0 | candidates=0 | orders=0 | open_positions=0 | errors=0
2026-07-17 05:20:58,763 | INFO | __main__ | Runtime heartbeat | active_symbols=0 | snapshots=0 | candles=0 | candidates=0 | orders=0 | open_positions=0 | errors=0
2026-07-17 05:25:58,965 | INFO | __main__ | Runtime heartbeat | active_symbols=0 | snapshots=0 | candles=0 | candidates=0 | orders=0 | open_positions=0 | errors=0
2026-07-17 05:30:59,169 | INFO | __main__ | Runtime heartbeat | active_symbols=0 | snapshots=0 | candles=0 | candidates=0 | orders=0 | open_positions=0 | errors=0
2026-07-17 05:35:59,362 | INFO | __main__ | Runtime heartbeat | active_symbols=0 | snapshots=0 | candles=0 | candidates=0 | orders=0 | open_positions=0 | errors=0
2026-07-17 05:40:59,555 | INFO | __main__ | Runtime heartbeat | active_symbols=0 | snapshots=0 | candles=0 | candidates=0 | orders=0 | open_positions=0 | errors=0
2026-07-17 05:45:59,751 | INFO | __main__ | Runtime heartbeat | active_symbols=0 | snapshots=0 | candles=0 | candidates=0 | orders=0 | open_positions=0 | errors=0
2026-07-17 05:50:59,951 | INFO | __main__ | Runtime heartbeat | active_symbols=0 | snapshots=0 | candles=0 | candidates=0 | orders=0 | open_positions=0 | errors=0
2026-07-17 05:56:00,150 | INFO | __main__ | Runtime heartbeat | active_symbols=0 | snapshots=0 | candles=0 | candidates=0 | orders=0 | open_positions=0 | errors=0
2026-07-17 06:01:00,344 | INFO | __main__ | Runtime heartbeat | active_symbols=0 | snapshots=0 | candles=0 | candidates=0 | orders=0 | open_positions=0 | errors=0
2026-07-17 06:06:00,542 | INFO | __main__ | Runtime heartbeat | active_symbols=0 | snapshots=0 | candles=0 | candidates=0 | orders=0 | open_positions=0 | errors=0
2026-07-17 06:11:00,735 | INFO | __main__ | Runtime heartbeat | active_symbols=0 | snapshots=0 | candles=0 | candidates=0 | orders=0 | open_positions=0 | errors=0
2026-07-17 06:16:00,933 | INFO | __main__ | Runtime heartbeat | active_symbols=0 | snapshots=0 | candles=0 | candidates=0 | orders=0 | open_positions=0 | errors=0
2026-07-17 06:21:01,142 | INFO | __main__ | Runtime heartbeat | active_symbols=0 | snapshots=0 | candles=0 | candidates=0 | orders=0 | open_positions=0 | errors=0
2026-07-17 06:26:01,340 | INFO | __main__ | Runtime heartbeat | active_symbols=0 | snapshots=0 | candles=0 | candidates=0 | orders=0 | open_positions=0 | errors=0
2026-07-17 06:31:01,536 | INFO | __main__ | Runtime heartbeat | active_symbols=0 | snapshots=0 | candles=0 | candidates=0 | orders=0 | open_positions=0 | errors=0
2026-07-17 06:36:01,722 | INFO | __main__ | Runtime heartbeat | active_symbols=0 | snapshots=0 | candles=0 | candidates=0 | orders=0 | open_positions=0 | errors=0
2026-07-17 06:41:01,923 | INFO | __main__ | Runtime heartbeat | active_symbols=0 | snapshots=0 | candles=0 | candidates=0 | orders=0 | open_positions=0 | errors=0
2026-07-17 06:46:02,124 | INFO | __main__ | Runtime heartbeat | active_symbols=0 | snapshots=0 | candles=0 | candidates=0 | orders=0 | open_positions=0 | errors=0
2026-07-17 06:51:02,308 | INFO | __main__ | Runtime heartbeat | active_symbols=0 | snapshots=0 | candles=0 | candidates=0 | orders=0 | open_positions=0 | errors=0
2026-07-17 06:56:02,504 | INFO | __main__ | Runtime heartbeat | active_symbols=0 | snapshots=0 | candles=0 | candidates=0 | orders=0 | open_positions=0 | errors=0
2026-07-17 07:00:04,009 | INFO | app.brokers.etoro.etoro_client | Selected eToro instrument | symbol=AC.PA | instrument_id=1231
2026-07-17 07:00:04,255 | INFO | app.brokers.etoro.etoro_client | Selected eToro instrument | symbol=AI.PA | instrument_id=1233
2026-07-17 07:00:04,392 | INFO | app.brokers.etoro.etoro_client | Selected eToro instrument | symbol=AIR.PA | instrument_id=1234
2026-07-17 07:00:04,622 | INFO | app.brokers.etoro.etoro_client | Selected eToro instrument | symbol=ALO.PA | instrument_id=1235
2026-07-17 07:00:04,743 | INFO | app.brokers.etoro.etoro_client | Selected eToro instrument | symbol=CS.PA | instrument_id=1241
2026-07-17 07:00:04,886 | INFO | app.brokers.etoro.etoro_client | Selected eToro instrument | symbol=BNP.PA | instrument_id=1238
2026-07-17 07:00:05,012 | INFO | app.brokers.etoro.etoro_client | Selected eToro instrument | symbol=CAP.PA | instrument_id=1240
2026-07-17 07:00:05,270 | INFO | app.brokers.etoro.etoro_client | Selected eToro instrument | symbol=ACA.PA | instrument_id=1232
2026-07-17 07:00:05,394 | INFO | app.brokers.etoro.etoro_client | Selected eToro instrument | symbol=DSY.PA | instrument_id=5001
2026-07-17 07:00:05,523 | INFO | app.brokers.etoro.etoro_client | Selected eToro instrument | symbol=EDEN.PA | instrument_id=5761
2026-07-17 07:00:05,650 | INFO | app.brokers.etoro.etoro_client | Selected eToro instrument | symbol=EL.PA | instrument_id=1244
2026-07-17 07:00:05,858 | INFO | app.brokers.etoro.etoro_client | Selected eToro instrument | symbol=RMS.PA | instrument_id=1978
2026-07-17 07:00:05,991 | INFO | app.brokers.etoro.etoro_client | Selected eToro instrument | symbol=KER.PA | instrument_id=1250
2026-07-17 07:00:06,135 | INFO | app.brokers.etoro.etoro_client | Selected eToro instrument | symbol=OR.PA | instrument_id=1256
2026-07-17 07:00:06,281 | INFO | app.brokers.etoro.etoro_client | Selected eToro instrument | symbol=LR.PA | instrument_id=1252
2026-07-17 07:00:06,436 | INFO | app.brokers.etoro.etoro_client | Selected eToro instrument | symbol=MC.PA | instrument_id=1253
2026-07-17 07:00:06,712 | INFO | app.brokers.etoro.etoro_client | Selected eToro instrument | symbol=ML.PA | instrument_id=1254
2026-07-17 07:00:06,962 | INFO | app.brokers.etoro.etoro_client | Selected eToro instrument | symbol=RI.PA | instrument_id=1259
2026-07-17 07:00:07,203 | INFO | app.brokers.etoro.etoro_client | Selected eToro instrument | symbol=PUB.PA | instrument_id=1258
2026-07-17 07:00:07,328 | INFO | app.brokers.etoro.etoro_client | Selected eToro instrument | symbol=RNO.PA | instrument_id=1260
2026-07-17 07:00:07,572 | INFO | app.brokers.etoro.etoro_client | Selected eToro instrument | symbol=SAF.PA | instrument_id=1261
2026-07-17 07:00:07,708 | INFO | app.brokers.etoro.etoro_client | Selected eToro instrument | symbol=SGO.PA | instrument_id=1263
2026-07-17 07:00:07,850 | INFO | app.brokers.etoro.etoro_client | Selected eToro instrument | symbol=SAN.PA | instrument_id=1262
2026-07-17 07:00:07,983 | INFO | app.brokers.etoro.etoro_client | Selected eToro instrument | symbol=SU.PA | instrument_id=1265
2026-07-17 07:00:08,119 | INFO | app.brokers.etoro.etoro_client | Selected eToro instrument | symbol=GLE.PA | instrument_id=1248
2026-07-17 07:00:08,241 | INFO | app.brokers.etoro.etoro_client | Selected eToro instrument | symbol=WLN.PA | instrument_id=5779
2026-07-17 07:00:08,371 | INFO | app.brokers.etoro.etoro_client | Selected eToro instrument | symbol=HO.PA | instrument_id=5040
2026-07-17 07:00:08,556 | INFO | app.brokers.etoro.etoro_client | Selected eToro instrument | symbol=TTE.PA | instrument_id=1246
2026-07-17 07:00:08,705 | INFO | app.brokers.etoro.etoro_client | Selected eToro instrument | symbol=URW.PA | instrument_id=4548
2026-07-17 07:00:08,924 | INFO | app.brokers.etoro.etoro_client | Selected eToro instrument | symbol=DG.PA | instrument_id=1242
2026-07-17 07:00:09,170 | INFO | app.brokers.etoro.etoro_client | Selected eToro instrument | symbol=ADS.DE | instrument_id=1215
2026-07-17 07:00:09,317 | INFO | app.brokers.etoro.etoro_client | Selected eToro instrument | symbol=ALV.DE | instrument_id=1204
2026-07-17 07:00:09,537 | INFO | app.brokers.etoro.etoro_client | Selected eToro instrument | symbol=BAS.DE | instrument_id=1201
2026-07-17 07:00:09,675 | INFO | app.brokers.etoro.etoro_client | Selected eToro instrument | symbol=BAYN.DE | instrument_id=1203
2026-07-17 07:00:09,906 | INFO | app.brokers.etoro.etoro_client | Selected eToro instrument | symbol=BMW.DE | instrument_id=1211
2026-07-17 07:00:10,038 | INFO | app.brokers.etoro.etoro_client | Selected eToro instrument | symbol=CBK.DE | instrument_id=1223
2026-07-17 07:00:10,158 | INFO | app.brokers.etoro.etoro_client | Selected eToro instrument | symbol=CON.DE | instrument_id=1228
2026-07-17 07:00:10,289 | INFO | app.brokers.etoro.etoro_client | Selected eToro instrument | symbol=DBK.DE | instrument_id=1995
2026-07-17 07:00:10,523 | INFO | app.brokers.etoro.etoro_client | Selected eToro instrument | symbol=DB1.DE | instrument_id=1219
2026-07-17 07:00:10,666 | INFO | app.brokers.etoro.etoro_client | Selected eToro instrument | symbol=EOAN.DE | instrument_id=1205
2026-07-17 07:00:10,796 | INFO | app.brokers.etoro.etoro_client | Selected eToro instrument | symbol=HEI.DE | instrument_id=1226
2026-07-17 07:00:11,135 | INFO | app.brokers.etoro.etoro_client | Selected eToro instrument | symbol=IFX.DE | instrument_id=1221
2026-07-17 07:00:11,275 | INFO | app.brokers.etoro.etoro_client | Selected eToro instrument | symbol=MBG.DE | instrument_id=1206
2026-07-17 07:00:11,413 | INFO | app.brokers.etoro.etoro_client | Selected eToro instrument | symbol=MUV2.DE | instrument_id=1212
2026-07-17 07:00:11,546 | INFO | app.brokers.etoro.etoro_client | Selected eToro instrument | symbol=RWE.DE | instrument_id=1213
2026-07-17 07:00:11,749 | INFO | app.brokers.etoro.etoro_client | Selected eToro instrument | symbol=SAP.DE | instrument_id=1202
2026-07-17 07:00:11,900 | INFO | app.brokers.etoro.etoro_client | Selected eToro instrument | symbol=SIE.DE | instrument_id=1200
2026-07-17 07:00:12,032 | INFO | app.brokers.etoro.etoro_client | Selected eToro instrument | symbol=VOW3.DE | instrument_id=1210
2026-07-17 07:00:12,164 | INFO | app.brokers.etoro.etoro_client | Selected eToro instrument | symbol=BBVA.MC | instrument_id=1316
2026-07-17 07:00:12,296 | INFO | app.brokers.etoro.etoro_client | Selected eToro instrument | symbol=CABK.MC | instrument_id=1320
2026-07-17 07:00:12,419 | INFO | app.brokers.etoro.etoro_client | Selected eToro instrument | symbol=CLNX.MC | instrument_id=5838
2026-07-17 07:00:12,553 | INFO | app.brokers.etoro.etoro_client | Selected eToro instrument | symbol=IBE.MC | instrument_id=1330
2026-07-17 07:00:12,733 | INFO | app.brokers.etoro.etoro_client | Selected eToro instrument | symbol=ITX.MC | instrument_id=1332
2026-07-17 07:00:12,859 | INFO | app.brokers.etoro.etoro_client | Selected eToro instrument | symbol=REP.MC | instrument_id=1339
2026-07-17 07:00:12,985 | INFO | app.brokers.etoro.etoro_client | Selected eToro instrument | symbol=SAN.MC | instrument_id=7615
2026-07-17 07:00:13,105 | INFO | app.brokers.etoro.etoro_client | Selected eToro instrument | symbol=TEF.MC | instrument_id=7622
2026-07-17 07:00:13,347 | INFO | app.brokers.etoro.etoro_client | Selected eToro instrument | symbol=ENEL.MI | instrument_id=1282
2026-07-17 07:00:13,595 | INFO | app.brokers.etoro.etoro_client | Selected eToro instrument | symbol=ENI.MI | instrument_id=1283
2026-07-17 07:00:13,742 | INFO | app.brokers.etoro.etoro_client | Selected eToro instrument | symbol=ISP.MI | instrument_id=1288
2026-07-17 07:00:13,961 | INFO | app.brokers.etoro.etoro_client | Selected eToro instrument | symbol=UCG.MI | instrument_id=1307
2026-07-17 07:00:14,200 | INFO | app.brokers.etoro.etoro_client | Selected eToro instrument | symbol=FRA40 | instrument_id=31
2026-07-17 07:01:06,658 | INFO | __main__ | Runtime heartbeat | active_symbols=60 | snapshots=360 | candles=60 | candidates=0 | orders=0 | open_positions=0 | errors=0
2026-07-17 07:06:08,198 | INFO | __main__ | Runtime heartbeat | active_symbols=60 | snapshots=2099 | candles=360 | candidates=0 | orders=0 | open_positions=0 | errors=0
2026-07-17 07:11:10,129 | INFO | __main__ | Runtime heartbeat | active_symbols=60 | snapshots=3839 | candles=660 | candidates=0 | orders=0 | open_positions=0 | errors=0
2026-07-17 07:16:14,930 | INFO | __main__ | Runtime heartbeat | active_symbols=60 | snapshots=5579 | candles=960 | candidates=0 | orders=0 | open_positions=0 | errors=0
2026-07-17 07:21:16,839 | INFO | __main__ | Runtime heartbeat | active_symbols=60 | snapshots=7319 | candles=1260 | candidates=0 | orders=0 | open_positions=0 | errors=0
2026-07-17 07:26:24,191 | INFO | __main__ | Runtime heartbeat | active_symbols=60 | snapshots=9059 | candles=1560 | candidates=0 | orders=0 | open_positions=0 | errors=0
2026-07-17 07:31:28,680 | INFO | __main__ | Runtime heartbeat | active_symbols=60 | snapshots=10799 | candles=1860 | candidates=0 | orders=0 | open_positions=0 | errors=0
2026-07-17 07:32:10,025 | INFO | app.runtime.symbol_flow | Strategy candidate signal | symbol=CAP.PA | action=BUY | setup_quality=0.8 | reason=trend_bullish_breakout | candle_close=91.84
2026-07-17 07:32:10,028 | INFO | app.runtime.symbol_flow | Trade candidate detected | candidate_id=40459e4515b2d32fcec798f123b24415cb0212db52fe22d65fa964c7154fb504 | symbol=CAP.PA | action=BUY | score=112.7608 | reason=score=112.7608 | base_score=111.8188 | directional_score=111.8188 | market_context_score=0.942 | market_context_components={'benchmark_session': 0.366, 'benchmark_momentum': -0.024, 'breadth': 0.6, 'sector': 0.0, 'market_background': 0.942, 'relative_strength_raw': 2.5829, 'relative_strength_adjustment': 0.0} | multi_timeframe_score=0.0 | multi_timeframe_components={'m5': 0.0, 'm15': 0.0, 'm30': 0.0} | setup_quality=0.8 | setup_quality_bonus=80.0 | exhaustion_penalty=0.0 | late_entry_risk=0.0 | late_entry_severity=LOW | remaining_move_quality=GOOD | exhaustion_components=('near_trade_extreme',) | action=BUY | session_move=0.2839 | trend_strength=0.0859 | breakout=0.1745 | breakdown=0.0 | candle_range=0.1964 | close_position=100.0 | spread=0.0435
2026-07-17 07:32:11,183 | INFO | app.brokers.etoro.etoro_client | Account equity resolved | env=demo | equity=99076.68
2026-07-17 07:32:11,193 | INFO | app.runtime.candidate_flow | Candidate selection | profile=balanced | selected=[] | rejected=[{'symbol': 'CAP.PA', 'reason': 'better_entry_required_at_structure'}]
2026-07-17 07:33:03,249 | INFO | app.runtime.symbol_flow | Strategy candidate signal | symbol=CAP.PA | action=BUY | setup_quality=0.8 | reason=trend_bullish_breakout | candle_close=92.02
2026-07-17 07:33:03,252 | INFO | app.runtime.symbol_flow | Trade candidate detected | candidate_id=641a0d6977c6dfdf0e9da8e4d3a3ba75e7f39f93edf909e9f5808fc4fd9521cd | symbol=CAP.PA | action=BUY | score=115.2598 | reason=score=115.2598 | base_score=114.1918 | directional_score=114.1918 | market_context_score=1.068 | market_context_components={'benchmark_session': 0.3846, 'benchmark_momentum': -0.0168, 'breadth': 0.7002, 'sector': 0.0, 'market_background': 1.068, 'relative_strength_raw': 2.9328, 'relative_strength_adjustment': 0.0} | multi_timeframe_score=0.0 | multi_timeframe_components={'m5': 0.0, 'm15': 0.0, 'm30': 0.0} | setup_quality=0.8 | setup_quality_bonus=80.0 | exhaustion_penalty=0.0 | late_entry_risk=0.0 | late_entry_severity=LOW | remaining_move_quality=GOOD | exhaustion_components=('near_trade_extreme',) | action=BUY | session_move=0.2615 | trend_strength=0.1689 | breakout=0.196 | breakdown=0.0 | candle_range=0.087 | close_position=100.0 | spread=0.0652
2026-07-17 07:33:03,500 | INFO | app.brokers.etoro.etoro_client | Account equity resolved | env=demo | equity=99076.68
2026-07-17 07:33:03,509 | INFO | app.runtime.candidate_flow | Candidate selection | profile=balanced | selected=[] | rejected=[{'symbol': 'CAP.PA', 'reason': 'better_entry_required_at_structure'}]
2026-07-17 07:34:05,530 | INFO | app.runtime.symbol_flow | Strategy candidate signal | symbol=DG.PA | action=SELL | setup_quality=0.8 | reason=trend_bearish_breakdown | candle_close=118.95
2026-07-17 07:34:05,533 | INFO | app.runtime.symbol_flow | Trade candidate detected | candidate_id=6f0cc75d75be6c60b6f4969676abb813b77c97fca5d151cd3dcb1ce70afa81f6 | symbol=DG.PA | action=SELL | score=104.2245 | reason=score=104.2245 | base_score=123.1224 | directional_score=105.1224 | market_context_score=-0.8979 | market_context_components={'benchmark_session': -0.3381, 'benchmark_momentum': -0.0599, 'breadth': -0.4998, 'sector': 0.0, 'market_background': -0.8979, 'relative_strength_raw': 8.242, 'relative_strength_adjustment': 0.0} | multi_timeframe_score=0.0 | multi_timeframe_components={'m5': 0.0, 'm15': 0.0, 'm30': 0.0} | setup_quality=0.8 | setup_quality_bonus=80.0 | exhaustion_penalty=0.0 | late_entry_risk=0.0 | late_entry_severity=LOW | sell_specific_penalty=18.0 | sell_components=['breakdown_ok', 'weak_short_snapshot_momentum', 'sell_close_quality_ok'] | breakdown_strength=0.1679 | short_snapshot_momentum=0.2097 | sell_close_quality=100.0 | remaining_move_quality=GOOD | exhaustion_components=('near_trade_extreme',) | action=SELL | session_move=-1.0811 | trend_strength=-0.0755 | breakout=0.0 | breakdown=0.1679 | candle_range=0.2097 | close_position=0.0 | spread=0.042
2026-07-17 07:34:06,048 | INFO | app.brokers.etoro.etoro_client | Account equity resolved | env=demo | equity=99076.68
2026-07-17 07:34:06,060 | INFO | app.runtime.candidate_flow | Candidate selection | profile=balanced | selected=[] | rejected=[{'symbol': 'DG.PA', 'reason': 'better_entry_required_at_structure'}]
